2020-12-08 14:19:54|   0.1|  0.1|INFORM|FME 2020.1.0.1 (20200710 - Build 20596 - WIN64)
2020-12-08 14:19:54|   0.1|  0.0|INFORM|FME_HOME is 'C:\Program Files\FME\'
2020-12-08 14:19:54|   0.1|  0.0|INFORM|FME Home Edition (node locked-crc)
2020-12-08 14:19:54|   0.1|  0.0|INFORM|Serial Number: 0
2020-12-08 14:19:54|   0.1|  0.0|INFORM|Temporary License: 298 days left.
2020-12-08 14:19:54|   0.1|  0.0|INFORM|Machine host name is: BG-ABAZIN
2020-12-08 14:19:54|   0.1|  0.0|INFORM|START - ProcessID: 16536, peak process memory usage: 39068 kB, current process memory usage: 38952 kB
2020-12-08 14:19:54|   0.1|  0.0|INFORM|FME Configuration: Command line arguments are `C:\Program Files\FME\fme.exe' `C:/Users/abazin/Documents/3 - Formation/FME/Tutos/Tuto - Attributs de listes\wb-xlate-1607433592921_14268' `LOG_STANDARDOUT' `YES' `LogCountServerName' `{df44ca30-b9d9-40e3-b6a9-2abf141be779}' `LOG_TIMINGS' `Yes'
2020-12-08 14:19:54|   0.1|  0.0|INFORM|FME Configuration: Connection Storage: 'C:\Users\abazin\AppData\Roaming\Safe Software\FME\'
2020-12-08 14:19:56|   1.5|  1.4|INFORM|Shared folders for formats are : C:\Program Files\FME\datasources;C:\Users\abazin\Documents\FME\Formats
2020-12-08 14:19:56|   1.5|  0.0|INFORM|Shared folders for transformers are : C:\Users\abazin\AppData\Roaming\Safe Software\FME\Packages\20596-win64\transformers;C:\Program Files\FME\transformers;C:\Users\abazin\AppData\Roaming\Safe Software\FME\FME Store\Transformers
2020-12-08 14:19:56|   1.5|  0.0|INFORM|Shared folders for coordinate systems are : C:\Users\abazin\Documents\FME\CoordinateSystems
2020-12-08 14:19:56|   1.5|  0.0|INFORM|Shared folders for coordinate system exceptions are : C:\Users\abazin\Documents\FME\CoordinateSystemExceptions
2020-12-08 14:19:56|   1.5|  0.0|INFORM|Shared folders for coordinate system grid overrides are : C:\Users\abazin\Documents\FME\CoordinateSystemGridOverrides
2020-12-08 14:19:56|   1.5|  0.0|INFORM|Shared folders for CS-MAP transformation exceptions are : C:\Users\abazin\Documents\FME\CsmapTransformationExceptions
2020-12-08 14:19:56|   1.5|  0.0|INFORM|Shared folders for transformer categories are : C:\Users\abazin\Documents\FME\TransformerCategories
2020-12-08 14:19:56|   1.5|  0.0|INFORM|FME Configuration: Reader Keyword is `MULTI_READER'
2020-12-08 14:19:56|   1.5|  0.0|INFORM|FME Configuration: Writer Keyword is `NULL_DEST'
2020-12-08 14:19:56|   1.5|  0.0|INFORM|FME Configuration: Writer Group Definition Keyword is `NULL_DEST_DEF'
2020-12-08 14:19:56|   1.5|  0.0|INFORM|FME Configuration: Reader type is `MULTI_READER'
2020-12-08 14:19:56|   1.5|  0.0|INFORM|FME Configuration: Writer type is `NULL'
2020-12-08 14:19:56|   1.5|  0.0|INFORM|FME Configuration: No destination coordinate system set
2020-12-08 14:19:56|   1.5|  0.0|INFORM|FME Configuration: Current working folder is `C:\Users\abazin\Documents\3 - Formation\FME\Tutos\Tuto - Attributs de listes'
2020-12-08 14:19:56|   1.5|  0.0|INFORM|FME Configuration: Temporary folder is `C:\Users\abazin\AppData\Local\Temp\wbrun_1607426636046_14268\fmetmp_1607433592955_14268', set from environment variable `FME_TEMP'
2020-12-08 14:19:56|   1.5|  0.0|INFORM|FME Configuration: FME_HOME is `C:\Program Files\FME\'
2020-12-08 14:19:56|   1.5|  0.0|INFORM|FME Configuration: FME_BASE is 'no'
2020-12-08 14:19:56|   1.5|  0.0|INFORM|FME Configuration: FME_MF_DIR is 'C:\Users\abazin\Documents\3 - Formation\FME\Tutos\Tuto - Attributs de listes/'
2020-12-08 14:19:56|   1.5|  0.0|INFORM|FME Configuration: FME_MF_NAME is 'Tuto - Attributs de listes.fmw'
2020-12-08 14:19:56|   1.5|  0.0|INFORM|FME Configuration: FME_PRODUCT_NAME is 'FME(R) 2020.1.0.1'
2020-12-08 14:19:56|   1.5|  0.0|INFORM|System Status: 252.83 GB of disk space available in the FME temporary folder (C:\Users\abazin\AppData\Local\Temp\wbrun_1607426636046_14268\fmetmp_1607433592955_14268)
2020-12-08 14:19:56|   1.5|  0.0|INFORM|System Status: 7.89 GB of physical memory available
2020-12-08 14:19:56|   1.5|  0.0|INFORM|System Status: 31.54 GB of virtual memory available
2020-12-08 14:19:56|   1.5|  0.0|INFORM|Operating System: Microsoft Windows 10 64-bit  (Build 19041)
2020-12-08 14:19:56|   1.5|  0.0|INFORM|FME Platform: WIN64
2020-12-08 14:19:56|   1.5|  0.0|INFORM|Locale: fr_FR
2020-12-08 14:19:56|   1.5|  0.0|INFORM|System Encoding: windows-1252
2020-12-08 14:19:56|   1.5|  0.0|INFORM|FME Configuration: Start freeing memory when the process exceeds 23.66 GB
2020-12-08 14:19:56|   1.5|  0.0|INFORM|FME Configuration: Stop freeing memory when the process is below 17.74 GB
2020-12-08 14:19:56|   1.6|  0.1|INFORM|Creating writer for format: NULL (Nothing)
2020-12-08 14:19:56|   1.6|  0.0|INFORM|Trying to find a DYNAMIC plugin for writer named `NULL'
2020-12-08 14:19:56|   1.6|  0.0|INFORM|Loaded module 'NULL' from file 'C:\Program Files\FME\plugins/NULL.dll'
2020-12-08 14:19:56|   1.6|  0.0|INFORM|FME API version of module 'NULL' matches current internal version (3.8 20200115)
2020-12-08 14:19:56|   1.6|  0.0|INFORM|Creating reader for format: 
2020-12-08 14:19:56|   1.6|  0.0|INFORM|MULTI_READER(MULTI_READER): Will fail with first member reader failure
2020-12-08 14:19:56|   1.6|  0.0|INFORM|Using Multi Reader with keyword `MULTI_READER' to read multiple datasets
2020-12-08 14:19:56|   1.6|  0.0|INFORM|FME API version of module 'NULL' matches current internal version (3.8 20200115)
2020-12-08 14:19:56|   1.6|  0.0|INFORM|FME API version of module 'NULL' matches current internal version (3.8 20200115)
2020-12-08 14:19:56|   1.6|  0.0|INFORM|Loaded module 'LogCount_func' from file 'C:\Program Files\FME\plugins/LogCount_func.dll'
2020-12-08 14:19:56|   1.6|  0.0|INFORM|FME API version of module 'LogCount_func' matches current internal version (3.8 20200115)
2020-12-08 14:19:56|   1.6|  0.0|INFORM|Emptying factory pipeline
2020-12-08 14:19:56|   1.6|  0.0|STATS |Router and Unexpected Input Remover (RoutingFactory): Tested 0 input feature(s), wrote 0 output feature(s): 0 matched merge filters, 0 were routed to output, 0 could not be routed.
2020-12-08 14:19:56|   1.6|  0.0|STATS |Unexpected Input Remover Nuker (TeeFactory): Cloned 0 input feature(s) into 0 output feature(s)
2020-12-08 14:19:56|   1.6|  0.0|STATS |data_list_CSV2_1 Splitter (TeeFactory): Cloned 0 input feature(s) into 0 output feature(s)
2020-12-08 14:19:56|   1.6|  0.0|STATS |data_list_2_CSV2_2 Splitter (TeeFactory): Cloned 0 input feature(s) into 0 output feature(s)
2020-12-08 14:19:56|   1.6|  0.0|STATS |Restoring 5 feature(s) from FME feature store file `C:\Users\abazin\AppData\Local\Temp\wb-cache-Tuto - Attributs de listes-upTnMn\Main_ListBuilder_2 -1 37 fo 0 OUTPUT  0  b74bbb0ae4f463baddf5626b75016413a1547b5b.ffs'
2020-12-08 14:19:56|   1.6|  0.0|STATS |Storing feature(s) to FME feature store file `C:\Users\abazin\AppData\Local\Temp\wb-cache-Tuto - Attributs de listes-upTnMn\Main_ListRangeExtractor_2 -1 41 fo 0 OUTPUT  0  98f8303d74fb380cd2d093720a07c65c54b628b6.ffsupdating'
2020-12-08 14:19:56|   1.7|  0.0|INFORM|ListBuilder_2_OUTPUT_-1_42_Player (RecorderFactory): Played back 5 feature(s) from file `C:\Users\abazin\AppData\Local\Temp\wb-cache-Tuto - Attributs de listes-upTnMn\Main_ListBuilder_2 -1 37 fo 0 OUTPUT  0  b74bbb0ae4f463baddf5626b75016413a1547b5b.ffs'
2020-12-08 14:19:56|   1.7|  0.0|STATS |ListRangeExtractor_2 (TeeFactory): Cloned 5 input feature(s) into 5 output feature(s)
2020-12-08 14:19:56|   1.7|  0.0|STATS |Stored 5 feature(s) to FME feature store file `C:\Users\abazin\AppData\Local\Temp\wb-cache-Tuto - Attributs de listes-upTnMn\Main_ListRangeExtractor_2 -1 41 fo 0 OUTPUT  0  98f8303d74fb380cd2d093720a07c65c54b628b6.ffsupdating'
2020-12-08 14:19:56|   1.7|  0.0|INFORM|Saving spatial index into file 'C:\Users\abazin\AppData\Local\Temp\wb-cache-Tuto - Attributs de listes-upTnMn\Main_ListRangeExtractor_2 -1 41 fo 0 OUTPUT  0  98f8303d74fb380cd2d093720a07c65c54b628b6.fsi'
2020-12-08 14:19:56|   1.7|  0.0|INFORM|Finished saving spatial index into file 'C:\Users\abazin\AppData\Local\Temp\wb-cache-Tuto - Attributs de listes-upTnMn\Main_ListRangeExtractor_2 -1 41 fo 0 OUTPUT  0  98f8303d74fb380cd2d093720a07c65c54b628b6.fsi'
2020-12-08 14:19:56|   1.7|  0.0|STATS |ListRangeExtractor_2_OUTPUT Feature Counter -1 2147614761 (TeeFactory): Cloned 5 input feature(s) into 0 output feature(s)
2020-12-08 14:19:56|   1.7|  0.0|STATS |Destination Feature Type Routing Correlator (RoutingFactory): Tested 0 input feature(s), wrote 0 output feature(s): 0 matched merge filters, 0 were routed to output, 0 could not be routed.
2020-12-08 14:19:56|   1.7|  0.0|STATS |Final Output Nuker (TeeFactory): Cloned 0 input feature(s) into 0 output feature(s)
2020-12-08 14:19:56|   1.7|  0.0|STATS |=-=-=-=-=-=-=-=-=-=-=-=-=-=-=-=-=-=-=-=-=-=-=-=-=-=-=-=-=-=-=-=-=-=-=-=-=-=-=-
2020-12-08 14:19:56|   1.7|  0.0|STATS |                            Features Read Summary
2020-12-08 14:19:56|   1.7|  0.0|STATS |=-=-=-=-=-=-=-=-=-=-=-=-=-=-=-=-=-=-=-=-=-=-=-=-=-=-=-=-=-=-=-=-=-=-=-=-=-=-=-
2020-12-08 14:19:56|   1.7|  0.0|STATS |==============================================================================
2020-12-08 14:19:56|   1.7|  0.0|STATS |Total Features Read                                                          0
2020-12-08 14:19:56|   1.7|  0.0|STATS |=-=-=-=-=-=-=-=-=-=-=-=-=-=-=-=-=-=-=-=-=-=-=-=-=-=-=-=-=-=-=-=-=-=-=-=-=-=-=-
2020-12-08 14:19:56|   1.7|  0.0|STATS |=-=-=-=-=-=-=-=-=-=-=-=-=-=-=-=-=-=-=-=-=-=-=-=-=-=-=-=-=-=-=-=-=-=-=-=-=-=-=-
2020-12-08 14:19:56|   1.7|  0.0|STATS |                           Features Written Summary
2020-12-08 14:19:56|   1.7|  0.0|STATS |=-=-=-=-=-=-=-=-=-=-=-=-=-=-=-=-=-=-=-=-=-=-=-=-=-=-=-=-=-=-=-=-=-=-=-=-=-=-=-
2020-12-08 14:19:56|   1.7|  0.0|STATS |==============================================================================
2020-12-08 14:19:56|   1.7|  0.0|STATS |Total Features Written                                                       0
2020-12-08 14:19:56|   1.7|  0.0|STATS |=-=-=-=-=-=-=-=-=-=-=-=-=-=-=-=-=-=-=-=-=-=-=-=-=-=-=-=-=-=-=-=-=-=-=-=-=-=-=-
2020-12-08 14:19:56|   1.7|  0.0|WARN  |-~-~-~-~-~-~-~-~-~-~-~-~-~-~-~-~-~-~-~-~-~-~-~-~-~-~-~-~-~-~-~-~-~-~-~-~-~-~-~-~-
2020-12-08 14:19:56|   1.7|  0.0|WARN  |-~                                                                             ~-
2020-12-08 14:19:56|   1.7|  0.0|WARN  |-~    Feature caches have been recorded at every stage of the translation.     ~-
2020-12-08 14:19:56|   1.7|  0.0|WARN  |-~                      To inspect the recorded features,                      ~-
2020-12-08 14:19:56|   1.7|  0.0|WARN  |-~              click the feature cache icons next to the ports.               ~-
2020-12-08 14:19:56|   1.7|  0.0|WARN  |-~                                                                             ~-
2020-12-08 14:19:56|   1.7|  0.0|WARN  |-~-~-~-~-~-~-~-~-~-~-~-~-~-~-~-~-~-~-~-~-~-~-~-~-~-~-~-~-~-~-~-~-~-~-~-~-~-~-~-~-
2020-12-08 14:19:56|   1.7|  0.0|INFORM|Translation was SUCCESSFUL with 7 warning(s) (0 feature(s) output)
2020-12-08 14:19:56|   1.7|  0.0|INFORM|FME Session Duration: 1.8 seconds. (CPU: 0.2s user, 0.3s system)
2020-12-08 14:19:56|   1.7|  0.0|INFORM|END - ProcessID: 16536, peak process memory usage: 46944 kB, current process memory usage: 46944 kB
