2021-10-20 14:34:29|   0.0|  0.0|INFORM|FME 2021.1.0.0 (20210630 - Build 21607 - WIN64)
2021-10-20 14:34:29|   0.0|  0.0|INFORM|FME_HOME is 'C:\Program Files\FME\'
2021-10-20 14:34:29|   0.0|  0.0|INFORM|FME Home Edition (node locked-crc)
2021-10-20 14:34:29|   0.0|  0.0|INFORM|Serial Number: 0
2021-10-20 14:34:29|   0.0|  0.0|INFORM|Temporary License: 351 days left.
2021-10-20 14:34:29|   0.0|  0.0|INFORM|Machine host name is: BG-ABAZIN
2021-10-20 14:34:29|   0.0|  0.0|INFORM|Locale: fr_FR
2021-10-20 14:34:29|   0.0|  0.0|INFORM|System Encoding: windows-1252
2021-10-20 14:34:29|   0.0|  0.0|INFORM|FME Configuration: FME_BASE is 'no'
2021-10-20 14:34:29|   0.0|  0.0|INFORM|FME Configuration: FME_MF_DIR is 'C:\Users\abazin\Documents\1 - BG\FME\Formation\Tutos\Tuto - Géocodage et JSON/'
2021-10-20 14:34:29|   0.0|  0.0|INFORM|FME Configuration: FME_MF_NAME is 'Tuto - Geocodage et JSON.fmw'
2021-10-20 14:34:29|   0.0|  0.0|INFORM|FME Configuration: FME_PRODUCT_NAME is 'FME(R) 2021.1.0.0'
2021-10-20 14:34:29|   0.0|  0.0|INFORM|Operating System: Microsoft Windows 10 64-bit  (Build 19044)
2021-10-20 14:34:29|   0.0|  0.0|INFORM|FME Platform: WIN64
2021-10-20 14:34:29|   0.0|  0.0|INFORM|System Status: 94.53 GB of disk space available in the FME temporary folder (C:\Users\abazin\AppData\Local\Temp\wbrun_1634731550948_17732\fmetmp_0)
2021-10-20 14:34:29|   0.0|  0.0|INFORM|System Status: 7.89 GB of physical memory available
2021-10-20 14:34:29|   0.0|  0.0|INFORM|System Status: 31.54 GB of virtual memory available
2021-10-20 14:34:29|   0.0|  0.0|INFORM|START - ProcessID: 15896, peak process memory usage: 41432 kB, current process memory usage: 41432 kB
2021-10-20 14:34:29|   0.0|  0.0|INFORM|FME Configuration: Command line arguments are `C:\Program Files\FME\fme.exe' `C:/Users/abazin/Documents/1 - BG/FME/Formation/Tutos/Tuto - Géocodage et JSON\wb-xlate-1634733263846_17732' `LOG_STANDARDOUT' `YES' `LogCountServerName' `{0eb91b1e-3bac-4de7-8946-062b38dc7227}' `LOG_TIMINGS' `Yes'
2021-10-20 14:34:29|   0.0|  0.0|INFORM|FME Configuration: Connection Storage: 'C:\Users\abazin\AppData\Roaming\Safe Software\FME\'
2021-10-20 14:34:29|   0.2|  0.2|INFORM|Shared folders for formats are : C:\Program Files\FME\datasources;C:\Users\abazin\Documents\FME\Formats
2021-10-20 14:34:29|   0.2|  0.0|INFORM|Shared folders for transformers are : C:\Users\abazin\AppData\Roaming\Safe Software\FME\Packages\21607-win64\transformers;C:\Program Files\FME\transformers;C:\Users\abazin\AppData\Roaming\Safe Software\FME\FME Store\Transformers
2021-10-20 14:34:29|   0.2|  0.0|INFORM|Shared folders for coordinate systems are : C:\Users\abazin\Documents\FME\CoordinateSystems
2021-10-20 14:34:29|   0.2|  0.0|INFORM|Shared folders for coordinate system exceptions are : C:\Users\abazin\Documents\FME\CoordinateSystemExceptions
2021-10-20 14:34:29|   0.2|  0.0|INFORM|Shared folders for coordinate system grid overrides are : C:\Users\abazin\Documents\FME\CoordinateSystemGridOverrides
2021-10-20 14:34:29|   0.2|  0.0|INFORM|Shared folders for CS-MAP transformation exceptions are : C:\Users\abazin\Documents\FME\CsmapTransformationExceptions
2021-10-20 14:34:29|   0.2|  0.0|INFORM|Shared folders for transformer categories are : C:\Users\abazin\Documents\FME\TransformerCategories
2021-10-20 14:34:29|   0.2|  0.0|INFORM|FME Configuration: Reader Keyword is `MULTI_READER'
2021-10-20 14:34:29|   0.2|  0.0|INFORM|FME Configuration: Writer Keyword is `NULL_DEST'
2021-10-20 14:34:29|   0.2|  0.0|INFORM|FME Configuration: Writer Group Definition Keyword is `NULL_DEST_DEF'
2021-10-20 14:34:29|   0.2|  0.0|INFORM|FME Configuration: Reader type is `MULTI_READER'
2021-10-20 14:34:29|   0.2|  0.0|INFORM|FME Configuration: Writer type is `NULL'
2021-10-20 14:34:29|   0.2|  0.0|INFORM|FME Configuration: No destination coordinate system set
2021-10-20 14:34:29|   0.2|  0.0|INFORM|FME Configuration: Current working folder is `C:\Users\abazin\Documents\1 - BG\FME\Formation\Tutos\Tuto - Géocodage et JSON'
2021-10-20 14:34:29|   0.2|  0.0|INFORM|FME Configuration: Temporary folder is `C:\Users\abazin\AppData\Local\Temp\wbrun_1634731550948_17732\fmetmp_0', set from environment variable `FME_TEMP'
2021-10-20 14:34:29|   0.2|  0.0|INFORM|FME Configuration: Cache folder is 'C:\Users\abazin\AppData\Local\Temp'
2021-10-20 14:34:29|   0.2|  0.0|INFORM|FME Configuration: FME_HOME is `C:\Program Files\FME\'
2021-10-20 14:34:29|   0.2|  0.0|INFORM|FME Configuration: Start freeing memory when the process exceeds 23.66 GB
2021-10-20 14:34:29|   0.2|  0.0|INFORM|FME Configuration: Stop freeing memory when the process is below 17.74 GB
2021-10-20 14:34:29|   0.2|  0.0|INFORM|Creating writer for format: NULL (Nothing)
2021-10-20 14:34:29|   0.3|  0.1|INFORM|Trying to find a DYNAMIC plugin for writer named `NULL'
2021-10-20 14:34:29|   0.3|  0.0|INFORM|Loaded module 'NULL' from file 'C:\Program Files\FME\plugins/NULL.dll'
2021-10-20 14:34:29|   0.3|  0.0|INFORM|FME API version of module 'NULL' matches current internal version (3.8 20210302)
2021-10-20 14:34:29|   0.3|  0.0|INFORM|Creating reader for format: 
2021-10-20 14:34:29|   0.3|  0.0|INFORM|MULTI_READER(MULTI_READER): Will fail with first member reader failure
2021-10-20 14:34:29|   0.3|  0.0|INFORM|MULTI_READER(MULTI_READER): Adding CSV2 Reader with keyword CSV2_1
2021-10-20 14:34:29|   0.3|  0.0|INFORM|Using Multi Reader with keyword `MULTI_READER' to read multiple datasets
2021-10-20 14:34:30|   0.5|  0.2|INFORM|Creating reader for format: CSV (Comma Separated Value)
2021-10-20 14:34:30|   0.6|  0.1|INFORM|Trying to find a DYNAMIC plugin for reader named `CSV2'
2021-10-20 14:34:30|   0.6|  0.0|INFORM|Loaded module 'CSV2' from file 'C:\Program Files\FME\plugins/CSV2.dll'
2021-10-20 14:34:30|   0.6|  0.0|INFORM|FME API version of module 'CSV2' matches current internal version (3.8 20210302)
2021-10-20 14:34:30|   0.6|  0.0|INFORM|CSV reader: Opening dataset 'C:\Users\abazin\Documents\1 - BG\FME\Formation\Tutos\Tuto - Géocodage et JSON\base_adresse.csv'
2021-10-20 14:34:30|   0.6|  0.0|INFORM|CSV reader: Directive '_DELIMITER' has the value 'auto'
2021-10-20 14:34:30|   0.6|  0.0|INFORM|CSV reader: Directive '_FIELD_NAMES_LINE' has the value '1'
2021-10-20 14:34:30|   0.6|  0.0|INFORM|CSV reader: Directive '_DATA_START_LINE' has the value '2'
2021-10-20 14:34:30|   0.6|  0.0|INFORM|CSV reader: Directive '_SCAN_MAX_ROWS' has the value '10000'
2021-10-20 14:34:30|   0.6|  0.0|INFORM|CSV reader: Directive '_READ_SKIPPED_LINES' has the value 'No'
2021-10-20 14:34:30|   0.6|  0.0|INFORM|CSV reader: Directive '_ENCODING' has the value 'windows-1252'
2021-10-20 14:34:30|   0.6|  0.0|INFORM|CSV reader: Directive 'FME_NAMES_ENCODING' has the value 'windows-1252'
2021-10-20 14:34:30|   0.6|  0.0|INFORM|CSV reader: Directive '_SKIP_DUPLICATE_DELIMITERS' has the value 'No'
2021-10-20 14:34:30|   0.6|  0.0|INFORM|CSV reader: Directive '_FIELD_QUALIFIER_CHARACTER' has the value '"'
2021-10-20 14:34:30|   0.6|  0.0|INFORM|CSV reader: Directive '_FIELD_QUALIFIER_ESCAPE_CHARACTER' has the value '"'
2021-10-20 14:34:30|   0.6|  0.0|INFORM|CSV reader: Directive '_TRIM_FIELD_NAME_QUALIFIERS' has the value 'Yes'
2021-10-20 14:34:30|   0.6|  0.0|INFORM|CSV reader: Directive '_TRIM_FIELD_VALUE_QUALIFIERS' has the value 'Yes'
2021-10-20 14:34:30|   0.6|  0.0|INFORM|CSV reader: Directive '_PRESERVE_SOURCE_ENCODING' has the value 'No'
2021-10-20 14:34:30|   0.6|  0.0|INFORM|CSV reader: Directive '_CASE_SENSITIVE_FIELD_NAMES' has the value 'Yes'
2021-10-20 14:34:30|   0.6|  0.0|INFORM|CSV reader: Directive '_ENFORCE_STRICT_SCHEMA' has the value 'No'
2021-10-20 14:34:30|   0.6|  0.0|INFORM|CSV reader: Directive '_SCAN_TYPES' has the value 'Yes'
2021-10-20 14:34:30|   0.6|  0.0|INFORM|CSV reader: Directive '_SCAN_ADDITIONAL_FIELDS' has the value 'No'
2021-10-20 14:34:30|   0.6|  0.0|INFORM|CSV reader: Directive '_CHUNK_SIZE' has the value '100000'
2021-10-20 14:34:30|   0.6|  0.0|INFORM|FME API version of module 'NULL' matches current internal version (3.8 20210302)
2021-10-20 14:34:30|   0.6|  0.0|INFORM|FME API version of module 'NULL' matches current internal version (3.8 20210302)
2021-10-20 14:34:30|   0.6|  0.0|INFORM|Loaded module 'LogCount_func' from file 'C:\Program Files\FME\plugins/LogCount_func.dll'
2021-10-20 14:34:30|   0.6|  0.0|INFORM|FME API version of module 'LogCount_func' matches current internal version (3.8 20210302)
2021-10-20 14:34:30|   0.6|  0.0|INFORM|Loaded module 'HTTPFactory' from file 'C:\Program Files\FME\plugins/HTTPFactory.dll'
2021-10-20 14:34:30|   0.6|  0.0|INFORM|FME API version of module 'HTTPFactory' matches current internal version (3.8 20210302)
2021-10-20 14:34:30|   0.6|  0.0|INFORM|Loaded module 'JSONQueryFactory' from file 'C:\Program Files\FME\plugins/JSONQueryFactory.dll'
2021-10-20 14:34:30|   0.6|  0.0|INFORM|FME API version of module 'JSONQueryFactory' matches current internal version (3.8 20210302)
2021-10-20 14:34:30|   0.7|  0.1|STATS |Storing feature(s) to FME feature store file `C:\Users\abazin\AppData\Local\Temp\wb-cache-Tuto - Geocodage et JSON-TTMzHD\Main_base_adresse -1 2 -1  0  774e02fe9eff8dcd984657b706722fe6a38d0b41.ffsupdating'
2021-10-20 14:34:30|   0.8|  0.1|INFORM|FFS writer: Writing 4 feature(s) to file 'C:\Users\abazin\AppData\Local\Temp\wb-cache-Tuto - Geocodage et JSON-TTMzHD\Main_base_adresse -1 2 -1  0  774e02fe9eff8dcd984657b706722fe6a38d0b41.fts'
2021-10-20 14:34:30|   0.8|  0.0|STATS |Storing feature(s) to FME feature store file `C:\Users\abazin\AppData\Local\Temp\wb-cache-Tuto - Geocodage et JSON-TTMzHD\Main_Counter -1 20 fo 0 OUTPUT  0  270cd7e8751a9163b5f7e2dc947543e5d8c291ec.ffsupdating'
2021-10-20 14:34:30|   0.8|  0.0|INFORM|FFS writer: Writing 4 feature(s) to file 'C:\Users\abazin\AppData\Local\Temp\wb-cache-Tuto - Geocodage et JSON-TTMzHD\Main_Counter -1 20 fo 0 OUTPUT  0  270cd7e8751a9163b5f7e2dc947543e5d8c291ec.fts'
2021-10-20 14:34:30|   0.8|  0.0|INFORM|HTTPCaller (HTTPFactory): Splitting bulk features into individual features
2021-10-20 14:34:31|   1.8|  1.0|INFORM|HTTPCaller (HTTPFactory): [1]: Starting HTTP download from 'nominatim.openstreetmap.org'
2021-10-20 14:34:31|   1.8|  0.0|INFORM|HTTPCaller (HTTPFactory): [1]: HTTP transfer summary (nominatim.openstreetmap.org): status code: 200, download size: 2326 bytes, DNS lookup time: 225 ms, total transfer time: 1053 ms
2021-10-20 14:34:31|   1.8|  0.0|STATS |Storing feature(s) to FME feature store file `C:\Users\abazin\AppData\Local\Temp\wb-cache-Tuto - Geocodage et JSON-TTMzHD\Main_HTTPCaller -1 5 fo 0 Output  0  6058e903f1dd2373e69e81a214de9fe296670eda.ffsupdating'
2021-10-20 14:34:31|   1.9|  0.1|STATS |Storing feature(s) to FME feature store file `C:\Users\abazin\AppData\Local\Temp\wb-cache-Tuto - Geocodage et JSON-TTMzHD\Main_AttributeManager -1 13 fo 0 OUTPUT  0  75ed63906e513b8b8b1521ceed32439e6ede8fc7.ffsupdating'
2021-10-20 14:34:31|   1.9|  0.0|STATS |Storing feature(s) to FME feature store file `C:\Users\abazin\AppData\Local\Temp\wb-cache-Tuto - Geocodage et JSON-TTMzHD\Main_JSONFragmenter_2 -1 43 fo 0 FRAGMENTS  0  9480682dcc76f8d1640fd04c7585c2f38ae40b06.ffsupdating'
2021-10-20 14:34:32|   2.3|  0.4|INFORM|HTTPCaller (HTTPFactory): [2]: Starting HTTP download from 'nominatim.openstreetmap.org'
2021-10-20 14:34:32|   2.3|  0.0|INFORM|HTTPCaller (HTTPFactory): [2]: HTTP transfer summary (nominatim.openstreetmap.org): status code: 200, download size: 4574 bytes, DNS lookup time: 0 ms, total transfer time: 444 ms
2021-10-20 14:34:32|   2.6|  0.3|INFORM|HTTPCaller (HTTPFactory): [3]: Starting HTTP download from 'nominatim.openstreetmap.org'
2021-10-20 14:34:32|   2.6|  0.0|INFORM|HTTPCaller (HTTPFactory): [3]: HTTP transfer summary (nominatim.openstreetmap.org): status code: 200, download size: 2 bytes, DNS lookup time: 0 ms, total transfer time: 355 ms
2021-10-20 14:34:32|   2.7|  0.1|STATS |Storing feature(s) to FME feature store file `C:\Users\abazin\AppData\Local\Temp\wb-cache-Tuto - Geocodage et JSON-TTMzHD\Main_JSONFragmenter_2 -1 43 fo 1 _lt_REJECTED_gt_  0  ab0929e3e889c3c6daf313a31197f8c7c79ca1f8.ffsupdating'
2021-10-20 14:34:33|   3.2|  0.5|INFORM|HTTPCaller (HTTPFactory): [4]: Starting HTTP download from 'nominatim.openstreetmap.org'
2021-10-20 14:34:33|   3.2|  0.0|INFORM|HTTPCaller (HTTPFactory): [4]: HTTP transfer summary (nominatim.openstreetmap.org): status code: 200, download size: 663 bytes, DNS lookup time: 0 ms, total transfer time: 559 ms
2021-10-20 14:34:33|   3.2|  0.0|INFORM|MULTI_READER(MULTI_READER): Done reading 4 features from 1 readers
2021-10-20 14:34:33|   3.2|  0.0|INFORM|Emptying factory pipeline
2021-10-20 14:34:33|   3.2|  0.0|STATS |Router and Unexpected Input Remover (RoutingFactory): Tested 4 input feature(s), wrote 4 output feature(s): 4 matched merge filters, 4 were routed to output, 0 could not be routed.
2021-10-20 14:34:33|   3.2|  0.0|STATS |Unexpected Input Remover Nuker (TeeFactory): Cloned 0 input feature(s) into 0 output feature(s)
2021-10-20 14:34:33|   3.2|  0.0|STATS |base_adresse_CSV2_1 Splitter (TeeFactory): Cloned 4 input feature(s) into 4 output feature(s)
2021-10-20 14:34:33|   3.2|  0.0|STATS |base_adresse_CSV2_1 Feature Counter -1 24 (TeeFactory): Cloned 4 input feature(s) into 4 output feature(s)
2021-10-20 14:34:33|   3.2|  0.0|STATS |Counter_Rejector (ExecuteFunctionFactory): Executed FME Functions on 4 input feature(s) -- 4 feature(s) completed and 0 feature(s) rejected
2021-10-20 14:34:33|   3.2|  0.0|STATS |Counter OUTPUT Splitter (TeeFactory): Cloned 4 input feature(s) into 8 output feature(s)
2021-10-20 14:34:33|   3.2|  0.0|STATS |Counter_OUTPUT_0_/sTFA1dnbN8= Feature Counter -1 25 (TeeFactory): Cloned 4 input feature(s) into 4 output feature(s)
2021-10-20 14:34:33|   3.2|  0.0|STATS |Counter_OUTPUT_1_bU15iCfwGHA= Feature Counter -1 4 (TeeFactory): Cloned 4 input feature(s) into 4 output feature(s)
2021-10-20 14:34:33|   3.2|  0.0|STATS |HTTPCaller_Output Feature Counter -1 14 (TeeFactory): Cloned 4 input feature(s) into 4 output feature(s)
2021-10-20 14:34:33|   3.2|  0.0|STATS |HTTPCaller_<REJECTED> Feature Counter -1 2147680261 (TeeFactory): Cloned 0 input feature(s) into 0 output feature(s)
2021-10-20 14:34:33|   3.2|  0.0|STATS |AttributeManager OUTPUT Splitter (TeeFactory): Cloned 4 input feature(s) into 8 output feature(s)
2021-10-20 14:34:33|   3.2|  0.0|STATS |AttributeManager_OUTPUT_0_qkWxPTSviNs= Feature Counter -1 16 (TeeFactory): Cloned 4 input feature(s) into 4 output feature(s)
2021-10-20 14:34:33|   3.2|  0.0|STATS |AttributeManager_OUTPUT_1_qYvk7jiZJpI= Feature Counter -1 44 (TeeFactory): Cloned 4 input feature(s) into 4 output feature(s)
2021-10-20 14:34:33|   3.2|  0.0|STATS |Stored 1 feature(s) to FME feature store file `C:\Users\abazin\AppData\Local\Temp\wb-cache-Tuto - Geocodage et JSON-TTMzHD\Main_base_adresse -1 2 -1  0  774e02fe9eff8dcd984657b706722fe6a38d0b41.ffsupdating'
2021-10-20 14:34:33|   3.2|  0.0|INFORM|Saving spatial index into file 'C:\Users\abazin\AppData\Local\Temp\wb-cache-Tuto - Geocodage et JSON-TTMzHD\Main_base_adresse -1 2 -1  0  774e02fe9eff8dcd984657b706722fe6a38d0b41.fsi'
2021-10-20 14:34:33|   3.2|  0.0|INFORM|Finished saving spatial index into file 'C:\Users\abazin\AppData\Local\Temp\wb-cache-Tuto - Geocodage et JSON-TTMzHD\Main_base_adresse -1 2 -1  0  774e02fe9eff8dcd984657b706722fe6a38d0b41.fsi'
2021-10-20 14:34:33|   3.2|  0.0|STATS |Stored 95 feature(s) to FME feature store file `C:\Users\abazin\AppData\Local\Temp\wb-cache-Tuto - Geocodage et JSON-TTMzHD\Main_JSONFragmenter_2 -1 43 fo 0 FRAGMENTS  0  9480682dcc76f8d1640fd04c7585c2f38ae40b06.ffsupdating'
2021-10-20 14:34:33|   3.2|  0.0|INFORM|Saving spatial index into file 'C:\Users\abazin\AppData\Local\Temp\wb-cache-Tuto - Geocodage et JSON-TTMzHD\Main_JSONFragmenter_2 -1 43 fo 0 FRAGMENTS  0  9480682dcc76f8d1640fd04c7585c2f38ae40b06.fsi'
2021-10-20 14:34:33|   3.2|  0.0|INFORM|Finished saving spatial index into file 'C:\Users\abazin\AppData\Local\Temp\wb-cache-Tuto - Geocodage et JSON-TTMzHD\Main_JSONFragmenter_2 -1 43 fo 0 FRAGMENTS  0  9480682dcc76f8d1640fd04c7585c2f38ae40b06.fsi'
2021-10-20 14:34:33|   3.2|  0.0|STATS |Stored 4 feature(s) to FME feature store file `C:\Users\abazin\AppData\Local\Temp\wb-cache-Tuto - Geocodage et JSON-TTMzHD\Main_AttributeManager -1 13 fo 0 OUTPUT  0  75ed63906e513b8b8b1521ceed32439e6ede8fc7.ffsupdating'
2021-10-20 14:34:33|   3.2|  0.0|INFORM|Saving spatial index into file 'C:\Users\abazin\AppData\Local\Temp\wb-cache-Tuto - Geocodage et JSON-TTMzHD\Main_AttributeManager -1 13 fo 0 OUTPUT  0  75ed63906e513b8b8b1521ceed32439e6ede8fc7.fsi'
2021-10-20 14:34:33|   3.2|  0.0|INFORM|Finished saving spatial index into file 'C:\Users\abazin\AppData\Local\Temp\wb-cache-Tuto - Geocodage et JSON-TTMzHD\Main_AttributeManager -1 13 fo 0 OUTPUT  0  75ed63906e513b8b8b1521ceed32439e6ede8fc7.fsi'
2021-10-20 14:34:33|   3.2|  0.0|STATS |Stored 1 feature(s) to FME feature store file `C:\Users\abazin\AppData\Local\Temp\wb-cache-Tuto - Geocodage et JSON-TTMzHD\Main_Counter -1 20 fo 0 OUTPUT  0  270cd7e8751a9163b5f7e2dc947543e5d8c291ec.ffsupdating'
2021-10-20 14:34:33|   3.2|  0.0|INFORM|Saving spatial index into file 'C:\Users\abazin\AppData\Local\Temp\wb-cache-Tuto - Geocodage et JSON-TTMzHD\Main_Counter -1 20 fo 0 OUTPUT  0  270cd7e8751a9163b5f7e2dc947543e5d8c291ec.fsi'
2021-10-20 14:34:33|   3.2|  0.0|INFORM|Finished saving spatial index into file 'C:\Users\abazin\AppData\Local\Temp\wb-cache-Tuto - Geocodage et JSON-TTMzHD\Main_Counter -1 20 fo 0 OUTPUT  0  270cd7e8751a9163b5f7e2dc947543e5d8c291ec.fsi'
2021-10-20 14:34:33|   3.2|  0.0|STATS |Stored 4 feature(s) to FME feature store file `C:\Users\abazin\AppData\Local\Temp\wb-cache-Tuto - Geocodage et JSON-TTMzHD\Main_HTTPCaller -1 5 fo 0 Output  0  6058e903f1dd2373e69e81a214de9fe296670eda.ffsupdating'
2021-10-20 14:34:33|   3.2|  0.0|INFORM|Saving spatial index into file 'C:\Users\abazin\AppData\Local\Temp\wb-cache-Tuto - Geocodage et JSON-TTMzHD\Main_HTTPCaller -1 5 fo 0 Output  0  6058e903f1dd2373e69e81a214de9fe296670eda.fsi'
2021-10-20 14:34:33|   3.2|  0.0|INFORM|Finished saving spatial index into file 'C:\Users\abazin\AppData\Local\Temp\wb-cache-Tuto - Geocodage et JSON-TTMzHD\Main_HTTPCaller -1 5 fo 0 Output  0  6058e903f1dd2373e69e81a214de9fe296670eda.fsi'
2021-10-20 14:34:33|   3.2|  0.0|STATS |Stored 1 feature(s) to FME feature store file `C:\Users\abazin\AppData\Local\Temp\wb-cache-Tuto - Geocodage et JSON-TTMzHD\Main_JSONFragmenter_2 -1 43 fo 1 _lt_REJECTED_gt_  0  ab0929e3e889c3c6daf313a31197f8c7c79ca1f8.ffsupdating'
2021-10-20 14:34:33|   3.2|  0.0|INFORM|Saving spatial index into file 'C:\Users\abazin\AppData\Local\Temp\wb-cache-Tuto - Geocodage et JSON-TTMzHD\Main_JSONFragmenter_2 -1 43 fo 1 _lt_REJECTED_gt_  0  ab0929e3e889c3c6daf313a31197f8c7c79ca1f8.fsi'
2021-10-20 14:34:33|   3.2|  0.0|INFORM|Finished saving spatial index into file 'C:\Users\abazin\AppData\Local\Temp\wb-cache-Tuto - Geocodage et JSON-TTMzHD\Main_JSONFragmenter_2 -1 43 fo 1 _lt_REJECTED_gt_  0  ab0929e3e889c3c6daf313a31197f8c7c79ca1f8.fsi'
2021-10-20 14:34:33|   3.2|  0.0|STATS |JSONFragmenter_2_FRAGMENTS Feature Counter -1 2147614763 (TeeFactory): Cloned 95 input feature(s) into 0 output feature(s)
2021-10-20 14:34:33|   3.2|  0.0|STATS |JSONFragmenter_2_<REJECTED> Feature Counter -1 2147680299 (TeeFactory): Cloned 1 input feature(s) into 0 output feature(s)
2021-10-20 14:34:33|   3.2|  0.0|STATS |Destination Feature Type Routing Correlator (RoutingFactory): Tested 8 input feature(s), wrote 8 output feature(s): 0 matched merge filters, 0 were routed to output, 8 could not be routed.
2021-10-20 14:34:33|   3.2|  0.0|STATS |Final Output Nuker (TeeFactory): Cloned 8 input feature(s) into 0 output feature(s)
2021-10-20 14:34:33|   3.2|  0.0|STATS |=-=-=-=-=-=-=-=-=-=-=-=-=-=-=-=-=-=-=-=-=-=-=-=-=-=-=-=-=-=-=-=-=-=-=-=-=-=-=-
2021-10-20 14:34:33|   3.2|  0.0|STATS |                            `Count' Domain Summary
2021-10-20 14:34:33|   3.2|  0.0|STATS |=-=-=-=-=-=-=-=-=-=-=-=-=-=-=-=-=-=-=-=-=-=-=-=-=-=-=-=-=-=-=-=-=-=-=-=-=-=-=-
2021-10-20 14:34:33|   3.2|  0.0|STATS |counter                                                                      4
2021-10-20 14:34:33|   3.2|  0.0|STATS |==============================================================================
2021-10-20 14:34:33|   3.3|  0.1|STATS |Total `@Count' Invocations:                                                  4
2021-10-20 14:34:33|   3.3|  0.0|STATS |=-=-=-=-=-=-=-=-=-=-=-=-=-=-=-=-=-=-=-=-=-=-=-=-=-=-=-=-=-=-=-=-=-=-=-=-=-=-=-
2021-10-20 14:34:33|   3.3|  0.0|WARN  |=-=-=-=-=-=-=-=-=-=-=-=-=-=-=-=-=-=-=-=-=-=-=-=-=-=-=-=-=-=-=-=-=-=-=-=-=-=-=-
2021-10-20 14:34:33|   3.3|  0.0|WARN  |      Features not written - verify feature type fanout/dynamic settings
2021-10-20 14:34:33|   3.3|  0.0|WARN  |=-=-=-=-=-=-=-=-=-=-=-=-=-=-=-=-=-=-=-=-=-=-=-=-=-=-=-=-=-=-=-=-=-=-=-=-=-=-=-
2021-10-20 14:34:33|   3.3|  0.0|WARN  |  (Check that fanout/dynamic feature type attribute exists and has a value)
2021-10-20 14:34:33|   3.3|  0.0|WARN  |=-=-=-=-=-=-=-=-=-=-=-=-=-=-=-=-=-=-=-=-=-=-=-=-=-=-=-=-=-=-=-=-=-=-=-=-=-=-=-
2021-10-20 14:34:33|   3.3|  0.0|WARN  |                                                                             8
2021-10-20 14:34:33|   3.3|  0.0|WARN  |==============================================================================
2021-10-20 14:34:33|   3.3|  0.0|WARN  |Total features not written                                                   8
2021-10-20 14:34:33|   3.3|  0.0|WARN  |=-=-=-=-=-=-=-=-=-=-=-=-=-=-=-=-=-=-=-=-=-=-=-=-=-=-=-=-=-=-=-=-=-=-=-=-=-=-=-
2021-10-20 14:34:33|   3.3|  0.0|STATS |=-=-=-=-=-=-=-=-=-=-=-=-=-=-=-=-=-=-=-=-=-=-=-=-=-=-=-=-=-=-=-=-=-=-=-=-=-=-=-
2021-10-20 14:34:33|   3.3|  0.0|STATS |                            Features Read Summary
2021-10-20 14:34:33|   3.3|  0.0|STATS |=-=-=-=-=-=-=-=-=-=-=-=-=-=-=-=-=-=-=-=-=-=-=-=-=-=-=-=-=-=-=-=-=-=-=-=-=-=-=-
2021-10-20 14:34:33|   3.3|  0.0|STATS |base_adresse                                                                 4
2021-10-20 14:34:33|   3.3|  0.0|STATS |==============================================================================
2021-10-20 14:34:33|   3.3|  0.0|STATS |Total Features Read                                                          4
2021-10-20 14:34:33|   3.3|  0.0|STATS |=-=-=-=-=-=-=-=-=-=-=-=-=-=-=-=-=-=-=-=-=-=-=-=-=-=-=-=-=-=-=-=-=-=-=-=-=-=-=-
2021-10-20 14:34:33|   3.3|  0.0|STATS |=-=-=-=-=-=-=-=-=-=-=-=-=-=-=-=-=-=-=-=-=-=-=-=-=-=-=-=-=-=-=-=-=-=-=-=-=-=-=-
2021-10-20 14:34:33|   3.3|  0.0|STATS |                           Features Written Summary
2021-10-20 14:34:33|   3.3|  0.0|STATS |=-=-=-=-=-=-=-=-=-=-=-=-=-=-=-=-=-=-=-=-=-=-=-=-=-=-=-=-=-=-=-=-=-=-=-=-=-=-=-
2021-10-20 14:34:33|   3.3|  0.0|STATS |==============================================================================
2021-10-20 14:34:33|   3.3|  0.0|STATS |Total Features Written                                                       0
2021-10-20 14:34:33|   3.3|  0.0|STATS |=-=-=-=-=-=-=-=-=-=-=-=-=-=-=-=-=-=-=-=-=-=-=-=-=-=-=-=-=-=-=-=-=-=-=-=-=-=-=-
2021-10-20 14:34:33|   3.3|  0.0|WARN  |-~-~-~-~-~-~-~-~-~-~-~-~-~-~-~-~-~-~-~-~-~-~-~-~-~-~-~-~-~-~-~-~-~-~-~-~-~-~-~-~-
2021-10-20 14:34:33|   3.3|  0.0|WARN  |-~                                                                             ~-
2021-10-20 14:34:33|   3.3|  0.0|WARN  |-~    Feature caches have been recorded at every stage of the translation.     ~-
2021-10-20 14:34:33|   3.3|  0.0|WARN  |-~                      To inspect the recorded features,                      ~-
2021-10-20 14:34:33|   3.3|  0.0|WARN  |-~              click the feature cache icons next to the ports.               ~-
2021-10-20 14:34:33|   3.3|  0.0|WARN  |-~                                                                             ~-
2021-10-20 14:34:33|   3.3|  0.0|WARN  |-~-~-~-~-~-~-~-~-~-~-~-~-~-~-~-~-~-~-~-~-~-~-~-~-~-~-~-~-~-~-~-~-~-~-~-~-~-~-~-~-
2021-10-20 14:34:33|   3.3|  0.0|INFORM|Translation was SUCCESSFUL with 16 warning(s) (0 feature(s) output)
2021-10-20 14:34:33|   3.3|  0.0|INFORM|FME Session Duration: 4.4 seconds. (CPU: 1.2s user, 2.1s system)
2021-10-20 14:34:33|   3.3|  0.0|INFORM|END - ProcessID: 15896, peak process memory usage: 74304 kB, current process memory usage: 60232 kB
