2020-03-20 14:37:08|   0.1|  0.1|INFORM|FME 2019.1.2.0 (20190829 - Build 19630 - WIN64)
2020-03-20 14:37:08|   0.1|  0.0|INFORM|FME_HOME is 'C:\Program Files\FME\'
2020-03-20 14:37:08|   0.1|  0.0|INFORM|FME Database Edition (node locked-crc)
2020-03-20 14:37:08|   0.1|  0.0|INFORM|Serial Number: 0
2020-03-20 14:37:08|   0.1|  0.0|INFORM|Temporary License: 20 days left.
2020-03-20 14:37:08|   0.1|  0.0|INFORM|Machine host name is: BG-ABAZIN
2020-03-20 14:37:08|   0.1|  0.0|INFORM|START - ProcessID: 12140, peak process memory usage: 30248 kB, current process memory usage: 30152 kB
2020-03-20 14:37:08|   0.1|  0.0|INFORM|FME Configuration: Command line arguments are `C:\Program Files\FME\fme.exe' `C:/Users/abazin/Documents/2 - Projet BG/FME/Projets exemple/Import média\wb-xlate-1584711419431_9732' `LOG_STANDARDOUT' `YES' `LogCountServerName' `{b744f8d9-9d28-42f2-bb76-8b9ce7f17f06}' `LOG_TIMINGS' `Yes'
2020-03-20 14:37:08|   0.1|  0.0|INFORM|FME Configuration: Connection Storage: 'C:\Users\abazin\AppData\Roaming\Safe Software\FME\'
2020-03-20 14:37:08|   0.3|  0.1|INFORM|Shared folders for formats are : C:\Program Files\FME\datasources;C:\Users\abazin\Documents\FME\Formats
2020-03-20 14:37:08|   0.3|  0.0|INFORM|Shared folders for transformers are : C:\Users\abazin\AppData\Roaming\Safe Software\FME\Packages\19630-win64\transformers;C:\Program Files\FME\transformers;C:\Users\abazin\AppData\Roaming\Safe Software\FME\FME Store\Transformers
2020-03-20 14:37:08|   0.3|  0.0|INFORM|Shared folders for coordinate systems are : C:\Users\abazin\Documents\FME\CoordinateSystems
2020-03-20 14:37:08|   0.3|  0.0|INFORM|Shared folders for coordinate system exceptions are : C:\Users\abazin\Documents\FME\CoordinateSystemExceptions
2020-03-20 14:37:08|   0.3|  0.0|INFORM|Shared folders for coordinate system grid overrides are : C:\Users\abazin\Documents\FME\CoordinateSystemGridOverrides
2020-03-20 14:37:08|   0.3|  0.0|INFORM|Shared folders for CS-MAP transformation exceptions are : C:\Users\abazin\Documents\FME\CsmapTransformationExceptions
2020-03-20 14:37:08|   0.3|  0.0|INFORM|Shared folders for transformer categories are : C:\Users\abazin\Documents\FME\TransformerCategories
2020-03-20 14:37:08|   0.3|  0.0|INFORM|FME Configuration: Reader Keyword is `MULTI_READER'
2020-03-20 14:37:08|   0.3|  0.0|INFORM|FME Configuration: Writer Keyword is `NULL_DEST'
2020-03-20 14:37:08|   0.3|  0.0|INFORM|FME Configuration: Writer Group Definition Keyword is `NULL_DEST_DEF'
2020-03-20 14:37:08|   0.3|  0.0|INFORM|FME Configuration: Reader type is `MULTI_READER'
2020-03-20 14:37:08|   0.3|  0.0|INFORM|FME Configuration: Writer type is `NULL'
2020-03-20 14:37:08|   0.3|  0.0|INFORM|FME Configuration: No destination coordinate system set
2020-03-20 14:37:08|   0.3|  0.0|INFORM|FME Configuration: Current working folder is `C:\Users\abazin\Documents\2 - Projet BG\FME\Projets exemple\Import média'
2020-03-20 14:37:08|   0.3|  0.0|INFORM|FME Configuration: Temporary folder is `C:\Users\abazin\AppData\Local\Temp', set from environment variable `TEMP'
2020-03-20 14:37:08|   0.3|  0.0|INFORM|FME Configuration: FME_HOME is `C:\Program Files\FME\'
2020-03-20 14:37:08|   0.3|  0.0|INFORM|FME Configuration: FME_BASE is 'no'
2020-03-20 14:37:08|   0.3|  0.0|INFORM|FME Configuration: FME_MF_DIR is 'C:\Users\abazin\Documents\2 - Projet BG\FME\Projets exemple\Import média/'
2020-03-20 14:37:08|   0.3|  0.0|INFORM|FME Configuration: FME_MF_NAME is 'import_media_GEO.fmw'
2020-03-20 14:37:08|   0.3|  0.0|INFORM|FME Configuration: FME_PRODUCT_NAME is 'FME(R) 2019.1.2.0'
2020-03-20 14:37:08|   0.3|  0.0|INFORM|System Status: 279.52 GB of disk space available in the FME temporary folder (C:\Users\abazin\AppData\Local\Temp)
2020-03-20 14:37:08|   0.3|  0.0|INFORM|System Status: 128.00 TB of virtual memory available
2020-03-20 14:37:08|   0.3|  0.0|INFORM|Operating System: Microsoft Windows 10 64-bit  (Build 18362)
2020-03-20 14:37:08|   0.3|  0.0|INFORM|FME Platform: WIN64
2020-03-20 14:37:08|   0.3|  0.0|INFORM|Locale: fr_FR
2020-03-20 14:37:08|   0.3|  0.0|INFORM|Code Page: 1252  (ANSI - latin I)
2020-03-20 14:37:08|   0.3|  0.0|INFORM|FME Configuration: Process limit is 7.89 GB of physical memory
2020-03-20 14:37:08|   0.3|  0.0|INFORM|FME Configuration: Start freeing memory when process usage exceeds 23.66 GB of virtual memory
2020-03-20 14:37:08|   0.3|  0.0|INFORM|FME Configuration: Stop freeing memory when process usage is below 17.74 GB of virtual memory
2020-03-20 14:37:08|   0.4|  0.1|INFORM|Creating writer for format: NULL (Nothing)
2020-03-20 14:37:08|   0.4|  0.0|INFORM|Trying to find a DYNAMIC plugin for writer named `NULL'
2020-03-20 14:37:08|   0.4|  0.0|INFORM|Loaded module 'NULL' from file 'C:\Program Files\FME\plugins/NULL.dll'
2020-03-20 14:37:08|   0.4|  0.0|INFORM|FME API version of module 'NULL' matches current internal version (3.8 20190621)
2020-03-20 14:37:08|   0.4|  0.0|INFORM|Creating reader for format: 
2020-03-20 14:37:08|   0.4|  0.0|INFORM|MULTI_READER(MULTI_READER): Will fail with first member reader failure
2020-03-20 14:37:08|   0.4|  0.0|INFORM|MULTI_READER(MULTI_READER): Adding PATH Reader with keyword PATH_1
2020-03-20 14:37:08|   0.4|  0.0|INFORM|Using Multi Reader with keyword `MULTI_READER' to read multiple datasets
2020-03-20 14:37:08|   0.4|  0.0|INFORM|Creating reader for format: Directory and File Pathnames
2020-03-20 14:37:08|   0.4|  0.0|INFORM|Trying to find a DYNAMIC plugin for reader named `PATH'
2020-03-20 14:37:08|   0.4|  0.0|INFORM|Loaded module 'PATH' from file 'C:\Program Files\FME\plugins/PATH.dll'
2020-03-20 14:37:08|   0.4|  0.0|INFORM|FME API version of module 'PATH' matches current internal version (3.8 20190621)
2020-03-20 14:37:08|   0.4|  0.0|INFORM|Path Reader: Opening the PATH Reader on folder 'C:\Users\abazin\Downloads\test'
2020-03-20 14:37:08|   0.4|  0.0|INFORM|Path Reader: Using Glob Pattern '*'
2020-03-20 14:37:08|   0.4|  0.0|INFORM|Path Reader: Allowed Path Type set to 'ANY'
2020-03-20 14:37:08|   0.4|  0.0|INFORM|Path Reader: Recurse into subdirectories 'true'
2020-03-20 14:37:08|   0.4|  0.0|INFORM|Path Reader: Retrieve file properties 'true'
2020-03-20 14:37:08|   0.4|  0.0|INFORM|FME API version of module 'NULL' matches current internal version (3.8 20190621)
2020-03-20 14:37:08|   0.4|  0.0|INFORM|FME API version of module 'NULL' matches current internal version (3.8 20190621)
2020-03-20 14:37:08|   0.4|  0.0|INFORM|Loaded module 'LogCount_func' from file 'C:\Program Files\FME\plugins/LogCount_func.dll'
2020-03-20 14:37:09|   1.1|  0.7|INFORM|FME API version of module 'LogCount_func' matches current internal version (3.8 20190621)
2020-03-20 14:37:09|   1.2|  0.0|INFORM|Loaded module 'TextEncoderFactory' from file 'C:\Program Files\FME\plugins/TextEncoderFactory.dll'
2020-03-20 14:37:09|   1.2|  0.0|INFORM|FME API version of module 'TextEncoderFactory' matches current internal version (3.8 20190621)
2020-03-20 14:37:09|   1.2|  0.0|INFORM|Loaded module 'GeometryFormat_func' from file 'C:\Program Files\FME\plugins/GeometryFormat_func.dll'
2020-03-20 14:37:09|   1.2|  0.0|INFORM|FME API version of module 'GeometryFormat_func' matches current internal version (3.8 20190621)
2020-03-20 14:37:09|   1.2|  0.0|INFORM|Loaded module 'RasterProperties_func' from file 'C:\Program Files\FME\plugins/RasterProperties_func.dll'
2020-03-20 14:37:09|   1.2|  0.0|INFORM|FME API version of module 'RasterProperties_func' matches current internal version (3.8 20190621)
2020-03-20 14:37:09|   1.2|  0.0|INFORM|Loaded module 'ResampleRaster_func' from file 'C:\Program Files\FME\plugins/ResampleRaster_func.dll'
2020-03-20 14:37:09|   1.2|  0.0|INFORM|FME API version of module 'ResampleRaster_func' matches current internal version (3.8 20190621)
2020-03-20 14:37:09|   1.2|  0.0|STATS |Storing feature(s) to FME feature store file `C:\Users\abazin\AppData\Local\Temp\wb-cache-import_media_GEO-XtbFWK\Main__All_ -1 92 -1  0  f5c4ccd85c810105198c31a2687e1eb7ef411334.ffsupdating'
2020-03-20 14:37:09|   1.3|  0.0|STATS |Storing feature(s) to FME feature store file `C:\Users\abazin\AppData\Local\Temp\wb-cache-import_media_GEO-XtbFWK\Main_AttributeManager_3 -1 94 fo 0 OUTPUT  0  2a57961f2defa5d00c43cb67e1f913f101d7d959.ffsupdating'
2020-03-20 14:37:09|   1.3|  0.0|STATS |Storing feature(s) to FME feature store file `C:\Users\abazin\AppData\Local\Temp\wb-cache-import_media_GEO-XtbFWK\Main_AttributeFileReader -1 93 fo 0 OUTPUT  0  cdaf534fd045ac19c46af0fcdb3eaa2fcec5310a.ffsupdating'
2020-03-20 14:37:09|   1.3|  0.0|STATS |Storing feature(s) to FME feature store file `C:\Users\abazin\AppData\Local\Temp\wb-cache-import_media_GEO-XtbFWK\Main_TestFilter -1 13 fo 5 xlsx  0  b6b69d10b8e07d07b125fd82e4f27bc099379521.ffsupdating'
2020-03-20 14:37:09|   1.4|  0.0|STATS |Storing feature(s) to FME feature store file `C:\Users\abazin\AppData\Local\Temp\wb-cache-import_media_GEO-XtbFWK\Main_AttributeCreator_7 -1 28 fo 0 OUTPUT  0  b1bc3d5cc5742353a839d07ca1613c94f2b350cd.ffsupdating'
2020-03-20 14:37:09|   1.4|  0.0|STATS |Storing feature(s) to FME feature store file `C:\Users\abazin\AppData\Local\Temp\wb-cache-import_media_GEO-XtbFWK\Main_BinaryDecoder -1 47 fo 0 OUTPUT  0  e0d7ccd9d6004082a3d47b080e1331331186c552.ffsupdating'
2020-03-20 14:37:09|   1.5|  0.0|STATS |Storing feature(s) to FME feature store file `C:\Users\abazin\AppData\Local\Temp\wb-cache-import_media_GEO-XtbFWK\Main_AttributeRemover -1 66 fo 0 OUTPUT  0  ca35f323d0abbcd9e051f3fb59fa7fd2c2b0e726.ffsupdating'
2020-03-20 14:37:09|   1.5|  0.0|STATS |Storing feature(s) to FME feature store file `C:\Users\abazin\AppData\Local\Temp\wb-cache-import_media_GEO-XtbFWK\Main_TestFilter -1 13 fo 7 pdf  0  a4dc045a69ea7e55260553c7080c1142668285d0.ffsupdating'
2020-03-20 14:37:09|   1.6|  0.1|STATS |Storing feature(s) to FME feature store file `C:\Users\abazin\AppData\Local\Temp\wb-cache-import_media_GEO-XtbFWK\Main_AttributeCreator_9 -1 30 fo 0 OUTPUT  0  ec5e709e23f500422aafd8b796f5b740bcf569bc.ffsupdating'
2020-03-20 14:37:09|   1.6|  0.0|STATS |Storing feature(s) to FME feature store file `C:\Users\abazin\AppData\Local\Temp\wb-cache-import_media_GEO-XtbFWK\Main_TestFilter -1 13 fo 4 docx  0  5a766391f9c0cbfd419bfe16a34d31266eb3be0a.ffsupdating'
2020-03-20 14:37:09|   1.7|  0.0|STATS |Storing feature(s) to FME feature store file `C:\Users\abazin\AppData\Local\Temp\wb-cache-import_media_GEO-XtbFWK\Main_AttributeCreator_6 -1 27 fo 0 OUTPUT  0  e177136f8a174ad0ca87ed8fd87561c4cf3d681b.ffsupdating'
2020-03-20 14:37:10|   1.7|  0.0|STATS |Storing feature(s) to FME feature store file `C:\Users\abazin\AppData\Local\Temp\wb-cache-import_media_GEO-XtbFWK\Main_TestFilter -1 13 fo 8 autres  0  ffbbfa700085aef0b975d03fe83aa1f09200b76b.ffsupdating'
2020-03-20 14:37:10|   1.8|  0.0|STATS |Storing feature(s) to FME feature store file `C:\Users\abazin\AppData\Local\Temp\wb-cache-import_media_GEO-XtbFWK\Main_AttributeCreator_10 -1 38 fo 0 OUTPUT  0  b676b72eecc9cd91c57aa85a940cd720a922da50.ffsupdating'
2020-03-20 14:37:10|   1.8|  0.0|INFORM|Path Reader: Closing the PATH Reader
2020-03-20 14:37:10|   1.8|  0.0|INFORM|MULTI_READER(MULTI_READER): Done reading 5 features from 1 readers
2020-03-20 14:37:10|   1.8|  0.0|INFORM|Emptying factory pipeline
2020-03-20 14:37:10|   1.8|  0.0|STATS |Router and Unexpected Input Remover (RoutingFactory): Tested 5 input feature(s), wrote 5 output feature(s): 5 matched merge filters, 5 were routed to output, 0 could not be routed.
2020-03-20 14:37:10|   1.8|  0.0|STATS |Unexpected Input Remover Nuker (TeeFactory): Cloned 0 input feature(s) into 0 output feature(s)
2020-03-20 14:37:10|   1.8|  0.0|STATS |PATH (PATH_1) Splitter (TeeFactory): Cloned 5 input feature(s) into 5 output feature(s)
2020-03-20 14:37:10|   1.8|  0.0|STATS |PATH_PATH_1 Feature Counter -1 96 (TeeFactory): Cloned 5 input feature(s) into 5 output feature(s)
2020-03-20 14:37:10|   1.8|  0.0|STATS |AttributeManager_3_OUTPUT Feature Counter -1 97 (TeeFactory): Cloned 5 input feature(s) into 5 output feature(s)
2020-03-20 14:37:10|   1.8|  0.0|STATS |AttributeFileReader_AttributeFileReaderInput (TeeFactory): Cloned 5 input feature(s) into 5 output feature(s)
2020-03-20 14:37:10|   1.8|  0.0|STATS |AttributeFileReader (TeeFactory): Cloned 5 input feature(s) into 5 output feature(s)
2020-03-20 14:37:10|   1.8|  0.0|STATS |AttributeFileReader_Rejector (TestFactory): Tested 5 input feature(s) -- 0 feature(s) passed and 5 feature(s) failed
2020-03-20 14:37:10|   1.8|  0.0|STATS |AttributeFileReader_OUTPUT Feature Counter -1 98 (TeeFactory): Cloned 5 input feature(s) into 5 output feature(s)
2020-03-20 14:37:10|   1.8|  0.0|STATS |AttributeFileReader_<REJECTED> Feature Counter -1 2147680349 (TeeFactory): Cloned 0 input feature(s) into 0 output feature(s)
2020-03-20 14:37:10|   1.8|  0.0|STATS |AttributeFileReader_<Rejected> (TeeFactory): Cloned 0 input feature(s) into 0 output feature(s)
2020-03-20 14:37:10|   1.8|  0.0|STATS |TestFilter (TeeFactory): Cloned 5 input feature(s) into 5 output feature(s)
2020-03-20 14:37:10|   1.8|  0.0|STATS |TestFilter_Condition_1 (TestFactory): Tested 5 input feature(s) -- 0 feature(s) passed and 5 feature(s) failed
2020-03-20 14:37:10|   1.8|  0.0|STATS |TestFilter_Condition_2 (TestFactory): Tested 5 input feature(s) -- 0 feature(s) passed and 5 feature(s) failed
2020-03-20 14:37:10|   1.8|  0.0|STATS |TestFilter_Condition_3 (TestFactory): Tested 5 input feature(s) -- 0 feature(s) passed and 5 feature(s) failed
2020-03-20 14:37:10|   1.8|  0.0|STATS |TestFilter_Condition_4 (TestFactory): Tested 5 input feature(s) -- 0 feature(s) passed and 5 feature(s) failed
2020-03-20 14:37:10|   1.8|  0.0|STATS |TestFilter_Condition_5 (TestFactory): Tested 5 input feature(s) -- 1 feature(s) passed and 4 feature(s) failed
2020-03-20 14:37:10|   1.8|  0.0|STATS |TestFilter_Condition_6 (TestFactory): Tested 4 input feature(s) -- 1 feature(s) passed and 3 feature(s) failed
2020-03-20 14:37:10|   1.8|  0.0|STATS |TestFilter_Condition_7 (TestFactory): Tested 3 input feature(s) -- 0 feature(s) passed and 3 feature(s) failed
2020-03-20 14:37:10|   1.8|  0.0|STATS |TestFilter_Condition_8 (TestFactory): Tested 3 input feature(s) -- 1 feature(s) passed and 2 feature(s) failed
2020-03-20 14:37:10|   1.8|  0.0|STATS |TestFilter_autres (TeeFactory): Cloned 2 input feature(s) into 2 output feature(s)
2020-03-20 14:37:10|   1.8|  0.0|STATS |TestFilter_jpg Feature Counter -1 19 (TeeFactory): Cloned 0 input feature(s) into 0 output feature(s)
2020-03-20 14:37:10|   1.8|  0.0|STATS |TestFilter_png Feature Counter -1 31 (TeeFactory): Cloned 0 input feature(s) into 0 output feature(s)
2020-03-20 14:37:10|   1.8|  0.0|STATS |TestFilter_tif Feature Counter -1 32 (TeeFactory): Cloned 0 input feature(s) into 0 output feature(s)
2020-03-20 14:37:10|   1.8|  0.0|STATS |TestFilter_gif Feature Counter -1 33 (TeeFactory): Cloned 0 input feature(s) into 0 output feature(s)
2020-03-20 14:37:10|   1.8|  0.0|STATS |TestFilter_docx Feature Counter -1 34 (TeeFactory): Cloned 1 input feature(s) into 1 output feature(s)
2020-03-20 14:37:10|   1.8|  0.0|STATS |TestFilter_xlsx Feature Counter -1 36 (TeeFactory): Cloned 1 input feature(s) into 1 output feature(s)
2020-03-20 14:37:10|   1.8|  0.0|STATS |TestFilter_pptx Feature Counter -1 35 (TeeFactory): Cloned 0 input feature(s) into 0 output feature(s)
2020-03-20 14:37:10|   1.8|  0.0|STATS |TestFilter_pdf Feature Counter -1 37 (TeeFactory): Cloned 1 input feature(s) into 1 output feature(s)
2020-03-20 14:37:10|   1.8|  0.0|STATS |TestFilter_autres Feature Counter -1 39 (TeeFactory): Cloned 2 input feature(s) into 2 output feature(s)
2020-03-20 14:37:10|   1.8|  0.0|STATS |AttributeCreator_10_OUTPUT Feature Counter -1 52 (TeeFactory): Cloned 2 input feature(s) into 2 output feature(s)
2020-03-20 14:37:10|   1.8|  0.0|STATS |AttributeCreator_9_OUTPUT Feature Counter -1 51 (TeeFactory): Cloned 1 input feature(s) into 1 output feature(s)
2020-03-20 14:37:10|   1.8|  0.0|STATS |AttributeCreator_8_OUTPUT Feature Counter -1 50 (TeeFactory): Cloned 0 input feature(s) into 0 output feature(s)
2020-03-20 14:37:10|   1.8|  0.0|STATS |AttributeCreator_7_OUTPUT Feature Counter -1 49 (TeeFactory): Cloned 1 input feature(s) into 1 output feature(s)
2020-03-20 14:37:10|   1.8|  0.0|STATS |AttributeCreator_6_OUTPUT Feature Counter -1 48 (TeeFactory): Cloned 1 input feature(s) into 1 output feature(s)
2020-03-20 14:37:10|   1.8|  0.0|STATS |AttributeCreator_5_OUTPUT Feature Counter -1 82 (TeeFactory): Cloned 0 input feature(s) into 0 output feature(s)
2020-03-20 14:37:10|   1.8|  0.0|STATS |AttributeCreator_4_OUTPUT Feature Counter -1 80 (TeeFactory): Cloned 0 input feature(s) into 0 output feature(s)
2020-03-20 14:37:10|   1.8|  0.0|STATS |AttributeCreator_3 OUTPUT Splitter (TeeFactory): Cloned 0 input feature(s) into 0 output feature(s)
2020-03-20 14:37:10|   1.8|  0.0|STATS |AttributeCreator_3_OUTPUT_0_5wmj1QTDBCM= Feature Counter -1 54 (TeeFactory): Cloned 0 input feature(s) into 0 output feature(s)
2020-03-20 14:37:10|   1.8|  0.0|STATS |AttributeCreator_3_OUTPUT_1_1sMaJ5SQWdM= Feature Counter -1 83 (TeeFactory): Cloned 0 input feature(s) into 0 output feature(s)
2020-03-20 14:37:10|   1.8|  0.0|STATS |AttributeCreator_3_OUTPUT_1_1sMaJ5SQWdM= Disabled Nuker -1 83 (TeeFactory): Cloned 0 input feature(s) into 0 output feature(s)
2020-03-20 14:37:10|   1.8|  0.0|STATS |AttributeCreator_2_OUTPUT Feature Counter -1 81 (TeeFactory): Cloned 0 input feature(s) into 0 output feature(s)
2020-03-20 14:37:10|   1.8|  0.0|STATS |TestFilter_3 (TeeFactory): Cloned 0 input feature(s) into 0 output feature(s)
2020-03-20 14:37:10|   1.8|  0.0|STATS |TestFilter_3_Condition_1 (TestFactory): Tested 0 input feature(s) -- 0 feature(s) passed and 0 feature(s) failed
2020-03-20 14:37:10|   1.8|  0.0|STATS |TestFilter_3_logo_to_min (TeeFactory): Cloned 0 input feature(s) into 0 output feature(s)
2020-03-20 14:37:10|   1.8|  0.0|STATS |TestFilter_3_img_to_min Feature Counter -1 85 (TeeFactory): Cloned 0 input feature(s) into 0 output feature(s)
2020-03-20 14:37:10|   1.8|  0.0|STATS |TestFilter_3_logo_to_min Feature Counter -1 84 (TeeFactory): Cloned 0 input feature(s) into 0 output feature(s)
2020-03-20 14:37:10|   1.8|  0.0|STATS |BinaryDecoder_OUTPUT Feature Counter -1 68 (TeeFactory): Cloned 5 input feature(s) into 5 output feature(s)
2020-03-20 14:37:10|   1.8|  0.0|STATS |RasterReplacer (TeeFactory): Cloned 0 input feature(s) into 0 output feature(s)
2020-03-20 14:37:10|   1.8|  0.0|STATS |RasterReplacer_Rejector (TestFactory): Tested 0 input feature(s) -- 0 feature(s) passed and 0 feature(s) failed
2020-03-20 14:37:10|   1.8|  0.0|STATS |RasterReplacer_OUTPUT Feature Counter -1 21 (TeeFactory): Cloned 0 input feature(s) into 0 output feature(s)
2020-03-20 14:37:10|   1.8|  0.0|STATS |RasterReplacer_<REJECTED> Feature Counter -1 2147680270 (TeeFactory): Cloned 0 input feature(s) into 0 output feature(s)
2020-03-20 14:37:10|   1.8|  0.0|STATS |RasterReplacer_<Rejected> (TeeFactory): Cloned 0 input feature(s) into 0 output feature(s)
2020-03-20 14:37:10|   1.8|  0.0|STATS |RasterPropertyExtractor (TeeFactory): Cloned 0 input feature(s) into 0 output feature(s)
2020-03-20 14:37:10|   1.8|  0.0|STATS |RasterPropertyExtractor_Rejector (TestFactory): Tested 0 input feature(s) -- 0 feature(s) passed and 0 feature(s) failed
2020-03-20 14:37:10|   1.8|  0.0|STATS |RasterPropertyExtractor_OUTPUT Feature Counter -1 56 (TeeFactory): Cloned 0 input feature(s) into 0 output feature(s)
2020-03-20 14:37:10|   1.8|  0.0|STATS |RasterPropertyExtractor_<REJECTED> Feature Counter -1 2147680309 (TeeFactory): Cloned 0 input feature(s) into 0 output feature(s)
2020-03-20 14:37:10|   1.8|  0.0|STATS |RasterPropertyExtractor_<Rejected> (TeeFactory): Cloned 0 input feature(s) into 0 output feature(s)
2020-03-20 14:37:10|   1.8|  0.0|STATS |TestFilter_2 (TeeFactory): Cloned 0 input feature(s) into 0 output feature(s)
2020-03-20 14:37:10|   1.8|  0.0|STATS |TestFilter_2_Condition_1 (TestFactory): Tested 0 input feature(s) -- 0 feature(s) passed and 0 feature(s) failed
2020-03-20 14:37:10|   1.8|  0.0|STATS |TestFilter_2_keep_original (TeeFactory): Cloned 0 input feature(s) into 0 output feature(s)
2020-03-20 14:37:10|   1.8|  0.0|STATS |TestFilter_2_resize Feature Counter -1 62 (TeeFactory): Cloned 0 input feature(s) into 0 output feature(s)
2020-03-20 14:37:10|   1.8|  0.0|STATS |TestFilter_2_keep_original Feature Counter -1 64 (TeeFactory): Cloned 0 input feature(s) into 0 output feature(s)
2020-03-20 14:37:10|   1.8|  0.0|STATS |AttributeManager_2_OUTPUT Feature Counter -1 65 (TeeFactory): Cloned 0 input feature(s) into 0 output feature(s)
2020-03-20 14:37:10|   1.8|  0.0|STATS |AttributeCreator_OUTPUT Feature Counter -1 63 (TeeFactory): Cloned 0 input feature(s) into 0 output feature(s)
2020-03-20 14:37:10|   1.8|  0.0|STATS |RasterResampler_RasterResamplerInput (TeeFactory): Cloned 0 input feature(s) into 0 output feature(s)
2020-03-20 14:37:10|   1.8|  0.0|STATS |RasterResampler_RasterResampler (TeeFactory): Cloned 0 input feature(s) into 0 output feature(s)
2020-03-20 14:37:10|   1.8|  0.0|STATS |RasterResampler_Rejector (TestFactory): Tested 0 input feature(s) -- 0 feature(s) passed and 0 feature(s) failed
2020-03-20 14:37:10|   1.8|  0.0|STATS |RasterResampler_RESAMPLED Feature Counter -1 67 (TeeFactory): Cloned 0 input feature(s) into 0 output feature(s)
2020-03-20 14:37:10|   1.8|  0.0|STATS |RasterResampler_<REJECTED> Feature Counter -1 2147680268 (TeeFactory): Cloned 0 input feature(s) into 0 output feature(s)
2020-03-20 14:37:10|   1.8|  0.0|STATS |RasterResampler_<Rejected> (TeeFactory): Cloned 0 input feature(s) into 0 output feature(s)
2020-03-20 14:37:10|   1.8|  0.0|STATS |RasterExtractor (TeeFactory): Cloned 0 input feature(s) into 0 output feature(s)
2020-03-20 14:37:10|   1.8|  0.0|STATS |RasterExtractor_Rejector (TestFactory): Tested 0 input feature(s) -- 0 feature(s) passed and 0 feature(s) failed
2020-03-20 14:37:10|   1.8|  0.0|STATS |RasterExtractor_OUTPUT Feature Counter -1 88 (TeeFactory): Cloned 0 input feature(s) into 0 output feature(s)
2020-03-20 14:37:10|   1.8|  0.0|STATS |RasterExtractor_<REJECTED> Feature Counter -1 2147680278 (TeeFactory): Cloned 0 input feature(s) into 0 output feature(s)
2020-03-20 14:37:10|   1.8|  0.0|STATS |RasterExtractor_<Rejected> (TeeFactory): Cloned 0 input feature(s) into 0 output feature(s)
2020-03-20 14:37:10|   1.8|  0.0|STATS |GeometryRemover (TeeFactory): Cloned 0 input feature(s) into 0 output feature(s)
2020-03-20 14:37:10|   1.8|  0.0|STATS |GeometryRemover_OUTPUT Feature Counter -1 89 (TeeFactory): Cloned 0 input feature(s) into 0 output feature(s)
2020-03-20 14:37:10|   1.8|  0.0|STATS |AttributeRemover (TeeFactory): Cloned 5 input feature(s) into 5 output feature(s)
2020-03-20 14:37:10|   1.8|  0.0|STATS |Stored 1 feature(s) to FME feature store file `C:\Users\abazin\AppData\Local\Temp\wb-cache-import_media_GEO-XtbFWK\Main_AttributeCreator_7 -1 28 fo 0 OUTPUT  0  b1bc3d5cc5742353a839d07ca1613c94f2b350cd.ffsupdating'
2020-03-20 14:37:10|   1.8|  0.0|INFORM|Saving spatial index into file 'C:\Users\abazin\AppData\Local\Temp\wb-cache-import_media_GEO-XtbFWK\Main_AttributeCreator_7 -1 28 fo 0 OUTPUT  0  b1bc3d5cc5742353a839d07ca1613c94f2b350cd.fsi'
2020-03-20 14:37:10|   1.8|  0.0|INFORM|Finished saving spatial index into file 'C:\Users\abazin\AppData\Local\Temp\wb-cache-import_media_GEO-XtbFWK\Main_AttributeCreator_7 -1 28 fo 0 OUTPUT  0  b1bc3d5cc5742353a839d07ca1613c94f2b350cd.fsi'
2020-03-20 14:37:10|   1.8|  0.0|STATS |Stored 5 feature(s) to FME feature store file `C:\Users\abazin\AppData\Local\Temp\wb-cache-import_media_GEO-XtbFWK\Main__All_ -1 92 -1  0  f5c4ccd85c810105198c31a2687e1eb7ef411334.ffsupdating'
2020-03-20 14:37:10|   1.8|  0.0|INFORM|Saving spatial index into file 'C:\Users\abazin\AppData\Local\Temp\wb-cache-import_media_GEO-XtbFWK\Main__All_ -1 92 -1  0  f5c4ccd85c810105198c31a2687e1eb7ef411334.fsi'
2020-03-20 14:37:10|   1.8|  0.0|INFORM|Finished saving spatial index into file 'C:\Users\abazin\AppData\Local\Temp\wb-cache-import_media_GEO-XtbFWK\Main__All_ -1 92 -1  0  f5c4ccd85c810105198c31a2687e1eb7ef411334.fsi'
2020-03-20 14:37:10|   1.8|  0.0|STATS |Stored 5 feature(s) to FME feature store file `C:\Users\abazin\AppData\Local\Temp\wb-cache-import_media_GEO-XtbFWK\Main_AttributeManager_3 -1 94 fo 0 OUTPUT  0  2a57961f2defa5d00c43cb67e1f913f101d7d959.ffsupdating'
2020-03-20 14:37:10|   1.8|  0.0|INFORM|Saving spatial index into file 'C:\Users\abazin\AppData\Local\Temp\wb-cache-import_media_GEO-XtbFWK\Main_AttributeManager_3 -1 94 fo 0 OUTPUT  0  2a57961f2defa5d00c43cb67e1f913f101d7d959.fsi'
2020-03-20 14:37:10|   1.8|  0.0|INFORM|Finished saving spatial index into file 'C:\Users\abazin\AppData\Local\Temp\wb-cache-import_media_GEO-XtbFWK\Main_AttributeManager_3 -1 94 fo 0 OUTPUT  0  2a57961f2defa5d00c43cb67e1f913f101d7d959.fsi'
2020-03-20 14:37:10|   1.8|  0.0|STATS |Stored 1 feature(s) to FME feature store file `C:\Users\abazin\AppData\Local\Temp\wb-cache-import_media_GEO-XtbFWK\Main_TestFilter -1 13 fo 7 pdf  0  a4dc045a69ea7e55260553c7080c1142668285d0.ffsupdating'
2020-03-20 14:37:10|   1.8|  0.0|INFORM|Saving spatial index into file 'C:\Users\abazin\AppData\Local\Temp\wb-cache-import_media_GEO-XtbFWK\Main_TestFilter -1 13 fo 7 pdf  0  a4dc045a69ea7e55260553c7080c1142668285d0.fsi'
2020-03-20 14:37:10|   1.8|  0.0|INFORM|Finished saving spatial index into file 'C:\Users\abazin\AppData\Local\Temp\wb-cache-import_media_GEO-XtbFWK\Main_TestFilter -1 13 fo 7 pdf  0  a4dc045a69ea7e55260553c7080c1142668285d0.fsi'
2020-03-20 14:37:10|   1.8|  0.0|STATS |Stored 5 feature(s) to FME feature store file `C:\Users\abazin\AppData\Local\Temp\wb-cache-import_media_GEO-XtbFWK\Main_BinaryDecoder -1 47 fo 0 OUTPUT  0  e0d7ccd9d6004082a3d47b080e1331331186c552.ffsupdating'
2020-03-20 14:37:10|   1.8|  0.0|INFORM|Saving spatial index into file 'C:\Users\abazin\AppData\Local\Temp\wb-cache-import_media_GEO-XtbFWK\Main_BinaryDecoder -1 47 fo 0 OUTPUT  0  e0d7ccd9d6004082a3d47b080e1331331186c552.fsi'
2020-03-20 14:37:10|   1.8|  0.0|INFORM|Finished saving spatial index into file 'C:\Users\abazin\AppData\Local\Temp\wb-cache-import_media_GEO-XtbFWK\Main_BinaryDecoder -1 47 fo 0 OUTPUT  0  e0d7ccd9d6004082a3d47b080e1331331186c552.fsi'
2020-03-20 14:37:10|   1.8|  0.0|STATS |Stored 5 feature(s) to FME feature store file `C:\Users\abazin\AppData\Local\Temp\wb-cache-import_media_GEO-XtbFWK\Main_AttributeFileReader -1 93 fo 0 OUTPUT  0  cdaf534fd045ac19c46af0fcdb3eaa2fcec5310a.ffsupdating'
2020-03-20 14:37:10|   1.8|  0.0|INFORM|Saving spatial index into file 'C:\Users\abazin\AppData\Local\Temp\wb-cache-import_media_GEO-XtbFWK\Main_AttributeFileReader -1 93 fo 0 OUTPUT  0  cdaf534fd045ac19c46af0fcdb3eaa2fcec5310a.fsi'
2020-03-20 14:37:10|   1.8|  0.0|INFORM|Finished saving spatial index into file 'C:\Users\abazin\AppData\Local\Temp\wb-cache-import_media_GEO-XtbFWK\Main_AttributeFileReader -1 93 fo 0 OUTPUT  0  cdaf534fd045ac19c46af0fcdb3eaa2fcec5310a.fsi'
2020-03-20 14:37:10|   1.8|  0.0|STATS |Stored 1 feature(s) to FME feature store file `C:\Users\abazin\AppData\Local\Temp\wb-cache-import_media_GEO-XtbFWK\Main_AttributeCreator_9 -1 30 fo 0 OUTPUT  0  ec5e709e23f500422aafd8b796f5b740bcf569bc.ffsupdating'
2020-03-20 14:37:10|   1.9|  0.0|INFORM|Saving spatial index into file 'C:\Users\abazin\AppData\Local\Temp\wb-cache-import_media_GEO-XtbFWK\Main_AttributeCreator_9 -1 30 fo 0 OUTPUT  0  ec5e709e23f500422aafd8b796f5b740bcf569bc.fsi'
2020-03-20 14:37:10|   1.9|  0.0|INFORM|Finished saving spatial index into file 'C:\Users\abazin\AppData\Local\Temp\wb-cache-import_media_GEO-XtbFWK\Main_AttributeCreator_9 -1 30 fo 0 OUTPUT  0  ec5e709e23f500422aafd8b796f5b740bcf569bc.fsi'
2020-03-20 14:37:10|   1.9|  0.0|STATS |Stored 5 feature(s) to FME feature store file `C:\Users\abazin\AppData\Local\Temp\wb-cache-import_media_GEO-XtbFWK\Main_AttributeRemover -1 66 fo 0 OUTPUT  0  ca35f323d0abbcd9e051f3fb59fa7fd2c2b0e726.ffsupdating'
2020-03-20 14:37:10|   1.9|  0.0|INFORM|Saving spatial index into file 'C:\Users\abazin\AppData\Local\Temp\wb-cache-import_media_GEO-XtbFWK\Main_AttributeRemover -1 66 fo 0 OUTPUT  0  ca35f323d0abbcd9e051f3fb59fa7fd2c2b0e726.fsi'
2020-03-20 14:37:10|   1.9|  0.0|INFORM|Finished saving spatial index into file 'C:\Users\abazin\AppData\Local\Temp\wb-cache-import_media_GEO-XtbFWK\Main_AttributeRemover -1 66 fo 0 OUTPUT  0  ca35f323d0abbcd9e051f3fb59fa7fd2c2b0e726.fsi'
2020-03-20 14:37:10|   1.9|  0.0|STATS |Stored 1 feature(s) to FME feature store file `C:\Users\abazin\AppData\Local\Temp\wb-cache-import_media_GEO-XtbFWK\Main_TestFilter -1 13 fo 5 xlsx  0  b6b69d10b8e07d07b125fd82e4f27bc099379521.ffsupdating'
2020-03-20 14:37:10|   1.9|  0.0|INFORM|Saving spatial index into file 'C:\Users\abazin\AppData\Local\Temp\wb-cache-import_media_GEO-XtbFWK\Main_TestFilter -1 13 fo 5 xlsx  0  b6b69d10b8e07d07b125fd82e4f27bc099379521.fsi'
2020-03-20 14:37:10|   1.9|  0.0|INFORM|Finished saving spatial index into file 'C:\Users\abazin\AppData\Local\Temp\wb-cache-import_media_GEO-XtbFWK\Main_TestFilter -1 13 fo 5 xlsx  0  b6b69d10b8e07d07b125fd82e4f27bc099379521.fsi'
2020-03-20 14:37:10|   1.9|  0.0|STATS |Stored 1 feature(s) to FME feature store file `C:\Users\abazin\AppData\Local\Temp\wb-cache-import_media_GEO-XtbFWK\Main_TestFilter -1 13 fo 4 docx  0  5a766391f9c0cbfd419bfe16a34d31266eb3be0a.ffsupdating'
2020-03-20 14:37:10|   1.9|  0.0|INFORM|Saving spatial index into file 'C:\Users\abazin\AppData\Local\Temp\wb-cache-import_media_GEO-XtbFWK\Main_TestFilter -1 13 fo 4 docx  0  5a766391f9c0cbfd419bfe16a34d31266eb3be0a.fsi'
2020-03-20 14:37:10|   1.9|  0.0|INFORM|Finished saving spatial index into file 'C:\Users\abazin\AppData\Local\Temp\wb-cache-import_media_GEO-XtbFWK\Main_TestFilter -1 13 fo 4 docx  0  5a766391f9c0cbfd419bfe16a34d31266eb3be0a.fsi'
2020-03-20 14:37:10|   1.9|  0.0|STATS |Stored 1 feature(s) to FME feature store file `C:\Users\abazin\AppData\Local\Temp\wb-cache-import_media_GEO-XtbFWK\Main_AttributeCreator_6 -1 27 fo 0 OUTPUT  0  e177136f8a174ad0ca87ed8fd87561c4cf3d681b.ffsupdating'
2020-03-20 14:37:10|   1.9|  0.0|INFORM|Saving spatial index into file 'C:\Users\abazin\AppData\Local\Temp\wb-cache-import_media_GEO-XtbFWK\Main_AttributeCreator_6 -1 27 fo 0 OUTPUT  0  e177136f8a174ad0ca87ed8fd87561c4cf3d681b.fsi'
2020-03-20 14:37:10|   1.9|  0.0|INFORM|Finished saving spatial index into file 'C:\Users\abazin\AppData\Local\Temp\wb-cache-import_media_GEO-XtbFWK\Main_AttributeCreator_6 -1 27 fo 0 OUTPUT  0  e177136f8a174ad0ca87ed8fd87561c4cf3d681b.fsi'
2020-03-20 14:37:10|   1.9|  0.0|STATS |Stored 2 feature(s) to FME feature store file `C:\Users\abazin\AppData\Local\Temp\wb-cache-import_media_GEO-XtbFWK\Main_TestFilter -1 13 fo 8 autres  0  ffbbfa700085aef0b975d03fe83aa1f09200b76b.ffsupdating'
2020-03-20 14:37:10|   1.9|  0.0|INFORM|Saving spatial index into file 'C:\Users\abazin\AppData\Local\Temp\wb-cache-import_media_GEO-XtbFWK\Main_TestFilter -1 13 fo 8 autres  0  ffbbfa700085aef0b975d03fe83aa1f09200b76b.fsi'
2020-03-20 14:37:10|   1.9|  0.0|INFORM|Finished saving spatial index into file 'C:\Users\abazin\AppData\Local\Temp\wb-cache-import_media_GEO-XtbFWK\Main_TestFilter -1 13 fo 8 autres  0  ffbbfa700085aef0b975d03fe83aa1f09200b76b.fsi'
2020-03-20 14:37:10|   1.9|  0.0|STATS |Stored 2 feature(s) to FME feature store file `C:\Users\abazin\AppData\Local\Temp\wb-cache-import_media_GEO-XtbFWK\Main_AttributeCreator_10 -1 38 fo 0 OUTPUT  0  b676b72eecc9cd91c57aa85a940cd720a922da50.ffsupdating'
2020-03-20 14:37:10|   1.9|  0.0|INFORM|Saving spatial index into file 'C:\Users\abazin\AppData\Local\Temp\wb-cache-import_media_GEO-XtbFWK\Main_AttributeCreator_10 -1 38 fo 0 OUTPUT  0  b676b72eecc9cd91c57aa85a940cd720a922da50.fsi'
2020-03-20 14:37:10|   1.9|  0.0|INFORM|Finished saving spatial index into file 'C:\Users\abazin\AppData\Local\Temp\wb-cache-import_media_GEO-XtbFWK\Main_AttributeCreator_10 -1 38 fo 0 OUTPUT  0  b676b72eecc9cd91c57aa85a940cd720a922da50.fsi'
2020-03-20 14:37:10|   1.9|  0.0|STATS |AttributeRemover_OUTPUT Feature Counter -1 2147614786 (TeeFactory): Cloned 5 input feature(s) into 0 output feature(s)
2020-03-20 14:37:10|   1.9|  0.0|STATS |Destination Feature Type Routing Correlator (RoutingFactory): Tested 0 input feature(s), wrote 0 output feature(s): 0 matched merge filters, 0 were routed to output, 0 could not be routed.
2020-03-20 14:37:10|   1.9|  0.0|STATS |Final Output Nuker (TeeFactory): Cloned 0 input feature(s) into 0 output feature(s)
2020-03-20 14:37:10|   1.9|  0.0|STATS |=-=-=-=-=-=-=-=-=-=-=-=-=-=-=-=-=-=-=-=-=-=-=-=-=-=-=-=-=-=-=-=-=-=-=-=-=-=-=-
2020-03-20 14:37:10|   1.9|  0.0|STATS |                            Features Read Summary
2020-03-20 14:37:10|   1.9|  0.0|STATS |=-=-=-=-=-=-=-=-=-=-=-=-=-=-=-=-=-=-=-=-=-=-=-=-=-=-=-=-=-=-=-=-=-=-=-=-=-=-=-
2020-03-20 14:37:10|   1.9|  0.0|STATS |PATH                                                                         5
2020-03-20 14:37:10|   1.9|  0.0|STATS |==============================================================================
2020-03-20 14:37:10|   1.9|  0.0|STATS |Total Features Read                                                          5
2020-03-20 14:37:10|   1.9|  0.0|STATS |=-=-=-=-=-=-=-=-=-=-=-=-=-=-=-=-=-=-=-=-=-=-=-=-=-=-=-=-=-=-=-=-=-=-=-=-=-=-=-
2020-03-20 14:37:10|   1.9|  0.0|STATS |=-=-=-=-=-=-=-=-=-=-=-=-=-=-=-=-=-=-=-=-=-=-=-=-=-=-=-=-=-=-=-=-=-=-=-=-=-=-=-
2020-03-20 14:37:10|   1.9|  0.0|STATS |                           Features Written Summary
2020-03-20 14:37:10|   1.9|  0.0|STATS |=-=-=-=-=-=-=-=-=-=-=-=-=-=-=-=-=-=-=-=-=-=-=-=-=-=-=-=-=-=-=-=-=-=-=-=-=-=-=-
2020-03-20 14:37:10|   1.9|  0.0|STATS |==============================================================================
2020-03-20 14:37:10|   1.9|  0.0|STATS |Total Features Written                                                       0
2020-03-20 14:37:10|   1.9|  0.0|STATS |=-=-=-=-=-=-=-=-=-=-=-=-=-=-=-=-=-=-=-=-=-=-=-=-=-=-=-=-=-=-=-=-=-=-=-=-=-=-=-
2020-03-20 14:37:10|   1.9|  0.0|WARN  |-~-~-~-~-~-~-~-~-~-~-~-~-~-~-~-~-~-~-~-~-~-~-~-~-~-~-~-~-~-~-~-~-~-~-~-~-~-~-~-~-
2020-03-20 14:37:10|   1.9|  0.0|WARN  |-~                                                                             ~-
2020-03-20 14:37:10|   1.9|  0.0|WARN  |-~    Feature caches have been recorded at every stage of the translation.     ~-
2020-03-20 14:37:10|   1.9|  0.0|WARN  |-~                      To inspect the recorded features,                      ~-
2020-03-20 14:37:10|   1.9|  0.0|WARN  |-~              click the feature cache icons next to the ports.               ~-
2020-03-20 14:37:10|   1.9|  0.0|WARN  |-~                                                                             ~-
2020-03-20 14:37:10|   1.9|  0.0|WARN  |-~-~-~-~-~-~-~-~-~-~-~-~-~-~-~-~-~-~-~-~-~-~-~-~-~-~-~-~-~-~-~-~-~-~-~-~-~-~-~-~-
2020-03-20 14:37:10|   1.9|  0.0|INFORM|Translation was SUCCESSFUL with 7 warning(s) (0 feature(s) output)
2020-03-20 14:37:10|   1.9|  0.0|INFORM|FME Session Duration: 2.2 seconds. (CPU: 0.8s user, 1.0s system)
2020-03-20 14:37:10|   1.9|  0.0|INFORM|END - ProcessID: 12140, peak process memory usage: 57824 kB, current process memory usage: 51100 kB
