2024-06-27 10:10:15|   0.0|  0.0|INFORM|Current FME version: FME 2024.0.3.0 (20240603 - Build 24220 - WIN64)
2024-06-27 10:10:15|   0.0|  0.0|INFORM|System Time: 20240627081016 UTC
2024-06-27 10:10:15|   0.0|  0.0|INFORM|FME_HOME is 'C:\Program Files\FME\FME_2024.0.3\'
2024-06-27 10:10:15|   0.0|  0.0|INFORM|FME Form (floating)
2024-06-27 10:10:15|   0.0|  0.0|INFORM|Temporary License: 96 days left.
2024-06-27 10:10:15|   0.0|  0.0|INFORM|Machine host name is: PO-ABAZIN
2024-06-27 10:10:15|   0.0|  0.0|INFORM|OS Locale Name     : fr_FR
2024-06-27 10:10:15|   0.0|  0.0|INFORM|OS Locale Encoding : windows-1252
2024-06-27 10:10:15|   0.0|  0.0|INFORM|Process Encoding   : UTF-8
2024-06-27 10:10:15|   0.0|  0.0|INFORM|FME API version: '4.0 20240212'
2024-06-27 10:10:15|   0.0|  0.0|INFORM|FME Configuration: FME_BASE is 'no'
2024-06-27 10:10:15|   0.0|  0.0|INFORM|FME Configuration: FME_MF_DIR is 'C:\Users\abazin\Documents\1 - BG\FME\Formation\Tutoriels\Tuto - Feature type dynamique et gestion du schema/'
2024-06-27 10:10:15|   0.0|  0.0|INFORM|FME Configuration: FME_MF_NAME is 'Tuto - Feature type dynamique et gestion du schema.fmw'
2024-06-27 10:10:15|   0.0|  0.0|INFORM|FME Configuration: FME_PRODUCT_NAME is 'FME(R) 2024.0.3.0'
2024-06-27 10:10:15|   0.0|  0.0|INFORM|Operating System: Microsoft Windows 11 64-bit  (Build 22631)
2024-06-27 10:10:15|   0.0|  0.0|INFORM|FME Platform: WIN64
2024-06-27 10:10:15|   0.0|  0.0|INFORM|System Status: 228.02 GB of disk space available in the FME temporary folder (C:\Users\abazin\AppData\Local\Temp\wbrun_1719473294806_29416\fmetmp_0)
2024-06-27 10:10:15|   0.0|  0.0|INFORM|System Status: 15.69 GB of physical memory available
2024-06-27 10:10:15|   0.0|  0.0|INFORM|System Status: 62.77 GB of virtual memory available
2024-06-27 10:10:15|   0.0|  0.0|INFORM|START - ProcessID: 18584, peak process memory usage: 42112 kB, current process memory usage: 42112 kB
2024-06-27 10:10:15|   0.0|  0.0|INFORM|FME Configuration: Command line arguments are `C:\Program Files\FME\FME_2024.0.3\fme.exe' `C:\Users\abazin\Documents\1 - BG\FME\Formation\Tutoriels\Tuto - Feature type dynamique et gestion du schema\wb-xlate-1719475813277_29416' `LOG_STANDARDOUT' `YES' `LOG_TIMINGS' `YES' `LogCountServerName' `63967' `LOG_STANDARDOUT' `No' `WORKBENCH_LOG_SERVER' `62526'
2024-06-27 10:10:15|   0.0|  0.0|INFORM|FME Configuration: Connection Storage: 'C:\Users\abazin\AppData\Roaming\Safe Software\FME\'
2024-06-27 10:10:15|   0.0|  0.0|INFORM|Shared folders for formats are : C:\Program Files\FME\FME_2024.0.3\datasources;C:\Users\abazin\Documents\FME\Formats
2024-06-27 10:10:15|   0.0|  0.0|INFORM|Shared folders for transformers are : C:\Users\abazin\AppData\Roaming\Safe Software\FME\Packages\24220-win64\transformers;C:\Program Files\FME\FME_2024.0.3\transformers;C:\Users\abazin\AppData\Roaming\Safe Software\FME\FME Store\Transformers
2024-06-27 10:10:15|   0.0|  0.0|INFORM|Shared folders for coordinate systems are : C:\Users\abazin\Documents\FME\CoordinateSystems
2024-06-27 10:10:15|   0.0|  0.0|INFORM|Shared folders for coordinate system exceptions are : C:\Users\abazin\Documents\FME\CoordinateSystemExceptions
2024-06-27 10:10:15|   0.0|  0.0|INFORM|Shared folders for coordinate system grid overrides are : C:\Users\abazin\Documents\FME\CoordinateSystemGridOverrides
2024-06-27 10:10:15|   0.0|  0.0|INFORM|Shared folders for CS-MAP transformation exceptions are : C:\Users\abazin\Documents\FME\CsmapTransformationExceptions
2024-06-27 10:10:15|   0.0|  0.0|INFORM|Shared folders for transformer categories are : C:\Users\abazin\Documents\FME\TransformerCategories
2024-06-27 10:10:15|   0.0|  0.0|INFORM|Mapping File Identifier is: Dynamic feature type and schema management
2024-06-27 10:10:15|   0.0|  0.0|INFORM|The workspace was authored with a system encoding of 'windows-1252'. This will be the encoding used for names in this translation. Re-creating the workspace with a utf-8 system will enable FME to use utf-8 names
2024-06-27 10:10:15|   0.0|  0.0|INFORM|FME Configuration: Reader Keyword is `MULTI_READER'
2024-06-27 10:10:15|   0.0|  0.0|INFORM|FME Configuration: Writer Keyword is `PRIMARY_DEST'
2024-06-27 10:10:15|   0.0|  0.0|INFORM|FME Configuration: Writer Group Definition Keyword is `PRIMARY_DEST_DEF'
2024-06-27 10:10:15|   0.0|  0.0|INFORM|FME Configuration: Reader type is `MULTI_READER'
2024-06-27 10:10:15|   0.0|  0.0|INFORM|FME Configuration: Writer type is `MULTI_WRITER'
2024-06-27 10:10:15|   0.0|  0.0|INFORM|FME Configuration: No destination coordinate system set
2024-06-27 10:10:15|   0.0|  0.0|INFORM|FME Configuration: Current working folder is `C:\Users\abazin\Documents\1 - BG\FME\Formation\Tutoriels\Tuto - Feature type dynamique et gestion du schema'
2024-06-27 10:10:15|   0.0|  0.0|INFORM|FME Configuration: Temporary folder is `C:\Users\abazin\AppData\Local\Temp\wbrun_1719473294806_29416\fmetmp_0', set from environment variable `FME_TEMP'
2024-06-27 10:10:15|   0.0|  0.0|INFORM|FME Configuration: Cache folder is 'C:\Users\abazin\AppData\Local\Temp'
2024-06-27 10:10:15|   0.0|  0.0|INFORM|FME Configuration: FME_HOME is `C:\Program Files\FME\FME_2024.0.3\'
2024-06-27 10:10:15|   0.0|  0.0|INFORM|FME Configuration: Start freeing memory when the process exceeds 47.08 GB or address space exceeds 16777216.00 TB
2024-06-27 10:10:15|   0.0|  0.0|INFORM|FME Configuration: Stop freeing memory when the process is below 35.31 GB and address space is below 16777216.00 TB
2024-06-27 10:10:15|   0.0|  0.0|INFORM|FME Configuration: Logging ungrouped output features
2024-06-27 10:10:15|   0.0|  0.0|INFORM|FME Configuration: Logging uncorrelated input features
2024-06-27 10:10:15|   0.0|  0.0|INFORM|FME Configuration: Dumping mapping file
2024-06-27 10:10:15|   0.0|  0.0|INFORM|FME Temporary Folder: C:\Users\abazin\AppData\Local\Temp\wbrun_1719473294806_29416\fmetmp_0
2024-06-27 10:10:15|   0.0|  0.0|INFORM|mapping file Line 0: FME_PYTHON_VERSION 312
2024-06-27 10:10:15|   0.0|  0.0|INFORM|mapping file Line 1: ARCGIS_COMPATIBILITY ARCGIS_AUTO
2024-06-27 10:10:15|   0.0|  0.0|INFORM|mapping file Line 2: GUI IGNORE SourceDataset_CSV2_1,CSV2_IN_FIELDS_GROUP_CSV2_1,CSV2_IN_DELIMITER_CSV2_1,CSV2_IN_FIELD_NAMES_LINE_CSV2_1,CSV2_IN_DATA_START_LINE_CSV2_1,CSV2_IN_ADVANCED_GROUP_CSV2_1,CSV2_IN_FIELD_SEPARATION_GROUP_CSV2_1,CSV2_IN_SKIP_DUPLICATE_DELIMITERS_CSV2_1,CSV2_IN_FIELD_QUALIFIER_CHARACTER_CSV2_1,CSV2_IN_FIELD_QUALIFIER_ESCAPE_CHARACTER_CSV2_1,CSV2_IN_FIELD_NAMES_GROUP_CSV2_1,CSV2_IN_CASE_SENSITIVE_FIELD_NAMES_CSV2_1,CSV2_IN_ENFORCE_STRICT_SCHEMA_CSV2_1,CSV2_IN_FIELD_VALUES_GROUP_CSV2_1,CSV2_IN_TRIM_FIELD_VALUE_QUALIFIERS_CSV2_1,CSV2_IN_ENCODING_GROUP_CSV2_1,CSV2_IN_ENCODING_CSV2_1,CSV2_IN_PRESERVE_SOURCE_ENCODING_CSV2_1,CSV2_IN_SKIPPED_LINES_GROUP_CSV2_1,CSV2_IN_READ_SKIPPED_LINES_CSV2_1,CSV2_IN_NETWORK_AUTHENTICATION_CSV2_1,SourceDataset_CSV2_2,CSV2_IN_FIELDS_GROUP_CSV2_2,CSV2_IN_DELIMITER_CSV2_2,CSV2_IN_FIELD_NAMES_LINE_CSV2_2,CSV2_IN_DATA_START_LINE_CSV2_2,CSV2_IN_ADVANCED_GROUP_CSV2_2,CSV2_IN_FIELD_SEPARATION_GROUP_CSV2_2,CSV2_IN_SKIP_DUPLICATE_DELIMITERS_CSV2_2,CSV2_IN_FIELD_QUALIFIER_CHARACTER_CSV2_2,CSV2_IN_FIELD_QUALIFIER_ESCAPE_CHARACTER_CSV2_2,CSV2_IN_FIELD_NAMES_GROUP_CSV2_2,CSV2_IN_CASE_SENSITIVE_FIELD_NAMES_CSV2_2,CSV2_IN_ENFORCE_STRICT_SCHEMA_CSV2_2,CSV2_IN_FIELD_VALUES_GROUP_CSV2_2,CSV2_IN_TRIM_FIELD_VALUE_QUALIFIERS_CSV2_2,CSV2_IN_ENCODING_GROUP_CSV2_2,CSV2_IN_ENCODING_CSV2_2,CSV2_IN_PRESERVE_SOURCE_ENCODING_CSV2_2,CSV2_IN_SKIPPED_LINES_GROUP_CSV2_2,CSV2_IN_READ_SKIPPED_LINES_CSV2_2,CSV2_IN_NETWORK_AUTHENTICATION_CSV2_2,SourceDataset_CSV2_3,CSV2_IN_FIELDS_GROUP_CSV2_3,CSV2_IN_DELIMITER_CSV2_3,CSV2_IN_FIELD_NAMES_LINE_CSV2_3,CSV2_IN_DATA_START_LINE_CSV2_3,CSV2_IN_ADVANCED_GROUP_CSV2_3,CSV2_IN_FIELD_SEPARATION_GROUP_CSV2_3,CSV2_IN_SKIP_DUPLICATE_DELIMITERS_CSV2_3,CSV2_IN_FIELD_QUALIFIER_CHARACTER_CSV2_3,CSV2_IN_FIELD_QUALIFIER_ESCAPE_CHARACTER_CSV2_3,CSV2_IN_FIELD_NAMES_GROUP_CSV2_3,CSV2_IN_CASE_SENSITIVE_FIELD_NAMES_CSV2_3,CSV2_IN_ENFORCE_STRICT_SCHEMA_CSV2_3,CSV2_IN_FIELD_VALUES_GROUP_CSV2_3,CSV2_IN_TRIM_FIELD_VALUE_QUALIFIERS_CSV2_3,CSV2_IN_ENCODING_GROUP_CSV2_3,CSV2_IN_ENCODING_CSV2_3,CSV2_IN_PRESERVE_SOURCE_ENCODING_CSV2_3,CSV2_IN_SKIPPED_LINES_GROUP_CSV2_3,CSV2_IN_READ_SKIPPED_LINES_CSV2_3,CSV2_IN_NETWORK_AUTHENTICATION_CSV2_3,DestDataset_CSV2_4,CSV2_OUT_DATASET_GROUP_CSV2_4,CSV2_OUT_EXTENSION_CSV2_4,CSV2_OUT_FIELDS_GROUP_CSV2_4,CSV2_OUT_DELIMITER_CSV2_4,CSV2_OUT_ENCODING_GROUP_CSV2_4,CSV2_OUT_ENCODING_CSV2_4,CSV2_OUT_WRITE_BOM_FOR_UNICODE_CSV2_4,CSV2_OUT_ADVANCED_GROUP_CSV2_4,CSV2_OUT_QUALIFY_FIELD_NAMES_CSV2_4,CSV2_OUT_QUALIFY_FIELD_VALUES_CSV2_4,CSV2_OUT_UNQUALIFIED_FIELD_VALUE_HANDLING_CSV2_4,CSV2_OUT_FIELD_QUALIFIER_CHARACTER_CSV2_4,CSV2_OUT_FIELD_QUALIFIER_ESCAPE_CHARACTER_CSV2_4,CSV2_OUT_ROW_TERMINATION_CSV2_4,CSV2_OUT_WRITE_SCHEMA_FILE_CSV2_4,CSV2_OUT_EXISTING_SCHEMA_FILE_HANDLING_CSV2_4 (occurrence 1 of 84 for keyword 'GUI')
2024-06-27 10:10:15|   0.0|  0.0|INFORM|mapping file Line 3: READER_TYPE MULTI_READER
2024-06-27 10:10:15|   0.0|  0.0|INFORM|mapping file Line 4: MULTI_READER_TYPE{0} CSV2
2024-06-27 10:10:15|   0.0|  0.0|INFORM|mapping file Line 5: MULTI_READER_KEYWORD{0} CSV2_1
2024-06-27 10:10:15|   0.0|  0.0|INFORM|mapping file Line 6: MULTI_READER_GEN_DIRECTIVES{0} FIELD_NAMES_GROUP,,PRESERVE_SOURCE_ENCODING,No,ENCODING,windows-1252,FIELDS_GROUP,,EXPOSE_ATTRS_GROUP,,FIELD_SEPARATION_GROUP,,DELIMITER,auto,CASE_SENSITIVE_FIELD_NAMES,Yes,SKIPPED_LINES_GROUP,,SCAN_MAX_ROWS,10000,ADVANCED_GROUP,,QUERY_FEATURE_TYPES_FOR_MERGE_FILTERS,Yes,_MERGE_SCHEMAS,YES,USE_CUSTOM_SCHEMA,NO,SCHEMA_GENERATION_GROUP,,FIELD_QUALIFIER_CHARACTER,<lt>quote<gt>,TRIM_FIELD_NAME_QUALIFIERS,Yes,PREVIEW_PLACEHOLDER,,CSV2_EXPOSE_FORMAT_ATTRS,,SKIP_DUPLICATE_DELIMITERS,No,DATASET_GROUP,,ENCODING_GROUP,,SCAN_ADDITIONAL_FIELDS,No,CHUNK_SIZE,100000,ENFORCE_STRICT_SCHEMA,No,DATA_START_LINE,2,FIELD_VALUES_GROUP,,TRIM_FIELD_VALUE_QUALIFIERS,Yes,FIELD_QUALIFIER_ESCAPE_CHARACTER,<lt>quote<gt>,FIELD_NAMES_LINE,1,SCHEMA,,READ_SKIPPED_LINES,No,SCAN_TYPES,Yes,FEATURE_TYPE_NAME,FILE_NAME
2024-06-27 10:10:15|   0.0|  0.0|INFORM|mapping file Line 7: MULTI_READER_TYPE{1} NULL
2024-06-27 10:10:15|   0.0|  0.0|INFORM|mapping file Line 8: MULTI_READER_FORMAT{1} CSV2
2024-06-27 10:10:15|   0.0|  0.0|INFORM|mapping file Line 9: MULTI_READER_KEYWORD{1} CSV2_2
2024-06-27 10:10:15|   0.0|  0.0|INFORM|mapping file Line 10: MULTI_READER_GEN_DIRECTIVES{1} FIELD_NAMES_GROUP,,PRESERVE_SOURCE_ENCODING,No,ENCODING,windows-1252,FIELDS_GROUP,,EXPOSE_ATTRS_GROUP,,FIELD_SEPARATION_GROUP,,DELIMITER,auto,CASE_SENSITIVE_FIELD_NAMES,Yes,SKIPPED_LINES_GROUP,,SCAN_MAX_ROWS,10000,ADVANCED_GROUP,,QUERY_FEATURE_TYPES_FOR_MERGE_FILTERS,Yes,_MERGE_SCHEMAS,YES,USE_CUSTOM_SCHEMA,NO,SCHEMA_GENERATION_GROUP,,FIELD_QUALIFIER_CHARACTER,<lt>quote<gt>,TRIM_FIELD_NAME_QUALIFIERS,Yes,PREVIEW_PLACEHOLDER,,CSV2_EXPOSE_FORMAT_ATTRS,,SKIP_DUPLICATE_DELIMITERS,No,DATASET_GROUP,,ENCODING_GROUP,,SCAN_ADDITIONAL_FIELDS,No,CHUNK_SIZE,100000,ENFORCE_STRICT_SCHEMA,No,DATA_START_LINE,2,FIELD_VALUES_GROUP,,TRIM_FIELD_VALUE_QUALIFIERS,Yes,FIELD_QUALIFIER_ESCAPE_CHARACTER,<lt>quote<gt>,FIELD_NAMES_LINE,1,SCHEMA,,_EXTRA_DATASETS,<quote>C:<backslash>Users<backslash>abazin<backslash>Documents<backslash>3<space>-<space>Formation<backslash>FME<backslash>Formation<space>FME<backslash>Tuto<space>-<space>Sch<u00e9>ma<space>et<space>attributs<backslash>data_structure<space>-<space>structure<space>2.csv<quote>,READ_SKIPPED_LINES,No,SCAN_TYPES,Yes,FEATURE_TYPE_NAME,FILE_NAME
2024-06-27 10:10:15|   0.0|  0.0|INFORM|mapping file Line 11: MULTI_READER_TYPE{2} NULL
2024-06-27 10:10:15|   0.0|  0.0|INFORM|mapping file Line 12: MULTI_READER_FORMAT{2} CSV2
2024-06-27 10:10:15|   0.0|  0.0|INFORM|mapping file Line 13: MULTI_READER_KEYWORD{2} CSV2_3
2024-06-27 10:10:15|   0.0|  0.0|INFORM|mapping file Line 14: MULTI_READER_GEN_DIRECTIVES{2} FIELD_NAMES_GROUP,,PRESERVE_SOURCE_ENCODING,No,ENCODING,windows-1252,FIELDS_GROUP,,EXPOSE_ATTRS_GROUP,,FIELD_SEPARATION_GROUP,,DELIMITER,auto,CASE_SENSITIVE_FIELD_NAMES,Yes,SKIPPED_LINES_GROUP,,SCAN_MAX_ROWS,10000,ADVANCED_GROUP,,QUERY_FEATURE_TYPES_FOR_MERGE_FILTERS,Yes,_MERGE_SCHEMAS,YES,USE_CUSTOM_SCHEMA,NO,SCHEMA_GENERATION_GROUP,,FIELD_QUALIFIER_CHARACTER,<lt>quote<gt>,TRIM_FIELD_NAME_QUALIFIERS,Yes,PREVIEW_PLACEHOLDER,,CSV2_EXPOSE_FORMAT_ATTRS,,SKIP_DUPLICATE_DELIMITERS,No,DATASET_GROUP,,ENCODING_GROUP,,SCAN_ADDITIONAL_FIELDS,No,CHUNK_SIZE,100000,ENFORCE_STRICT_SCHEMA,No,DATA_START_LINE,2,FIELD_VALUES_GROUP,,TRIM_FIELD_VALUE_QUALIFIERS,Yes,DYNAMIC_WORKFLOW,yes,FIELD_QUALIFIER_ESCAPE_CHARACTER,<lt>quote<gt>,FIELD_NAMES_LINE,1,SCHEMA,,_EXTRA_DATASETS,<quote>C:<backslash>Users<backslash>abazin<backslash>Documents<backslash>3<space>-<space>Formation<backslash>FME<backslash>Formation<space>FME<backslash>Tuto<space>-<space>Sch<u00e9>ma<space>et<space>attributs<backslash>data_input<space>-<space>table<space>B.csv<quote>,READ_SKIPPED_LINES,No,SCAN_TYPES,Yes,FEATURE_TYPE_NAME,FILE_NAME
2024-06-27 10:10:15|   0.0|  0.0|INFORM|mapping file Line 15: WRITER_TYPE MULTI_WRITER
2024-06-27 10:10:15|   0.0|  0.0|INFORM|mapping file Line 16: WRITER_KEYWORD PRIMARY_DEST
2024-06-27 10:10:15|   0.0|  0.0|INFORM|mapping file Line 17: PRIMARY_DEST_DATASET_ORDER BY_ID
2024-06-27 10:10:15|   0.0|  0.0|INFORM|mapping file Line 18: PRIMARY_DEST_FIRST_WRITER_ID 0
2024-06-27 10:10:15|   0.0|  0.0|INFORM|mapping file Line 19: PRIMARY_DEST_TYPE{0} CSV2
2024-06-27 10:10:15|   0.0|  0.0|INFORM|mapping file Line 20: PRIMARY_DEST_KEYWORD{0} CSV2_4
2024-06-27 10:10:15|   0.0|  0.0|INFORM|mapping file Line 21: GUI MULTIFILE SourceDataset_CSV2_1 CSV/Compressed_CSV/TEXT_Files(*.csv;*.gz;*.txt)|*.csv;*.gz;*.txt|CSV_Files(*.csv)|*.csv|Compressed_CSV_Files(*.gz)|*.gz|Text_Files(*.txt)|*.txt|All_Files|* Source CSV (CommaSeparatedValue) File(s): (occurrence 2 of 84 for keyword 'GUI')
2024-06-27 10:10:15|   0.0|  0.0|INFORM|mapping file Line 22: CSV2_1_FEATURE_TYPE_NAME FILE_NAME
2024-06-27 10:10:15|   0.0|  0.0|INFORM|mapping file Line 23: GUI OPTIONAL DISCLOSUREGROUP CSV2_IN_FIELDS_GROUP_CSV2_1 CSV2_IN_DELIMITER_CSV2_1%CSV2_IN_FIELD_NAMES_LINE_CSV2_1%CSV2_IN_DATA_START_LINE_CSV2_1 Fields (occurrence 3 of 84 for keyword 'GUI')
2024-06-27 10:10:15|   0.0|  0.0|INFORM|mapping file Line 24: CSV2_1_DELIMITER auto
2024-06-27 10:10:15|   0.0|  0.0|INFORM|mapping file Line 25: GUI STRING_OR_CHOICE_ENCODED CSV2_IN_DELIMITER_CSV2_1 auto%,%;%|%space%tab Delimiter Character: (occurrence 4 of 84 for keyword 'GUI')
2024-06-27 10:10:15|   0.0|  0.0|INFORM|mapping file Line 26: CSV2_1_FIELD_NAMES_LINE 1
2024-06-27 10:10:15|   0.0|  0.0|INFORM|mapping file Line 27: GUI OPTIONAL INT_OR_CHOICE CSV2_IN_FIELD_NAMES_LINE_CSV2_1 None%1%2%3%4%5 Field Names Line: (occurrence 5 of 84 for keyword 'GUI')
2024-06-27 10:10:15|   0.0|  0.0|INFORM|mapping file Line 28: GUI LOOKUP CSV2_IN_FIELD_NAMES_LINE_CSV2_1 None, (occurrence 6 of 84 for keyword 'GUI')
2024-06-27 10:10:15|   0.0|  0.0|INFORM|mapping file Line 29: CSV2_1_DATA_START_LINE 2
2024-06-27 10:10:15|   0.0|  0.0|INFORM|mapping file Line 30: GUI RANGE_SLIDER CSV2_IN_DATA_START_LINE_CSV2_1 1%MAX%0 Data Start Line: (occurrence 7 of 84 for keyword 'GUI')
2024-06-27 10:10:15|   0.0|  0.0|INFORM|mapping file Line 31: GUI OPTIONAL DISCLOSUREGROUP CSV2_IN_ADVANCED_GROUP_CSV2_1 FME_DISCLOSURE_CLOSED%CSV2_IN_FIELD_SEPARATION_GROUP_CSV2_1%CSV2_IN_FIELD_NAMES_GROUP_CSV2_1%CSV2_IN_FIELD_VALUES_GROUP_CSV2_1%CSV2_IN_ENCODING_GROUP_CSV2_1%CSV2_IN_SKIPPED_LINES_GROUP_CSV2_1%CSV2_IN_SCHEMA_GENERATION_GROUP Advanced (occurrence 8 of 84 for keyword 'GUI')
2024-06-27 10:10:15|   0.0|  0.0|INFORM|mapping file Line 32: GUI OPTIONAL DISCLOSUREGROUP CSV2_IN_FIELD_SEPARATION_GROUP_CSV2_1 FME_DISCLOSURE_CLOSED%CSV2_IN_SKIP_DUPLICATE_DELIMITERS_CSV2_1%CSV2_IN_FIELD_QUALIFIER_CHARACTER_CSV2_1%CSV2_IN_FIELD_QUALIFIER_ESCAPE_CHARACTER_CSV2_1 Field Separation (occurrence 9 of 84 for keyword 'GUI')
2024-06-27 10:10:15|   0.0|  0.0|INFORM|mapping file Line 33: CSV2_1_SKIP_DUPLICATE_DELIMITERS No
2024-06-27 10:10:15|   0.0|  0.0|INFORM|mapping file Line 34: GUI CHOICE CSV2_IN_SKIP_DUPLICATE_DELIMITERS_CSV2_1 Yes%No Skip Duplicate Delimiters: (occurrence 10 of 84 for keyword 'GUI')
2024-06-27 10:10:15|   0.0|  0.0|INFORM|mapping file Line 35: CSV2_1_FIELD_QUALIFIER_CHARACTER <quote>
2024-06-27 10:10:15|   0.0|  0.0|INFORM|mapping file Line 36: GUI OPTIONAL STRING_ENCODED CSV2_IN_FIELD_QUALIFIER_CHARACTER_CSV2_1 Field Qualifier Character: (occurrence 11 of 84 for keyword 'GUI')
2024-06-27 10:10:15|   0.0|  0.0|INFORM|mapping file Line 37: CSV2_1_FIELD_QUALIFIER_ESCAPE_CHARACTER <quote>
2024-06-27 10:10:15|   0.0|  0.0|INFORM|mapping file Line 38: GUI OPTIONAL STRING_ENCODED CSV2_IN_FIELD_QUALIFIER_ESCAPE_CHARACTER_CSV2_1 Field Qualifier Escape Character: (occurrence 12 of 84 for keyword 'GUI')
2024-06-27 10:10:15|   0.0|  0.0|INFORM|mapping file Line 39: GUI OPTIONAL DISCLOSUREGROUP CSV2_IN_FIELD_NAMES_GROUP_CSV2_1 FME_DISCLOSURE_CLOSED%CSV2_IN_CASE_SENSITIVE_FIELD_NAMES_CSV2_1%CSV2_IN_ENFORCE_STRICT_SCHEMA_CSV2_1 Field Names (occurrence 13 of 84 for keyword 'GUI')
2024-06-27 10:10:15|   0.0|  0.0|INFORM|mapping file Line 40: CSV2_1_TRIM_FIELD_NAME_QUALIFIERS Yes
2024-06-27 10:10:15|   0.0|  0.0|INFORM|mapping file Line 41: CSV2_1_CASE_SENSITIVE_FIELD_NAMES Yes
2024-06-27 10:10:15|   0.0|  0.0|INFORM|mapping file Line 42: GUI CHOICE CSV2_IN_CASE_SENSITIVE_FIELD_NAMES_CSV2_1 Yes%No Case Sensitive Field Names: (occurrence 14 of 84 for keyword 'GUI')
2024-06-27 10:10:15|   0.0|  0.0|INFORM|mapping file Line 43: CSV2_1_ENFORCE_STRICT_SCHEMA No
2024-06-27 10:10:15|   0.0|  0.0|INFORM|mapping file Line 44: GUI CHOICE CSV2_IN_ENFORCE_STRICT_SCHEMA_CSV2_1 Yes%No Enforce Strict Schema: (occurrence 15 of 84 for keyword 'GUI')
2024-06-27 10:10:15|   0.0|  0.0|INFORM|mapping file Line 45: GUI OPTIONAL DISCLOSUREGROUP CSV2_IN_FIELD_VALUES_GROUP_CSV2_1 FME_DISCLOSURE_CLOSED%CSV2_IN_TRIM_FIELD_VALUE_QUALIFIERS_CSV2_1 Field Values (occurrence 16 of 84 for keyword 'GUI')
2024-06-27 10:10:15|   0.0|  0.0|INFORM|mapping file Line 46: CSV2_1_TRIM_FIELD_VALUE_QUALIFIERS Yes
2024-06-27 10:10:15|   0.0|  0.0|INFORM|mapping file Line 47: GUI CHOICE CSV2_IN_TRIM_FIELD_VALUE_QUALIFIERS_CSV2_1 Yes%No Trim Field Qualifier Characters: (occurrence 17 of 84 for keyword 'GUI')
2024-06-27 10:10:15|   0.0|  0.0|INFORM|mapping file Line 48: GUI OPTIONAL DISCLOSUREGROUP CSV2_IN_ENCODING_GROUP_CSV2_1 FME_DISCLOSURE_CLOSED%CSV2_IN_ENCODING_CSV2_1%CSV2_IN_PRESERVE_SOURCE_ENCODING_CSV2_1 Encoding (occurrence 18 of 84 for keyword 'GUI')
2024-06-27 10:10:15|   0.0|  0.0|INFORM|mapping file Line 49: CSV2_1_ENCODING windows-1252
2024-06-27 10:10:15|   0.0|  0.0|INFORM|mapping file Line 50: GUI STRING_OR_ENCODING CSV2_IN_ENCODING_CSV2_1 fme-system%* Character Encoding: (occurrence 19 of 84 for keyword 'GUI')
2024-06-27 10:10:15|   0.0|  0.0|INFORM|mapping file Line 51: CSV2_1_PRESERVE_SOURCE_ENCODING No
2024-06-27 10:10:15|   0.0|  0.0|INFORM|mapping file Line 52: GUI CHOICE CSV2_IN_PRESERVE_SOURCE_ENCODING_CSV2_1 Yes%No Preserve Source Encoding: (occurrence 20 of 84 for keyword 'GUI')
2024-06-27 10:10:15|   0.0|  0.0|INFORM|mapping file Line 53: GUI OPTIONAL DISCLOSUREGROUP CSV2_IN_SKIPPED_LINES_GROUP_CSV2_1 FME_DISCLOSURE_CLOSED%CSV2_IN_READ_SKIPPED_LINES_CSV2_1 Skipped Lines (occurrence 21 of 84 for keyword 'GUI')
2024-06-27 10:10:15|   0.0|  0.0|INFORM|mapping file Line 54: CSV2_1_READ_SKIPPED_LINES No
2024-06-27 10:10:15|   0.0|  0.0|INFORM|mapping file Line 55: GUI CHOICE CSV2_IN_READ_SKIPPED_LINES_CSV2_1 Yes%No Read Skipped Lines: (occurrence 22 of 84 for keyword 'GUI')
2024-06-27 10:10:15|   0.0|  0.0|INFORM|mapping file Line 56: CSV2_1_SCAN_MAX_ROWS 10000
2024-06-27 10:10:15|   0.0|  0.0|INFORM|mapping file Line 57: CSV2_1_SCAN_TYPES Yes
2024-06-27 10:10:15|   0.0|  0.0|INFORM|mapping file Line 58: CSV2_1_SCAN_ADDITIONAL_FIELDS No
2024-06-27 10:10:15|   0.0|  0.0|INFORM|mapping file Line 59: CSV2_1_EXPOSE_ATTRS_GROUP 
2024-06-27 10:10:15|   0.0|  0.0|INFORM|mapping file Line 60: CSV2_1_QUERY_FEATURE_TYPES_FOR_MERGE_FILTERS Yes
2024-06-27 10:10:15|   0.0|  0.0|INFORM|mapping file Line 61: CSV2_1_CHUNK_SIZE 100000
2024-06-27 10:10:15|   0.0|  0.0|INFORM|mapping file Line 62: CSV2_1_NETWORK_AUTHENTICATION 
2024-06-27 10:10:15|   0.0|  0.0|INFORM|mapping file Line 63: GUI OPTIONAL AUTHENTICATOR CSV2_IN_NETWORK_AUTHENTICATION_CSV2_1 CONTAINER%GROUP%CONTAINER_TITLE%Network Authentication%PROMPT_TYPE%NETWORK Network Authentication (occurrence 23 of 84 for keyword 'GUI')
2024-06-27 10:10:15|   0.0|  0.0|INFORM|mapping file Line 64: CSV2_1_ATTRIBUTE_READING DEFLINE
2024-06-27 10:10:15|   0.0|  0.0|INFORM|mapping file Line 65: CSV2_1_GENERATE_FME_BUILD_NUM 20596
2024-06-27 10:10:15|   0.0|  0.0|INFORM|mapping file Line 66: CSV2_1_DATASET C:\Users\abazin\Documents\1 - BG\FME\Formation\Tutoriels\Tuto - Feature type dynamique et gestion du schema/\data_input\*.csv
2024-06-27 10:10:15|   0.0|  0.0|INFORM|mapping file Line 67: GUI MULTIFILE SourceDataset_CSV2_2 CSV/Compressed_CSV/TEXT_Files(*.csv;*.gz;*.txt)|*.csv;*.gz;*.txt|CSV_Files(*.csv)|*.csv|Compressed_CSV_Files(*.gz)|*.gz|Text_Files(*.txt)|*.txt|All_Files|* Source CSV (CommaSeparatedValue) File(s): (occurrence 24 of 84 for keyword 'GUI')
2024-06-27 10:10:15|   0.0|  0.0|INFORM|mapping file Line 68: CSV2_2_FEATURE_TYPE_NAME FILE_NAME
2024-06-27 10:10:15|   0.0|  0.0|INFORM|mapping file Line 69: GUI OPTIONAL DISCLOSUREGROUP CSV2_IN_FIELDS_GROUP_CSV2_2 CSV2_IN_DELIMITER_CSV2_2%CSV2_IN_FIELD_NAMES_LINE_CSV2_2%CSV2_IN_DATA_START_LINE_CSV2_2 Fields (occurrence 25 of 84 for keyword 'GUI')
2024-06-27 10:10:15|   0.0|  0.0|INFORM|mapping file Line 70: CSV2_2_DELIMITER auto
2024-06-27 10:10:15|   0.0|  0.0|INFORM|mapping file Line 71: GUI STRING_OR_CHOICE_ENCODED CSV2_IN_DELIMITER_CSV2_2 auto%,%;%|%space%tab Delimiter Character: (occurrence 26 of 84 for keyword 'GUI')
2024-06-27 10:10:15|   0.0|  0.0|INFORM|mapping file Line 72: CSV2_2_FIELD_NAMES_LINE 1
2024-06-27 10:10:15|   0.0|  0.0|INFORM|mapping file Line 73: GUI OPTIONAL INT_OR_CHOICE CSV2_IN_FIELD_NAMES_LINE_CSV2_2 None%1%2%3%4%5 Field Names Line: (occurrence 27 of 84 for keyword 'GUI')
2024-06-27 10:10:15|   0.0|  0.0|INFORM|mapping file Line 74: GUI LOOKUP CSV2_IN_FIELD_NAMES_LINE_CSV2_2 None, (occurrence 28 of 84 for keyword 'GUI')
2024-06-27 10:10:15|   0.0|  0.0|INFORM|mapping file Line 75: CSV2_2_DATA_START_LINE 2
2024-06-27 10:10:15|   0.0|  0.0|INFORM|mapping file Line 76: GUI RANGE_SLIDER CSV2_IN_DATA_START_LINE_CSV2_2 1%MAX%0 Data Start Line: (occurrence 29 of 84 for keyword 'GUI')
2024-06-27 10:10:15|   0.0|  0.0|INFORM|mapping file Line 77: GUI OPTIONAL DISCLOSUREGROUP CSV2_IN_ADVANCED_GROUP_CSV2_2 FME_DISCLOSURE_CLOSED%CSV2_IN_FIELD_SEPARATION_GROUP_CSV2_2%CSV2_IN_FIELD_NAMES_GROUP_CSV2_2%CSV2_IN_FIELD_VALUES_GROUP_CSV2_2%CSV2_IN_ENCODING_GROUP_CSV2_2%CSV2_IN_SKIPPED_LINES_GROUP_CSV2_2%CSV2_IN_SCHEMA_GENERATION_GROUP Advanced (occurrence 30 of 84 for keyword 'GUI')
2024-06-27 10:10:15|   0.0|  0.0|INFORM|mapping file Line 78: GUI OPTIONAL DISCLOSUREGROUP CSV2_IN_FIELD_SEPARATION_GROUP_CSV2_2 FME_DISCLOSURE_CLOSED%CSV2_IN_SKIP_DUPLICATE_DELIMITERS_CSV2_2%CSV2_IN_FIELD_QUALIFIER_CHARACTER_CSV2_2%CSV2_IN_FIELD_QUALIFIER_ESCAPE_CHARACTER_CSV2_2 Field Separation (occurrence 31 of 84 for keyword 'GUI')
2024-06-27 10:10:15|   0.0|  0.0|INFORM|mapping file Line 79: CSV2_2_SKIP_DUPLICATE_DELIMITERS No
2024-06-27 10:10:15|   0.0|  0.0|INFORM|mapping file Line 80: GUI CHOICE CSV2_IN_SKIP_DUPLICATE_DELIMITERS_CSV2_2 Yes%No Skip Duplicate Delimiters: (occurrence 32 of 84 for keyword 'GUI')
2024-06-27 10:10:15|   0.0|  0.0|INFORM|mapping file Line 81: CSV2_2_FIELD_QUALIFIER_CHARACTER <quote>
2024-06-27 10:10:15|   0.0|  0.0|INFORM|mapping file Line 82: GUI OPTIONAL STRING_ENCODED CSV2_IN_FIELD_QUALIFIER_CHARACTER_CSV2_2 Field Qualifier Character: (occurrence 33 of 84 for keyword 'GUI')
2024-06-27 10:10:15|   0.0|  0.0|INFORM|mapping file Line 83: CSV2_2_FIELD_QUALIFIER_ESCAPE_CHARACTER <quote>
2024-06-27 10:10:15|   0.0|  0.0|INFORM|mapping file Line 84: GUI OPTIONAL STRING_ENCODED CSV2_IN_FIELD_QUALIFIER_ESCAPE_CHARACTER_CSV2_2 Field Qualifier Escape Character: (occurrence 34 of 84 for keyword 'GUI')
2024-06-27 10:10:15|   0.0|  0.0|INFORM|mapping file Line 85: GUI OPTIONAL DISCLOSUREGROUP CSV2_IN_FIELD_NAMES_GROUP_CSV2_2 FME_DISCLOSURE_CLOSED%CSV2_IN_CASE_SENSITIVE_FIELD_NAMES_CSV2_2%CSV2_IN_ENFORCE_STRICT_SCHEMA_CSV2_2 Field Names (occurrence 35 of 84 for keyword 'GUI')
2024-06-27 10:10:15|   0.0|  0.0|INFORM|mapping file Line 86: CSV2_2_TRIM_FIELD_NAME_QUALIFIERS Yes
2024-06-27 10:10:15|   0.0|  0.0|INFORM|mapping file Line 87: CSV2_2_CASE_SENSITIVE_FIELD_NAMES Yes
2024-06-27 10:10:15|   0.0|  0.0|INFORM|mapping file Line 88: GUI CHOICE CSV2_IN_CASE_SENSITIVE_FIELD_NAMES_CSV2_2 Yes%No Case Sensitive Field Names: (occurrence 36 of 84 for keyword 'GUI')
2024-06-27 10:10:15|   0.0|  0.0|INFORM|mapping file Line 89: CSV2_2_ENFORCE_STRICT_SCHEMA No
2024-06-27 10:10:15|   0.0|  0.0|INFORM|mapping file Line 90: GUI CHOICE CSV2_IN_ENFORCE_STRICT_SCHEMA_CSV2_2 Yes%No Enforce Strict Schema: (occurrence 37 of 84 for keyword 'GUI')
2024-06-27 10:10:15|   0.0|  0.0|INFORM|mapping file Line 91: GUI OPTIONAL DISCLOSUREGROUP CSV2_IN_FIELD_VALUES_GROUP_CSV2_2 FME_DISCLOSURE_CLOSED%CSV2_IN_TRIM_FIELD_VALUE_QUALIFIERS_CSV2_2 Field Values (occurrence 38 of 84 for keyword 'GUI')
2024-06-27 10:10:15|   0.0|  0.0|INFORM|mapping file Line 92: CSV2_2_TRIM_FIELD_VALUE_QUALIFIERS Yes
2024-06-27 10:10:15|   0.0|  0.0|INFORM|mapping file Line 93: GUI CHOICE CSV2_IN_TRIM_FIELD_VALUE_QUALIFIERS_CSV2_2 Yes%No Trim Field Qualifier Characters: (occurrence 39 of 84 for keyword 'GUI')
2024-06-27 10:10:15|   0.0|  0.0|INFORM|mapping file Line 94: GUI OPTIONAL DISCLOSUREGROUP CSV2_IN_ENCODING_GROUP_CSV2_2 FME_DISCLOSURE_CLOSED%CSV2_IN_ENCODING_CSV2_2%CSV2_IN_PRESERVE_SOURCE_ENCODING_CSV2_2 Encoding (occurrence 40 of 84 for keyword 'GUI')
2024-06-27 10:10:15|   0.0|  0.0|INFORM|mapping file Line 95: CSV2_2_ENCODING windows-1252
2024-06-27 10:10:15|   0.0|  0.0|INFORM|mapping file Line 96: GUI STRING_OR_ENCODING CSV2_IN_ENCODING_CSV2_2 fme-system%* Character Encoding: (occurrence 41 of 84 for keyword 'GUI')
2024-06-27 10:10:15|   0.0|  0.0|INFORM|mapping file Line 97: CSV2_2_PRESERVE_SOURCE_ENCODING No
2024-06-27 10:10:15|   0.0|  0.0|INFORM|mapping file Line 98: GUI CHOICE CSV2_IN_PRESERVE_SOURCE_ENCODING_CSV2_2 Yes%No Preserve Source Encoding: (occurrence 42 of 84 for keyword 'GUI')
2024-06-27 10:10:15|   0.0|  0.0|INFORM|mapping file Line 99: GUI OPTIONAL DISCLOSUREGROUP CSV2_IN_SKIPPED_LINES_GROUP_CSV2_2 FME_DISCLOSURE_CLOSED%CSV2_IN_READ_SKIPPED_LINES_CSV2_2 Skipped Lines (occurrence 43 of 84 for keyword 'GUI')
2024-06-27 10:10:15|   0.0|  0.0|INFORM|mapping file Line 100: CSV2_2_READ_SKIPPED_LINES No
2024-06-27 10:10:15|   0.0|  0.0|INFORM|mapping file Line 101: GUI CHOICE CSV2_IN_READ_SKIPPED_LINES_CSV2_2 Yes%No Read Skipped Lines: (occurrence 44 of 84 for keyword 'GUI')
2024-06-27 10:10:15|   0.0|  0.0|INFORM|mapping file Line 102: CSV2_2_SCAN_MAX_ROWS 10000
2024-06-27 10:10:15|   0.0|  0.0|INFORM|mapping file Line 103: CSV2_2_SCAN_TYPES Yes
2024-06-27 10:10:15|   0.0|  0.0|INFORM|mapping file Line 104: CSV2_2_SCAN_ADDITIONAL_FIELDS No
2024-06-27 10:10:15|   0.0|  0.0|INFORM|mapping file Line 105: CSV2_2_EXPOSE_ATTRS_GROUP 
2024-06-27 10:10:15|   0.0|  0.0|INFORM|mapping file Line 106: CSV2_2_QUERY_FEATURE_TYPES_FOR_MERGE_FILTERS Yes
2024-06-27 10:10:15|   0.0|  0.0|INFORM|mapping file Line 107: CSV2_2_CHUNK_SIZE 100000
2024-06-27 10:10:15|   0.0|  0.0|INFORM|mapping file Line 108: CSV2_2_NETWORK_AUTHENTICATION 
2024-06-27 10:10:15|   0.0|  0.0|INFORM|mapping file Line 109: GUI OPTIONAL AUTHENTICATOR CSV2_IN_NETWORK_AUTHENTICATION_CSV2_2 CONTAINER%GROUP%CONTAINER_TITLE%Network Authentication%PROMPT_TYPE%NETWORK Network Authentication (occurrence 45 of 84 for keyword 'GUI')
2024-06-27 10:10:15|   0.0|  0.0|INFORM|mapping file Line 110: CSV2_2_ATTRIBUTE_READING DEFLINE
2024-06-27 10:10:15|   0.0|  0.0|INFORM|mapping file Line 111: CSV2_2_GENERATE_FME_BUILD_NUM 20596
2024-06-27 10:10:15|   0.0|  0.0|INFORM|mapping file Line 112: CSV2_2_DATASET C:\Users\abazin\Documents\1 - BG\FME\Formation\Tutoriels\Tuto - Feature type dynamique et gestion du schema/\data_structure\*.csv
2024-06-27 10:10:15|   0.0|  0.0|INFORM|mapping file Line 113: CSV2_3_DYNAMIC_WORKFLOW YES
2024-06-27 10:10:15|   0.0|  0.0|INFORM|mapping file Line 114: GUI MULTIFILE SourceDataset_CSV2_3 CSV/Compressed_CSV/TEXT_Files(*.csv;*.gz;*.txt)|*.csv;*.gz;*.txt|CSV_Files(*.csv)|*.csv|Compressed_CSV_Files(*.gz)|*.gz|Text_Files(*.txt)|*.txt|All_Files|* Source CSV (CommaSeparatedValue) File(s): (occurrence 46 of 84 for keyword 'GUI')
2024-06-27 10:10:15|   0.0|  0.0|INFORM|mapping file Line 115: CSV2_3_FEATURE_TYPE_NAME FILE_NAME
2024-06-27 10:10:15|   0.0|  0.0|INFORM|mapping file Line 116: GUI OPTIONAL DISCLOSUREGROUP CSV2_IN_FIELDS_GROUP_CSV2_3 CSV2_IN_DELIMITER_CSV2_3%CSV2_IN_FIELD_NAMES_LINE_CSV2_3%CSV2_IN_DATA_START_LINE_CSV2_3 Fields (occurrence 47 of 84 for keyword 'GUI')
2024-06-27 10:10:15|   0.0|  0.0|INFORM|mapping file Line 117: CSV2_3_DELIMITER auto
2024-06-27 10:10:15|   0.0|  0.0|INFORM|mapping file Line 118: GUI STRING_OR_CHOICE_ENCODED CSV2_IN_DELIMITER_CSV2_3 auto%,%;%|%space%tab Delimiter Character: (occurrence 48 of 84 for keyword 'GUI')
2024-06-27 10:10:15|   0.0|  0.0|INFORM|mapping file Line 119: CSV2_3_FIELD_NAMES_LINE 1
2024-06-27 10:10:15|   0.0|  0.0|INFORM|mapping file Line 120: GUI OPTIONAL INT_OR_CHOICE CSV2_IN_FIELD_NAMES_LINE_CSV2_3 None%1%2%3%4%5 Field Names Line: (occurrence 49 of 84 for keyword 'GUI')
2024-06-27 10:10:15|   0.0|  0.0|INFORM|mapping file Line 121: GUI LOOKUP CSV2_IN_FIELD_NAMES_LINE_CSV2_3 None, (occurrence 50 of 84 for keyword 'GUI')
2024-06-27 10:10:15|   0.0|  0.0|INFORM|mapping file Line 122: CSV2_3_DATA_START_LINE 2
2024-06-27 10:10:15|   0.0|  0.0|INFORM|mapping file Line 123: GUI RANGE_SLIDER CSV2_IN_DATA_START_LINE_CSV2_3 1%MAX%0 Data Start Line: (occurrence 51 of 84 for keyword 'GUI')
2024-06-27 10:10:15|   0.0|  0.0|INFORM|mapping file Line 124: GUI OPTIONAL DISCLOSUREGROUP CSV2_IN_ADVANCED_GROUP_CSV2_3 FME_DISCLOSURE_CLOSED%CSV2_IN_FIELD_SEPARATION_GROUP_CSV2_3%CSV2_IN_FIELD_NAMES_GROUP_CSV2_3%CSV2_IN_FIELD_VALUES_GROUP_CSV2_3%CSV2_IN_ENCODING_GROUP_CSV2_3%CSV2_IN_SKIPPED_LINES_GROUP_CSV2_3%CSV2_IN_SCHEMA_GENERATION_GROUP Advanced (occurrence 52 of 84 for keyword 'GUI')
2024-06-27 10:10:15|   0.0|  0.0|INFORM|mapping file Line 125: GUI OPTIONAL DISCLOSUREGROUP CSV2_IN_FIELD_SEPARATION_GROUP_CSV2_3 FME_DISCLOSURE_CLOSED%CSV2_IN_SKIP_DUPLICATE_DELIMITERS_CSV2_3%CSV2_IN_FIELD_QUALIFIER_CHARACTER_CSV2_3%CSV2_IN_FIELD_QUALIFIER_ESCAPE_CHARACTER_CSV2_3 Field Separation (occurrence 53 of 84 for keyword 'GUI')
2024-06-27 10:10:15|   0.0|  0.0|INFORM|mapping file Line 126: CSV2_3_SKIP_DUPLICATE_DELIMITERS No
2024-06-27 10:10:15|   0.0|  0.0|INFORM|mapping file Line 127: GUI CHOICE CSV2_IN_SKIP_DUPLICATE_DELIMITERS_CSV2_3 Yes%No Skip Duplicate Delimiters: (occurrence 54 of 84 for keyword 'GUI')
2024-06-27 10:10:15|   0.0|  0.0|INFORM|mapping file Line 128: CSV2_3_FIELD_QUALIFIER_CHARACTER <quote>
2024-06-27 10:10:15|   0.0|  0.0|INFORM|mapping file Line 129: GUI OPTIONAL STRING_ENCODED CSV2_IN_FIELD_QUALIFIER_CHARACTER_CSV2_3 Field Qualifier Character: (occurrence 55 of 84 for keyword 'GUI')
2024-06-27 10:10:15|   0.0|  0.0|INFORM|mapping file Line 130: CSV2_3_FIELD_QUALIFIER_ESCAPE_CHARACTER <quote>
2024-06-27 10:10:15|   0.0|  0.0|INFORM|mapping file Line 131: GUI OPTIONAL STRING_ENCODED CSV2_IN_FIELD_QUALIFIER_ESCAPE_CHARACTER_CSV2_3 Field Qualifier Escape Character: (occurrence 56 of 84 for keyword 'GUI')
2024-06-27 10:10:15|   0.0|  0.0|INFORM|mapping file Line 132: GUI OPTIONAL DISCLOSUREGROUP CSV2_IN_FIELD_NAMES_GROUP_CSV2_3 FME_DISCLOSURE_CLOSED%CSV2_IN_CASE_SENSITIVE_FIELD_NAMES_CSV2_3%CSV2_IN_ENFORCE_STRICT_SCHEMA_CSV2_3 Field Names (occurrence 57 of 84 for keyword 'GUI')
2024-06-27 10:10:15|   0.0|  0.0|INFORM|mapping file Line 133: CSV2_3_TRIM_FIELD_NAME_QUALIFIERS Yes
2024-06-27 10:10:15|   0.0|  0.0|INFORM|mapping file Line 134: CSV2_3_CASE_SENSITIVE_FIELD_NAMES Yes
2024-06-27 10:10:15|   0.0|  0.0|INFORM|mapping file Line 135: GUI CHOICE CSV2_IN_CASE_SENSITIVE_FIELD_NAMES_CSV2_3 Yes%No Case Sensitive Field Names: (occurrence 58 of 84 for keyword 'GUI')
2024-06-27 10:10:15|   0.0|  0.0|INFORM|mapping file Line 136: CSV2_3_ENFORCE_STRICT_SCHEMA No
2024-06-27 10:10:15|   0.0|  0.0|INFORM|mapping file Line 137: GUI CHOICE CSV2_IN_ENFORCE_STRICT_SCHEMA_CSV2_3 Yes%No Enforce Strict Schema: (occurrence 59 of 84 for keyword 'GUI')
2024-06-27 10:10:15|   0.0|  0.0|INFORM|mapping file Line 138: GUI OPTIONAL DISCLOSUREGROUP CSV2_IN_FIELD_VALUES_GROUP_CSV2_3 FME_DISCLOSURE_CLOSED%CSV2_IN_TRIM_FIELD_VALUE_QUALIFIERS_CSV2_3 Field Values (occurrence 60 of 84 for keyword 'GUI')
2024-06-27 10:10:15|   0.0|  0.0|INFORM|mapping file Line 139: CSV2_3_TRIM_FIELD_VALUE_QUALIFIERS Yes
2024-06-27 10:10:15|   0.0|  0.0|INFORM|mapping file Line 140: GUI CHOICE CSV2_IN_TRIM_FIELD_VALUE_QUALIFIERS_CSV2_3 Yes%No Trim Field Qualifier Characters: (occurrence 61 of 84 for keyword 'GUI')
2024-06-27 10:10:15|   0.0|  0.0|INFORM|mapping file Line 141: GUI OPTIONAL DISCLOSUREGROUP CSV2_IN_ENCODING_GROUP_CSV2_3 FME_DISCLOSURE_CLOSED%CSV2_IN_ENCODING_CSV2_3%CSV2_IN_PRESERVE_SOURCE_ENCODING_CSV2_3 Encoding (occurrence 62 of 84 for keyword 'GUI')
2024-06-27 10:10:15|   0.0|  0.0|INFORM|mapping file Line 142: CSV2_3_ENCODING windows-1252
2024-06-27 10:10:15|   0.0|  0.0|INFORM|mapping file Line 143: GUI STRING_OR_ENCODING CSV2_IN_ENCODING_CSV2_3 fme-system%* Character Encoding: (occurrence 63 of 84 for keyword 'GUI')
2024-06-27 10:10:15|   0.0|  0.0|INFORM|mapping file Line 144: CSV2_3_PRESERVE_SOURCE_ENCODING No
2024-06-27 10:10:15|   0.0|  0.0|INFORM|mapping file Line 145: GUI CHOICE CSV2_IN_PRESERVE_SOURCE_ENCODING_CSV2_3 Yes%No Preserve Source Encoding: (occurrence 64 of 84 for keyword 'GUI')
2024-06-27 10:10:15|   0.0|  0.0|INFORM|mapping file Line 146: GUI OPTIONAL DISCLOSUREGROUP CSV2_IN_SKIPPED_LINES_GROUP_CSV2_3 FME_DISCLOSURE_CLOSED%CSV2_IN_READ_SKIPPED_LINES_CSV2_3 Skipped Lines (occurrence 65 of 84 for keyword 'GUI')
2024-06-27 10:10:15|   0.0|  0.0|INFORM|mapping file Line 147: CSV2_3_READ_SKIPPED_LINES No
2024-06-27 10:10:15|   0.0|  0.0|INFORM|mapping file Line 148: GUI CHOICE CSV2_IN_READ_SKIPPED_LINES_CSV2_3 Yes%No Read Skipped Lines: (occurrence 66 of 84 for keyword 'GUI')
2024-06-27 10:10:15|   0.0|  0.0|INFORM|mapping file Line 149: CSV2_3_SCAN_MAX_ROWS 10000
2024-06-27 10:10:15|   0.0|  0.0|INFORM|mapping file Line 150: CSV2_3_SCAN_TYPES Yes
2024-06-27 10:10:15|   0.0|  0.0|INFORM|mapping file Line 151: CSV2_3_SCAN_ADDITIONAL_FIELDS No
2024-06-27 10:10:15|   0.0|  0.0|INFORM|mapping file Line 152: CSV2_3_EXPOSE_ATTRS_GROUP 
2024-06-27 10:10:15|   0.0|  0.0|INFORM|mapping file Line 153: CSV2_3_QUERY_FEATURE_TYPES_FOR_MERGE_FILTERS Yes
2024-06-27 10:10:15|   0.0|  0.0|INFORM|mapping file Line 154: CSV2_3_CHUNK_SIZE 100000
2024-06-27 10:10:15|   0.0|  0.0|INFORM|mapping file Line 155: CSV2_3_NETWORK_AUTHENTICATION 
2024-06-27 10:10:15|   0.0|  0.0|INFORM|mapping file Line 156: GUI OPTIONAL AUTHENTICATOR CSV2_IN_NETWORK_AUTHENTICATION_CSV2_3 CONTAINER%GROUP%CONTAINER_TITLE%Network Authentication%PROMPT_TYPE%NETWORK Network Authentication (occurrence 67 of 84 for keyword 'GUI')
2024-06-27 10:10:15|   0.0|  0.0|INFORM|mapping file Line 157: CSV2_3_ATTRIBUTE_READING DEFLINE
2024-06-27 10:10:15|   0.0|  0.0|INFORM|mapping file Line 158: CSV2_3_GENERATE_FME_BUILD_NUM 20596
2024-06-27 10:10:15|   0.0|  0.0|INFORM|mapping file Line 159: CSV2_3_DATASET C:\Users\abazin\Documents\1 - BG\FME\Formation\Tutoriels\Tuto - Feature type dynamique et gestion du schema/\data_input\*.csv
2024-06-27 10:10:15|   0.0|  0.0|INFORM|mapping file Line 160: GUI DIRNAME DestDataset_CSV2_4 Destination CSV (CommaSeparatedValue) Folder: (occurrence 68 of 84 for keyword 'GUI')
2024-06-27 10:10:15|   0.0|  0.0|INFORM|mapping file Line 161: GUI OPTIONAL DISCLOSUREGROUP CSV2_OUT_DATASET_GROUP_CSV2_4 CSV2_OUT_EXTENSION_CSV2_4%CSV2_OUT_EXISTING_FILE_HANDLING Dataset (occurrence 69 of 84 for keyword 'GUI')
2024-06-27 10:10:15|   0.0|  0.0|INFORM|mapping file Line 162: CSV2_4_EXTENSION csv
2024-06-27 10:10:15|   0.0|  0.0|INFORM|mapping file Line 163: GUI OPTIONAL TEXT CSV2_OUT_EXTENSION_CSV2_4 Extension: (occurrence 70 of 84 for keyword 'GUI')
2024-06-27 10:10:15|   0.0|  0.0|INFORM|mapping file Line 164: CSV2_4_EXISTING_FILE_HANDLING Yes
2024-06-27 10:10:15|   0.0|  0.0|INFORM|mapping file Line 165: GUI OPTIONAL DISCLOSUREGROUP CSV2_OUT_FIELDS_GROUP_CSV2_4 CSV2_OUT_DELIMITER_CSV2_4%CSV2_OUT_WRITE_FIELD_NAMES Fields (occurrence 71 of 84 for keyword 'GUI')
2024-06-27 10:10:15|   0.0|  0.0|INFORM|mapping file Line 166: CSV2_4_DELIMITER <semicolon>
2024-06-27 10:10:15|   0.0|  0.0|INFORM|mapping file Line 167: GUI STRING_OR_CHOICE_ENCODED CSV2_OUT_DELIMITER_CSV2_4 ,%;%|%space%tab Delimiter Character: (occurrence 72 of 84 for keyword 'GUI')
2024-06-27 10:10:15|   0.0|  0.0|INFORM|mapping file Line 168: CSV2_4_WRITE_FIELD_NAMES firstrow
2024-06-27 10:10:15|   0.0|  0.0|INFORM|mapping file Line 169: GUI OPTIONAL DISCLOSUREGROUP CSV2_OUT_ENCODING_GROUP_CSV2_4 CSV2_OUT_ENCODING_CSV2_4%CSV2_OUT_WRITE_BOM_FOR_UNICODE_CSV2_4 Encoding (occurrence 73 of 84 for keyword 'GUI')
2024-06-27 10:10:15|   0.0|  0.0|INFORM|mapping file Line 170: CSV2_4_ENCODING UTF-8
2024-06-27 10:10:15|   0.0|  0.0|INFORM|mapping file Line 171: GUI STRING_OR_ENCODING CSV2_OUT_ENCODING_CSV2_4 fme-system%* Character Encoding: (occurrence 74 of 84 for keyword 'GUI')
2024-06-27 10:10:15|   0.0|  0.0|INFORM|mapping file Line 172: CSV2_4_WRITE_BOM_FOR_UNICODE Yes
2024-06-27 10:10:15|   0.0|  0.0|INFORM|mapping file Line 173: GUI CHOICE CSV2_OUT_WRITE_BOM_FOR_UNICODE_CSV2_4 Yes%No Write Byte Order Mark for Unicode: (occurrence 75 of 84 for keyword 'GUI')
2024-06-27 10:10:15|   0.0|  0.0|INFORM|mapping file Line 174: GUI OPTIONAL DISCLOSUREGROUP CSV2_OUT_ADVANCED_GROUP_CSV2_4 FME_DISCLOSURE_CLOSED%CSV2_OUT_QUALIFY_FIELD_NAMES_CSV2_4%CSV2_OUT_QUALIFY_FIELD_VALUES_CSV2_4%CSV2_OUT_UNQUALIFIED_FIELD_VALUE_HANDLING_CSV2_4%CSV2_OUT_FIELD_QUALIFIER_CHARACTER_CSV2_4%CSV2_OUT_FIELD_QUALIFIER_ESCAPE_CHARACTER_CSV2_4%CSV2_OUT_ROW_TERMINATION_CSV2_4%CSV2_OUT_WRITE_SCHEMA_FILE_CSV2_4 Advanced (occurrence 76 of 84 for keyword 'GUI')
2024-06-27 10:10:15|   0.0|  0.0|INFORM|mapping file Line 175: CSV2_4_QUALIFY_FIELD_NAMES if_needed
2024-06-27 10:10:15|   0.0|  0.0|INFORM|mapping file Line 176: GUI LOOKUP_CHOICE CSV2_OUT_QUALIFY_FIELD_NAMES_CSV2_4 Yes,yes%No,no%If<space>Needed,if_needed Qualify Field Names: (occurrence 77 of 84 for keyword 'GUI')
2024-06-27 10:10:15|   0.0|  0.0|INFORM|mapping file Line 177: CSV2_4_QUALIFY_FIELD_VALUES if_needed
2024-06-27 10:10:15|   0.0|  0.0|INFORM|mapping file Line 178: GUI ACTIVECHOICE_LOOKUP CSV2_OUT_QUALIFY_FIELD_VALUES_CSV2_4 Yes,yes,CSV2_OUT_UNQUALIFIED_FIELD_VALUE_HANDLING_CSV2_4%No,no%If<space>Needed,if_needed,CSV2_OUT_UNQUALIFIED_FIELD_VALUE_HANDLING_CSV2_4 Qualify Field Values: (occurrence 78 of 84 for keyword 'GUI')
2024-06-27 10:10:15|   0.0|  0.0|INFORM|mapping file Line 179: CSV2_4_UNQUALIFIED_FIELD_VALUE_HANDLING <Unused>
2024-06-27 10:10:15|   0.0|  0.0|INFORM|mapping file Line 180: GUI LOOKUP_CHOICE CSV2_OUT_UNQUALIFIED_FIELD_VALUE_HANDLING_CSV2_4 Remove<space>Unsafe<space>Characters,remove_unsafe%Preserve<space>Unsafe<space>Characters,preserve_unsafe Unqualified Field Value Handling: (occurrence 79 of 84 for keyword 'GUI')
2024-06-27 10:10:15|   0.0|  0.0|INFORM|mapping file Line 181: CSV2_4_FIELD_QUALIFIER_CHARACTER <quote>
2024-06-27 10:10:15|   0.0|  0.0|INFORM|mapping file Line 182: GUI STRING_ENCODED CSV2_OUT_FIELD_QUALIFIER_CHARACTER_CSV2_4 Field Qualifier Character: (occurrence 80 of 84 for keyword 'GUI')
2024-06-27 10:10:15|   0.0|  0.0|INFORM|mapping file Line 183: CSV2_4_FIELD_QUALIFIER_ESCAPE_CHARACTER <quote>
2024-06-27 10:10:15|   0.0|  0.0|INFORM|mapping file Line 184: GUI STRING_ENCODED CSV2_OUT_FIELD_QUALIFIER_ESCAPE_CHARACTER_CSV2_4 Field Qualifier Escape Character: (occurrence 81 of 84 for keyword 'GUI')
2024-06-27 10:10:15|   0.0|  0.0|INFORM|mapping file Line 185: CSV2_4_ROW_TERMINATION System
2024-06-27 10:10:15|   0.0|  0.0|INFORM|mapping file Line 186: GUI CHOICE CSV2_OUT_ROW_TERMINATION_CSV2_4 System%Windows%Unix%Macintosh Row Termination: (occurrence 82 of 84 for keyword 'GUI')
2024-06-27 10:10:15|   0.0|  0.0|INFORM|mapping file Line 187: CSV2_4_WRITE_SCHEMA_FILE NO
2024-06-27 10:10:15|   0.0|  0.0|INFORM|mapping file Line 188: GUI ACTIVEDISCLOSUREGROUP CSV2_OUT_WRITE_SCHEMA_FILE_CSV2_4 FME_DISCLOSURE_CLOSED%CSV2_OUT_EXISTING_SCHEMA_FILE_HANDLING_CSV2_4 Write Schema Configuration File (occurrence 83 of 84 for keyword 'GUI')
2024-06-27 10:10:15|   0.0|  0.0|INFORM|mapping file Line 189: CSV2_4_EXISTING_SCHEMA_FILE_HANDLING <Unused>
2024-06-27 10:10:15|   0.0|  0.0|INFORM|mapping file Line 190: GUI CHOICE CSV2_OUT_EXISTING_SCHEMA_FILE_HANDLING_CSV2_4 Overwrite%Prepend Existing Schema File Handling: (occurrence 84 of 84 for keyword 'GUI')
2024-06-27 10:10:15|   0.0|  0.0|INFORM|mapping file Line 191: CSV2_4_COORDINATE_SYSTEM_GRANULARITY FEATURE_TYPE
2024-06-27 10:10:15|   0.0|  0.0|INFORM|mapping file Line 192: CSV2_4_GENERATE_FME_BUILD_NUM 20596
2024-06-27 10:10:15|   0.0|  0.0|INFORM|mapping file Line 193: CSV2_4_DATASET C:\Users\abazin\Documents\1 - BG\FME\Formation\Tutoriels\Tuto - Feature type dynamique et gestion du schema/\data_output
2024-06-27 10:10:15|   0.0|  0.0|INFORM|mapping file Line 194: LOG_END_BANNER (occurrence 1 of 5 for keyword 'LOG_END_BANNER')
2024-06-27 10:10:15|   0.0|  0.0|INFORM|mapping file Line 195: LOG_END_BANNER Feature caches have been recorded at every stage of the translation. (occurrence 2 of 5 for keyword 'LOG_END_BANNER')
2024-06-27 10:10:15|   0.0|  0.0|INFORM|mapping file Line 196: LOG_END_BANNER To inspect the recorded features, (occurrence 3 of 5 for keyword 'LOG_END_BANNER')
2024-06-27 10:10:15|   0.0|  0.0|INFORM|mapping file Line 197: LOG_END_BANNER click the feature cache icons next to the ports. (occurrence 4 of 5 for keyword 'LOG_END_BANNER')
2024-06-27 10:10:15|   0.0|  0.0|INFORM|mapping file Line 198: LOG_END_BANNER (occurrence 5 of 5 for keyword 'LOG_END_BANNER')
2024-06-27 10:10:15|   0.0|  0.0|INFORM|mapping file Line 199: LOG_FILENAME C:\Users\abazin\Documents\1 - BG\FME\Formation\Tutoriels\Tuto - Feature type dynamique et gestion du schema/Tuto - Feature type dynamique et gestion du schema.log
2024-06-27 10:10:15|   0.0|  0.0|INFORM|mapping file Line 200: LOG_APPEND NO
2024-06-27 10:10:15|   0.0|  0.0|INFORM|mapping file Line 201: FME_DEBUG MAPPING_FILE BADNEWS UNGROUPED UNCORRELATED DUMP_SCHEMA XSD_VERBOSE HTTP_DEBUG FTP_DEBUG FME_DEBUG STASH
2024-06-27 10:10:15|   0.0|  0.0|INFORM|mapping file Line 202: LOG_FILTER_MASK -1
2024-06-27 10:10:15|   0.0|  0.0|INFORM|mapping file Line 203: LOG_MAX_FEATURES 20
2024-06-27 10:10:15|   0.0|  0.0|INFORM|mapping file Line 204: LOG_MAX_RECORDED_FEATURES 20
2024-06-27 10:10:15|   0.0|  0.0|INFORM|mapping file Line 205: FME_REPROJECTION_ENGINE FME
2024-06-27 10:10:15|   0.0|  0.0|INFORM|mapping file Line 206: FME_IMPLICIT_CSMAP_REPROJECTION_MODE Auto
2024-06-27 10:10:15|   0.0|  0.0|INFORM|mapping file Line 207: FME_GEOMETRY_HANDLING Enhanced
2024-06-27 10:10:15|   0.0|  0.0|INFORM|mapping file Line 208: FME_STROKE_MAX_DEVIATION 0
2024-06-27 10:10:15|   0.0|  0.0|INFORM|mapping file Line 209: FME_NAMES_ENCODING windows-1252
2024-06-27 10:10:15|   0.0|  0.0|INFORM|mapping file Line 210: FME_BULK_MODE_THRESHOLD
2024-06-27 10:10:15|   0.0|  0.0|INFORM|mapping file Line 211: MAPPING_FILE_ID Dynamic<space>feature<space>type<space>and<space>schema<space>management
2024-06-27 10:10:15|   0.0|  0.0|INFORM|mapping file Line 212: CSV2_1_READER_META_ATTRIBUTES fme_feature_type
2024-06-27 10:10:15|   0.0|  0.0|INFORM|mapping file Line 213: CSV2_2_READER_META_ATTRIBUTES fme_feature_type
2024-06-27 10:10:15|   0.0|  0.0|INFORM|mapping file Line 214: CSV2_3_READER_META_ATTRIBUTES fme_feature_type
2024-06-27 10:10:15|   0.0|  0.0|INFORM|mapping file Line 215: CSV2_3_FEATURE_TYPES
2024-06-27 10:10:15|   0.0|  0.0|INFORM|mapping file Line 216: MULTI_READER_CONTINUE_ON_READER_FAILURE No
2024-06-27 10:10:15|   0.0|  0.0|INFORM|mapping file Line 217: FACTORY_DEF * RoutingFactory FACTORY_NAME Router and Unexpected Input Remover COMMAND_PARM_EVALUATION SINGLE_PASS INPUT FEATURE_TYPE * ROUTE CSV2 CSV2_1::data_input - table B multi_reader_keyword,CSV2_1 TO FME_GENERIC ::data_input - table B ALIAS_GEOMETRY ROUTE CSV2 CSV2_1::data_input - table A multi_reader_keyword,CSV2_1 TO FME_GENERIC ::data_input - table A ALIAS_GEOMETRY ROUTE CSV2 CSV2_3::data_input - table A multi_reader_keyword,CSV2_3 TO FME_GENERIC ::data_input - table A ALIAS_GEOMETRY MERGE_INPUT Yes OUTPUT ROUTED FEATURE_TYPE * OUTPUT NOT_ROUTED FEATURE_TYPE * @LogCount(UnexpectedInput @FeatureType()) @FeatureType(__TO_REMOVE__) (occurrence 1 of 30 for keyword 'FACTORY_DEF')
2024-06-27 10:10:15|   0.0|  0.0|INFORM|mapping file Line 218: FACTORY_DEF * TeeFactory FACTORY_NAME Unwanted Router Input Nuker INPUT FEATURE_TYPE __TO_REMOVE__ (occurrence 2 of 30 for keyword 'FACTORY_DEF')
2024-06-27 10:10:15|   0.0|  0.0|INFORM|mapping file Line 219: CSV2_1_MERGE_DEF CSV2_1::data_input - table B EXACT data_input<space>-<space>table<space>B DEFLINE fme_attribute_reading,defined,colonne_B1,uint8,colonne_B2,string,colonne_X,string (occurrence 1 of 2 for keyword 'CSV2_1_MERGE_DEF')
2024-06-27 10:10:15|   0.0|  0.0|INFORM|mapping file Line 220: CSV2_1_MERGE_DEF CSV2_1::data_input - table A EXACT data_input<space>-<space>table<space>A DEFLINE fme_attribute_reading,defined,colonne_A1,uint8,colonne_A2,string,colonne_X,string (occurrence 2 of 2 for keyword 'CSV2_1_MERGE_DEF')
2024-06-27 10:10:15|   0.0|  0.0|INFORM|mapping file Line 221: CSV2_3_MERGE_DEF CSV2_3::data_input - table A GLOB_NOCASE * DEFLINE fme_attribute_reading,all,colonne_A1,uint8,colonne_A2,string,colonne_X,string,colonne_B1,uint8,colonne_B2,string
2024-06-27 10:10:15|   0.0|  0.0|INFORM|mapping file Line 222: FACTORY_DEF * TeeFactory FACTORY_NAME data_input - table A_CSV2_3 Splitter INPUT FEATURE_TYPE data_input - table A multi_reader_keyword CSV2_3 @LogCount(PORT -1 2147549241) (occurrence 3 of 30 for keyword 'FACTORY_DEF')
2024-06-27 10:10:15|   0.0|  0.0|INFORM|mapping file Line 223: FACTORY_DEF {*} RecorderFactory FACTORY_NAME data_input - table A Feature Recorder -1 2147549209 INPUT FEATURE_TYPE data_input - table A multi_reader_keyword CSV2_1 FEATURE_FILE { C:/Users/abazin/AppData/Local/Temp/wb-cache-Tuto - Feature type dynamique et-llufQW/Main_data_input_-_table_A -1 25 -1  0  ac4eb9f657d1dab4b0ea5e3766ce916443c505d4.ffsupdating } MODE RECORD_PASS_THROUGH STORE_SCANNED_SCHEMA YES NORMALIZE_LIST_ATTRIBUTES_ON_SCHEMA YES CREATE_SPATIAL_INDEX YES INSPECTOR YES RECORD_DIRECTLY_TO_DISK YES FSC_SCHEMA { colonne_A1,uint8,colonne_A2,buffer,colonne_X,buffer } FEAT_TYPE_DISPLAY_NAME { data_input<space>-<space>table<space>A } STORE_SCANNED_METADATA PASS_THROUGH_FME_TYPE LARGE_GEOMETRY_DATA_STORAGE REFERENCE NO_LOGGING OUTPUT RECORDED FEATURE_TYPE * (occurrence 4 of 30 for keyword 'FACTORY_DEF')
2024-06-27 10:10:15|   0.0|  0.0|INFORM|mapping file Line 224: FACTORY_DEF * TeeFactory FACTORY_NAME data_input - table A_CSV2_1 Splitter INPUT FEATURE_TYPE data_input - table A multi_reader_keyword CSV2_1 OUTPUT FEATURE_TYPE data_input - table A_CSV2_1 (occurrence 5 of 30 for keyword 'FACTORY_DEF')
2024-06-27 10:10:15|   0.0|  0.0|INFORM|mapping file Line 225: FACTORY_DEF * TeeFactory FACTORY_NAME data_input - table A_CSV2_1 Feature Counter -1 35 INPUT FEATURE_TYPE data_input - table A_CSV2_1 NO_LOGGING OUTPUT FEATURE_TYPE * @LogCount(LINK -1 35) (occurrence 6 of 30 for keyword 'FACTORY_DEF')
2024-06-27 10:10:15|   0.0|  0.0|INFORM|mapping file Line 226: FACTORY_DEF {*} RecorderFactory FACTORY_NAME data_input - table B Feature Recorder -1 2147549210 INPUT FEATURE_TYPE data_input - table B FEATURE_FILE { C:/Users/abazin/AppData/Local/Temp/wb-cache-Tuto - Feature type dynamique et-llufQW/Main_data_input_-_table_B -1 26 -1  0  4114d581b64f7e4381e036a47dd760c23ccdd551.ffsupdating } MODE RECORD_PASS_THROUGH STORE_SCANNED_SCHEMA YES NORMALIZE_LIST_ATTRIBUTES_ON_SCHEMA YES CREATE_SPATIAL_INDEX YES INSPECTOR YES RECORD_DIRECTLY_TO_DISK YES FSC_SCHEMA { colonne_B1,uint8,colonne_B2,buffer,colonne_X,buffer } FEAT_TYPE_DISPLAY_NAME { data_input<space>-<space>table<space>B } STORE_SCANNED_METADATA PASS_THROUGH_FME_TYPE LARGE_GEOMETRY_DATA_STORAGE REFERENCE NO_LOGGING OUTPUT RECORDED FEATURE_TYPE * (occurrence 7 of 30 for keyword 'FACTORY_DEF')
2024-06-27 10:10:15|   0.0|  0.0|INFORM|mapping file Line 227: FACTORY_DEF * TeeFactory FACTORY_NAME data_input - table B_CSV2_1 Splitter INPUT FEATURE_TYPE data_input - table B OUTPUT FEATURE_TYPE data_input - table B_CSV2_1 (occurrence 8 of 30 for keyword 'FACTORY_DEF')
2024-06-27 10:10:15|   0.0|  0.0|INFORM|mapping file Line 228: FACTORY_DEF * TeeFactory FACTORY_NAME data_input - table B_CSV2_1 Feature Counter -1 36 INPUT FEATURE_TYPE data_input - table B_CSV2_1 NO_LOGGING OUTPUT FEATURE_TYPE * @LogCount(LINK -1 36) (occurrence 9 of 30 for keyword 'FACTORY_DEF')
2024-06-27 10:10:15|   0.0|  0.0|INFORM|mapping file Line 229: .metadata XFORMER_BEGIN AttributeExposer;34:Main (occurrence 1 of 8 for keyword '.metadata')
2024-06-27 10:10:15|   0.0|  0.0|INFORM|mapping file Line 230: FACTORY_DEF {*} TeeFactory FACTORY_NAME { AttributeExposer } INPUT FEATURE_TYPE data_input - table A_CSV2_1 INPUT FEATURE_TYPE data_input - table B_CSV2_1 OUTPUT { FEATURE_TYPE AttributeExposer_OUTPUT } (occurrence 10 of 30 for keyword 'FACTORY_DEF')
2024-06-27 10:10:15|   0.0|  0.0|INFORM|mapping file Line 231: FACTORY_DEF {*} RecorderFactory FACTORY_NAME AttributeExposer_OUTPUT Feature Recorder -1 2147614754 INPUT FEATURE_TYPE AttributeExposer_OUTPUT FEATURE_FILE { C:/Users/abazin/AppData/Local/Temp/wb-cache-Tuto - Feature type dynamique et-llufQW/Main_AttributeExposer -1 34 fo 0 OUTPUT  0  2fa3bac4d6479af57cf19765536dc3536170438c.ffsupdating } MODE RECORD_PASS_THROUGH STORE_SCANNED_SCHEMA YES NORMALIZE_LIST_ATTRIBUTES_ON_SCHEMA YES CREATE_SPATIAL_INDEX YES INSPECTOR YES RECORD_DIRECTLY_TO_DISK YES FSC_SCHEMA { colonne_A1,uint8,colonne_A2,buffer,colonne_X,buffer,colonne_B1,uint8,colonne_B2,buffer,fme_feature_type,varchar<openparen>200<closeparen> } FEAT_TYPE_DISPLAY_NAME { AttributeExposer:<space>Output } STORE_SCANNED_METADATA PASS_THROUGH_FME_TYPE LARGE_GEOMETRY_DATA_STORAGE REFERENCE NO_LOGGING OUTPUT RECORDED FEATURE_TYPE * (occurrence 11 of 30 for keyword 'FACTORY_DEF')
2024-06-27 10:10:15|   0.0|  0.0|INFORM|mapping file Line 232: .metadata XFORMER_END AttributeExposer;34:Main (occurrence 2 of 8 for keyword '.metadata')
2024-06-27 10:10:15|   0.0|  0.0|INFORM|mapping file Line 233: FACTORY_DEF * TeeFactory FACTORY_NAME AttributeExposer_OUTPUT Feature Counter -1 37 INPUT FEATURE_TYPE AttributeExposer_OUTPUT NO_LOGGING OUTPUT FEATURE_TYPE * @LogCount(LINK -1 37) (occurrence 12 of 30 for keyword 'FACTORY_DEF')
2024-06-27 10:10:15|   0.0|  0.0|INFORM|mapping file Line 234: .metadata XFORMER_BEGIN AttributeManager;7:Main (occurrence 3 of 8 for keyword '.metadata')
2024-06-27 10:10:15|   0.0|  0.0|INFORM|mapping file Line 235: FACTORY_DEF {*} AttrSetFactory COMMAND_PARM_EVALUATION SINGLE_PASS FACTORY_NAME { AttributeManager } INPUT FEATURE_TYPE AttributeExposer_OUTPUT MULTI_FEATURE_MODE { NO } NULL_ATTR_MODE { NO_OP } ATTRSET_CREATE_DIRECTIVES _PROPAGATE_MISSING_FDIV ACTION_COLUMN 3 DEF_VAL_COLUMN 2 OUTPUT { OUTPUT FEATURE_TYPE AttributeManager_OUTPUT } (occurrence 13 of 30 for keyword 'FACTORY_DEF')
2024-06-27 10:10:15|   0.0|  0.0|INFORM|mapping file Line 236: FACTORY_DEF {*} RecorderFactory FACTORY_NAME AttributeManager_OUTPUT Feature Recorder -1 2147614727 INPUT FEATURE_TYPE AttributeManager_OUTPUT FEATURE_FILE { C:/Users/abazin/AppData/Local/Temp/wb-cache-Tuto - Feature type dynamique et-llufQW/Main_AttributeManager -1 7 fo 0 OUTPUT  0  5dffc7bf8f64138b6af5766ece96279b31cf3538.ffsupdating } MODE RECORD_PASS_THROUGH STORE_SCANNED_SCHEMA YES NORMALIZE_LIST_ATTRIBUTES_ON_SCHEMA YES CREATE_SPATIAL_INDEX YES INSPECTOR YES RECORD_DIRECTLY_TO_DISK YES FSC_SCHEMA { colonne_A1,uint8,colonne_A2,buffer,colonne_X,buffer,colonne_B1,uint8,colonne_B2,buffer,fme_feature_type,varchar<openparen>200<closeparen> } FEAT_TYPE_DISPLAY_NAME { AttributeManager:<space>Output } STORE_SCANNED_METADATA PASS_THROUGH_FME_TYPE LARGE_GEOMETRY_DATA_STORAGE REFERENCE NO_LOGGING OUTPUT RECORDED FEATURE_TYPE * (occurrence 14 of 30 for keyword 'FACTORY_DEF')
2024-06-27 10:10:15|   0.0|  0.0|INFORM|mapping file Line 237: .metadata XFORMER_END AttributeManager;7:Main (occurrence 4 of 8 for keyword '.metadata')
2024-06-27 10:10:15|   0.0|  0.0|INFORM|mapping file Line 238: FACTORY_DEF * TeeFactory FACTORY_NAME AttributeManager_OUTPUT Feature Counter -1 65 INPUT FEATURE_TYPE AttributeManager_OUTPUT NO_LOGGING OUTPUT FEATURE_TYPE * @LogCount(LINK -1 65) (occurrence 15 of 30 for keyword 'FACTORY_DEF')
2024-06-27 10:10:15|   0.0|  0.0|INFORM|mapping file Line 239: .metadata XFORMER_BEGIN Junction;64:Main (occurrence 5 of 8 for keyword '.metadata')
2024-06-27 10:10:15|   0.0|  0.0|INFORM|mapping file Line 240: FACTORY_DEF {*} TeeFactory FACTORY_NAME { Junction } INPUT FEATURE_TYPE AttributeManager_OUTPUT INPUT FEATURE_TYPE AttributeManager_2_OUTPUT OUTPUT { FEATURE_TYPE Junction_Output } (occurrence 16 of 30 for keyword 'FACTORY_DEF')
2024-06-27 10:10:15|   0.0|  0.0|INFORM|mapping file Line 241: FACTORY_DEF {*} RecorderFactory FACTORY_NAME Junction_Output Feature Recorder -1 2147614784 INPUT FEATURE_TYPE Junction_Output FEATURE_FILE { C:/Users/abazin/AppData/Local/Temp/wb-cache-Tuto - Feature type dynamique et-llufQW/Main_Junction -1 64 fo 0 Output  0  4b1c03e704d8bb31fdbb94fe3a6ad20791bb5000.ffsupdating } MODE RECORD_PASS_THROUGH STORE_SCANNED_SCHEMA YES NORMALIZE_LIST_ATTRIBUTES_ON_SCHEMA YES CREATE_SPATIAL_INDEX YES INSPECTOR YES RECORD_DIRECTLY_TO_DISK YES FSC_SCHEMA { colonne_A1,uint8,colonne_A2,buffer,colonne_X,buffer,colonne_B1,uint8,colonne_B2,buffer,fme_feature_type,varchar<openparen>200<closeparen> } FEAT_TYPE_DISPLAY_NAME { Junction:<space>Output } STORE_SCANNED_METADATA PASS_THROUGH_FME_TYPE LARGE_GEOMETRY_DATA_STORAGE REFERENCE NO_LOGGING OUTPUT RECORDED FEATURE_TYPE * (occurrence 17 of 30 for keyword 'FACTORY_DEF')
2024-06-27 10:10:15|   0.0|  0.0|INFORM|mapping file Line 242: FACTORY_DEF * TeeFactory FACTORY_NAME Junction Output Splitter INPUT FEATURE_TYPE Junction_Output OUTPUT FEATURE_TYPE Junction_Output_0_acpQQWiqOtI= OUTPUT FEATURE_TYPE Junction_Output_1_BEaTyY2B6+U= OUTPUT FEATURE_TYPE Junction_Output_2_5STlH0pZgCs= OUTPUT FEATURE_TYPE Junction_Output_3_8IDbzeRZnvQ= OUTPUT FEATURE_TYPE Junction_Output_4_yo8mIo8SzLE= OUTPUT FEATURE_TYPE Junction_Output_5_yLCEKsAmEfI= OUTPUT FEATURE_TYPE Junction_Output_6_LwvctJSg5DQ= (occurrence 18 of 30 for keyword 'FACTORY_DEF')
2024-06-27 10:10:15|   0.0|  0.0|INFORM|mapping file Line 243: .metadata XFORMER_END Junction;64:Main (occurrence 6 of 8 for keyword '.metadata')
2024-06-27 10:10:15|   0.0|  0.0|INFORM|mapping file Line 244: FACTORY_DEF * TeeFactory FACTORY_NAME Junction_Output_0_acpQQWiqOtI= Feature Counter -1 66 INPUT FEATURE_TYPE Junction_Output_0_acpQQWiqOtI= NO_LOGGING OUTPUT FEATURE_TYPE * @LogCount(LINK -1 66) (occurrence 19 of 30 for keyword 'FACTORY_DEF')
2024-06-27 10:10:15|   0.0|  0.0|INFORM|mapping file Line 245: FACTORY_DEF * TeeFactory FACTORY_NAME Junction_Output_1_BEaTyY2B6+U= Feature Counter -1 67 INPUT FEATURE_TYPE Junction_Output_1_BEaTyY2B6+U= NO_LOGGING OUTPUT FEATURE_TYPE * @LogCount(LINK -1 67) (occurrence 20 of 30 for keyword 'FACTORY_DEF')
2024-06-27 10:10:15|   0.0|  0.0|INFORM|mapping file Line 246: FACTORY_DEF * TeeFactory FACTORY_NAME Junction_Output_2_5STlH0pZgCs= Feature Counter -1 68 INPUT FEATURE_TYPE Junction_Output_2_5STlH0pZgCs= NO_LOGGING OUTPUT FEATURE_TYPE * @LogCount(LINK -1 68) (occurrence 21 of 30 for keyword 'FACTORY_DEF')
2024-06-27 10:10:15|   0.0|  0.0|INFORM|mapping file Line 247: FACTORY_DEF * TeeFactory FACTORY_NAME Junction_Output_3_8IDbzeRZnvQ= Feature Counter -1 69 INPUT FEATURE_TYPE Junction_Output_3_8IDbzeRZnvQ= NO_LOGGING OUTPUT FEATURE_TYPE * @LogCount(LINK -1 69) (occurrence 22 of 30 for keyword 'FACTORY_DEF')
2024-06-27 10:10:15|   0.0|  0.0|INFORM|mapping file Line 248: FACTORY_DEF * TeeFactory FACTORY_NAME Junction_Output_4_yo8mIo8SzLE= Feature Counter -1 70 INPUT FEATURE_TYPE Junction_Output_4_yo8mIo8SzLE= NO_LOGGING OUTPUT FEATURE_TYPE * @LogCount(LINK -1 70) (occurrence 23 of 30 for keyword 'FACTORY_DEF')
2024-06-27 10:10:15|   0.0|  0.0|INFORM|mapping file Line 249: FACTORY_DEF * TeeFactory FACTORY_NAME Junction_Output_5_yLCEKsAmEfI= Feature Counter -1 71 INPUT FEATURE_TYPE Junction_Output_5_yLCEKsAmEfI= NO_LOGGING OUTPUT FEATURE_TYPE * @LogCount(LINK -1 71) (occurrence 24 of 30 for keyword 'FACTORY_DEF')
2024-06-27 10:10:15|   0.0|  0.0|INFORM|mapping file Line 250: FACTORY_DEF * TeeFactory FACTORY_NAME Junction_Output_6_LwvctJSg5DQ= Feature Counter -1 75 INPUT FEATURE_TYPE Junction_Output_6_LwvctJSg5DQ= NO_LOGGING OUTPUT FEATURE_TYPE * @LogCount(LINK -1 75) (occurrence 25 of 30 for keyword 'FACTORY_DEF')
2024-06-27 10:10:15|   0.0|  0.0|INFORM|mapping file Line 251: .metadata XFORMER_BEGIN AttributeCreator;12:Main (occurrence 7 of 8 for keyword '.metadata')
2024-06-27 10:10:15|   0.0|  0.0|INFORM|mapping file Line 252: FACTORY_DEF {*} AttrSetFactory FACTORY_NAME { AttributeCreator } COMMAND_PARM_EVALUATION SINGLE_PASS INPUT FEATURE_TYPE Junction_Output_2_5STlH0pZgCs= MULTI_FEATURE_MODE { NO } NULL_ATTR_MODE { NO_OP } ATTRSET_CREATE_DIRECTIVES _PROPAGATE_MISSING_FDIV ATTR_ACTION {  attribute<opencurly>0<closecurly>.fme_data_type SET_TO fme_varchar<openparen>100<closeparen> } ATTR_ACTION {  attribute<opencurly>0<closecurly>.name SET_TO colonne_A1 } ATTR_ACTION {  attribute<opencurly>1<closecurly>.fme_data_type SET_TO fme_varchar<openparen>100<closeparen> } ATTR_ACTION {  attribute<opencurly>1<closecurly>.name SET_TO colonne_A2 } ATTR_ACTION {  attribute<opencurly>2<closecurly>.fme_data_type SET_TO fme_varchar<openparen>100<closeparen> } ATTR_ACTION {  attribute<opencurly>2<closecurly>.name SET_TO colonne_X } OUTPUT { OUTPUT FEATURE_TYPE AttributeCreator_OUTPUT } (occurrence 26 of 30 for keyword 'FACTORY_DEF')
2024-06-27 10:10:15|   0.0|  0.0|INFORM|mapping file Line 253: FACTORY_DEF {*} RecorderFactory FACTORY_NAME AttributeCreator_OUTPUT Feature Recorder -1 2147614732 INPUT FEATURE_TYPE AttributeCreator_OUTPUT FEATURE_FILE { C:/Users/abazin/AppData/Local/Temp/wb-cache-Tuto - Feature type dynamique et-llufQW/Main_AttributeCreator -1 12 fo 0 OUTPUT  0  7c479cd8308859d7b389ee2443270fb319f46ee4.ffsupdating } MODE RECORD_PASS_THROUGH STORE_SCANNED_SCHEMA YES NORMALIZE_LIST_ATTRIBUTES_ON_SCHEMA YES CREATE_SPATIAL_INDEX YES INSPECTOR YES RECORD_DIRECTLY_TO_DISK YES FSC_SCHEMA { colonne_A1,uint8,colonne_A2,buffer,colonne_X,buffer,attribute<opencurly><closecurly>.fme_data_type,varchar<openparen>200<closeparen>,colonne_B1,uint8,attribute<opencurly><closecurly>.name,varchar<openparen>200<closeparen>,colonne_B2,buffer,fme_feature_type,varchar<openparen>200<closeparen> } FEAT_TYPE_DISPLAY_NAME { AttributeCreator:<space>Output } STORE_SCANNED_METADATA PASS_THROUGH_FME_TYPE LARGE_GEOMETRY_DATA_STORAGE REFERENCE NO_LOGGING OUTPUT RECORDED FEATURE_TYPE * (occurrence 27 of 30 for keyword 'FACTORY_DEF')
2024-06-27 10:10:15|   0.0|  0.0|INFORM|mapping file Line 254: .metadata XFORMER_END AttributeCreator;12:Main (occurrence 8 of 8 for keyword '.metadata')
2024-06-27 10:10:15|   0.0|  0.0|INFORM|mapping file Line 255: FACTORY_DEF * TeeFactory FACTORY_NAME AttributeCreator_OUTPUT Feature Counter -1 44 INPUT FEATURE_TYPE AttributeCreator_OUTPUT NO_LOGGING OUTPUT FEATURE_TYPE * @LogCount(LINK -1 44) (occurrence 28 of 30 for keyword 'FACTORY_DEF')
2024-06-27 10:10:15|   0.0|  0.0|INFORM|mapping file Line 256: FACTORY_DEF * RoutingFactory FACTORY_NAME Destination Feature Type Routing Correlator COMMAND_PARM_EVALUATION SINGLE_PASS INPUT FEATURE_TYPE * ROUTE FME_GENERIC Junction_Output_1_BEaTyY2B6+U= TO CSV2 __GO_TO_FINAL_OUTPUT_ROUTER__ multi_writer_id,0,__wb_out_feat_type__,__nuke_me__ GEOMETRY ROUTE FME_GENERIC Junction_Output_5_yLCEKsAmEfI= TO CSV2 __GO_TO_FINAL_OUTPUT_ROUTER__ multi_writer_id,0,__wb_out_feat_type__,__nuke_me__ GEOMETRY ROUTE FME_GENERIC AttributeCreator_OUTPUT TO CSV2 __GO_TO_FINAL_OUTPUT_ROUTER__ multi_writer_id,0,__wb_out_feat_type__,__nuke_me__ GEOMETRY ROUTE FME_GENERIC Junction_Output_6_LwvctJSg5DQ= TO CSV2 __GO_TO_FINAL_OUTPUT_ROUTER__ multi_writer_id,0,__wb_out_feat_type__,__nuke_me__ GEOMETRY FEATURE_TYPE_ATTRIBUTE __wb_out_feat_type__ OUTPUT ROUTED FEATURE_TYPE * OUTPUT NOT_ROUTED FEATURE_TYPE __nuke_me__ @Tcl2(FME_StatMessage 818059 [FME_GetAttribute fme_template_feature_type] 818060 818061 fme_warn) (occurrence 29 of 30 for keyword 'FACTORY_DEF')
2024-06-27 10:10:15|   0.0|  0.0|INFORM|mapping file Line 257: FACTORY_DEF * TeeFactory FACTORY_NAME Final Output Nuker INPUT FEATURE_TYPE __nuke_me__ (occurrence 30 of 30 for keyword 'FACTORY_DEF')
2024-06-27 10:10:15|   0.0|  0.0|INFORM|mapping file Line 258: FME_USER_PYTHON No
2024-06-27 10:10:15|   0.0|  0.0|INFORM|mapping file Line 259: LOG_TIMINGS YES
2024-06-27 10:10:15|   0.0|  0.0|INFORM|mapping file Line 260: LogCountServerName 63967
2024-06-27 10:10:15|   0.0|  0.0|INFORM|mapping file Line 261: LOG_STANDARDOUT No
2024-06-27 10:10:15|   0.0|  0.0|INFORM|mapping file Line 262: WORKBENCH_LOG_SERVER 62526
2024-06-27 10:10:15|   0.0|  0.0|INFORM|mapping file Line 263: FME_HOME C:\Program Files\FME\FME_2024.0.3\
2024-06-27 10:10:15|   0.0|  0.0|INFORM|Creating writer for format: 
2024-06-27 10:10:15|   0.0|  0.0|INFORM|Creating reader for format: 
2024-06-27 10:10:15|   0.0|  0.0|INFORM|MULTI_READER(MULTI_READER): Will fail with first member reader failure
2024-06-27 10:10:15|   0.0|  0.0|INFORM|MULTI_READER(MULTI_READER): Adding CSV2 Reader with keyword CSV2_1
2024-06-27 10:10:15|   0.0|  0.0|INFORM|Using Multi Reader with keyword `MULTI_READER' to read multiple datasets
2024-06-27 10:10:16|   0.0|  0.0|INFORM|FME Configuration: Reading 2 dataset(s) with CSV2 reader identified by CSV2_1
2024-06-27 10:10:16|   0.0|  0.0|INFORM|Creating reader for format: CSV (Comma Separated Value)
2024-06-27 10:10:16|   0.0|  0.0|INFORM|MULTI_READER(CSV2_1): Will continue past member reader failures
2024-06-27 10:10:16|   0.0|  0.0|INFORM|MULTI_READER(CSV2_1): Adding CSV2 Reader with keyword CSV2_1
2024-06-27 10:10:16|   0.0|  0.0|INFORM|Using Multi Reader with keyword `CSV2_1' to read multiple datasets
2024-06-27 10:10:16|   0.0|  0.0|INFORM|Creating reader for format: CSV (Comma Separated Value)
2024-06-27 10:10:16|   0.0|  0.0|INFORM|Trying to find a DYNAMIC plugin for reader named `CSV2'
2024-06-27 10:10:16|   0.0|  0.0|INFORM|Loaded module 'CSV2' from file 'C:\Program Files\FME\FME_2024.0.3\plugins/CSV2.dll'
2024-06-27 10:10:16|   0.0|  0.0|INFORM|FME API version of module 'CSV2' matches current internal version (4.0 20240212)
2024-06-27 10:10:16|   0.0|  0.0|INFORM|CSV reader: Opening dataset 'C:\Users\abazin\Documents\1 - BG\FME\Formation\Tutoriels\Tuto - Feature type dynamique et gestion du schema\data_input\data_input - table A.csv'
2024-06-27 10:10:16|   0.0|  0.0|INFORM|CSV reader: Directive '_DELIMITER' has the value 'auto'
2024-06-27 10:10:16|   0.0|  0.0|INFORM|CSV reader: Directive '_FIELD_NAMES_LINE' has the value '1'
2024-06-27 10:10:16|   0.0|  0.0|INFORM|CSV reader: Directive '_DATA_START_LINE' has the value '2'
2024-06-27 10:10:16|   0.0|  0.0|INFORM|CSV reader: Directive '_SCAN_MAX_ROWS' has the value '10000'
2024-06-27 10:10:16|   0.0|  0.0|INFORM|CSV reader: Directive '_READ_SKIPPED_LINES' has the value 'No'
2024-06-27 10:10:16|   0.0|  0.0|INFORM|CSV reader: Directive '_ENCODING' has the value 'windows-1252'
2024-06-27 10:10:16|   0.0|  0.0|INFORM|CSV reader: Directive 'FME_NAMES_ENCODING' has the value 'windows-1252'
2024-06-27 10:10:16|   0.0|  0.0|INFORM|CSV reader: Directive '_SKIP_DUPLICATE_DELIMITERS' has the value 'No'
2024-06-27 10:10:16|   0.0|  0.0|INFORM|CSV reader: Directive '_FIELD_QUALIFIER_CHARACTER' has the value '"'
2024-06-27 10:10:16|   0.0|  0.0|INFORM|CSV reader: Directive '_FIELD_QUALIFIER_ESCAPE_CHARACTER' has the value '"'
2024-06-27 10:10:16|   0.0|  0.0|INFORM|CSV reader: Directive '_TRIM_FIELD_NAME_QUALIFIERS' has the value 'Yes'
2024-06-27 10:10:16|   0.0|  0.0|INFORM|CSV reader: Directive '_TRIM_FIELD_VALUE_QUALIFIERS' has the value 'Yes'
2024-06-27 10:10:16|   0.0|  0.0|INFORM|CSV reader: Directive '_PRESERVE_SOURCE_ENCODING' has the value 'No'
2024-06-27 10:10:16|   0.0|  0.0|INFORM|CSV reader: Directive '_CASE_SENSITIVE_FIELD_NAMES' has the value 'Yes'
2024-06-27 10:10:16|   0.0|  0.0|INFORM|CSV reader: Directive '_ENFORCE_STRICT_SCHEMA' has the value 'No'
2024-06-27 10:10:16|   0.0|  0.0|INFORM|CSV reader: Directive '_SCAN_TYPES' has the value 'Yes'
2024-06-27 10:10:16|   0.0|  0.0|INFORM|CSV reader: Directive '_SCAN_ADDITIONAL_FIELDS' has the value 'No'
2024-06-27 10:10:16|   0.0|  0.0|INFORM|CSV reader: Directive '_CHUNK_SIZE' has the value '100000'
2024-06-27 10:10:16|   0.0|  0.0|INFORM|Using MultiWriter with keyword `PRIMARY_DEST' to output data (ID_ATTRIBUTE is `multi_writer_id')
2024-06-27 10:10:16|   0.0|  0.0|INFORM|Writer output will be ordered by value of multi_writer_id
2024-06-27 10:10:16|   0.0|  0.0|INFORM|Loaded module 'LogCount_func' from file 'C:\Program Files\FME\FME_2024.0.3\plugins/LogCount_func.dll'
2024-06-27 10:10:16|   0.0|  0.0|INFORM|FME API version of module 'LogCount_func' matches current internal version (4.0 20240212)
2024-06-27 10:10:16|   0.0|  0.0|ERROR |BADNEWS: Cannot convert null string into an integer
2024-06-27 10:10:16|   0.0|  0.0|ERROR |(D:\code\fme\source\engine\core\stf\stfutil.cpp:330) class StatusInfo __cdecl STF_stringToUInt(const class ObsoleteString &,unsigned int &)
2024-06-27 10:10:16|   0.1|  0.1|ERROR |... Last 2 lines repeated 8 times ...
2024-06-27 10:10:16|   0.1|  0.0|INFORM|Creating reader for format: CSV (Comma Separated Value)
2024-06-27 10:10:16|   0.1|  0.0|INFORM|Trying to find a DYNAMIC plugin for reader named `CSV2'
2024-06-27 10:10:16|   0.1|  0.0|INFORM|CSV reader: Opening dataset 'C:\Users\abazin\Documents\1 - BG\FME\Formation\Tutoriels\Tuto - Feature type dynamique et gestion du schema\data_input\data_input - table B.csv'
2024-06-27 10:10:16|   0.1|  0.0|INFORM|CSV reader: Directive '_DELIMITER' has the value 'auto'
2024-06-27 10:10:16|   0.1|  0.0|INFORM|CSV reader: Directive '_FIELD_NAMES_LINE' has the value '1'
2024-06-27 10:10:16|   0.1|  0.0|INFORM|CSV reader: Directive '_DATA_START_LINE' has the value '2'
2024-06-27 10:10:16|   0.1|  0.0|INFORM|CSV reader: Directive '_SCAN_MAX_ROWS' has the value '10000'
2024-06-27 10:10:16|   0.1|  0.0|INFORM|CSV reader: Directive '_READ_SKIPPED_LINES' has the value 'No'
2024-06-27 10:10:16|   0.1|  0.0|INFORM|CSV reader: Directive '_ENCODING' has the value 'windows-1252'
2024-06-27 10:10:16|   0.1|  0.0|INFORM|CSV reader: Directive 'FME_NAMES_ENCODING' has the value 'windows-1252'
2024-06-27 10:10:16|   0.1|  0.0|INFORM|CSV reader: Directive '_SKIP_DUPLICATE_DELIMITERS' has the value 'No'
2024-06-27 10:10:16|   0.1|  0.0|INFORM|CSV reader: Directive '_FIELD_QUALIFIER_CHARACTER' has the value '"'
2024-06-27 10:10:16|   0.1|  0.0|INFORM|CSV reader: Directive '_FIELD_QUALIFIER_ESCAPE_CHARACTER' has the value '"'
2024-06-27 10:10:16|   0.1|  0.0|INFORM|CSV reader: Directive '_TRIM_FIELD_NAME_QUALIFIERS' has the value 'Yes'
2024-06-27 10:10:16|   0.1|  0.0|INFORM|CSV reader: Directive '_TRIM_FIELD_VALUE_QUALIFIERS' has the value 'Yes'
2024-06-27 10:10:16|   0.1|  0.0|INFORM|CSV reader: Directive '_PRESERVE_SOURCE_ENCODING' has the value 'No'
2024-06-27 10:10:16|   0.1|  0.0|INFORM|CSV reader: Directive '_CASE_SENSITIVE_FIELD_NAMES' has the value 'Yes'
2024-06-27 10:10:16|   0.1|  0.0|INFORM|CSV reader: Directive '_ENFORCE_STRICT_SCHEMA' has the value 'No'
2024-06-27 10:10:16|   0.1|  0.0|INFORM|CSV reader: Directive '_SCAN_TYPES' has the value 'Yes'
2024-06-27 10:10:16|   0.1|  0.0|INFORM|CSV reader: Directive '_SCAN_ADDITIONAL_FIELDS' has the value 'No'
2024-06-27 10:10:16|   0.1|  0.0|INFORM|CSV reader: Directive '_CHUNK_SIZE' has the value '100000'
2024-06-27 10:10:17|   0.1|  0.0|ERROR |BADNEWS: Cannot convert null string into an integer
2024-06-27 10:10:17|   0.1|  0.0|ERROR |(D:\code\fme\source\engine\core\stf\stfutil.cpp:330) class StatusInfo __cdecl STF_stringToUInt(const class ObsoleteString &,unsigned int &)
2024-06-27 10:10:17|   0.1|  0.0|ERROR |... Last 2 lines repeated 8 times ...
2024-06-27 10:10:17|   0.1|  0.0|INFORM|MULTI_READER(CSV2_1): Done reading 6 features from 2 readers
2024-06-27 10:10:17|   0.1|  0.0|INFORM|MULTI_READER(MULTI_READER): Done reading 6 features from 1 readers
2024-06-27 10:10:17|   0.1|  0.0|INFORM|Emptying factory pipeline
2024-06-27 10:10:17|   0.1|  0.0|STATS |Router and Unexpected Input Remover (RoutingFactory): Tested 6 input feature(s), wrote 6 output feature(s): 6 matched merge filters, 6 were routed to output, 0 could not be routed.
2024-06-27 10:10:17|   0.1|  0.0|STATS |Unwanted Router Input Nuker (TeeFactory): Cloned 0 input feature(s) into 0 output feature(s)
2024-06-27 10:10:17|   0.1|  0.0|STATS |data_input - table A_CSV2_3 Splitter (TeeFactory): Cloned 0 input feature(s) into 0 output feature(s)
2024-06-27 10:10:17|   0.1|  0.0|STATS |data_input - table A_CSV2_1 Splitter (TeeFactory): Cloned 3 input feature(s) into 3 output feature(s)
2024-06-27 10:10:17|   0.1|  0.0|STATS |data_input - table B_CSV2_1 Splitter (TeeFactory): Cloned 3 input feature(s) into 3 output feature(s)
2024-06-27 10:10:17|   0.1|  0.0|STATS |AttributeExposer (TeeFactory): Cloned 6 input feature(s) into 6 output feature(s)
2024-06-27 10:10:17|   0.1|  0.0|STATS |Junction (TeeFactory): Cloned 6 input feature(s) into 6 output feature(s)
2024-06-27 10:10:17|   0.1|  0.0|STATS |Junction Output Splitter (TeeFactory): Cloned 6 input feature(s) into 42 output feature(s)
2024-06-27 10:10:17|   0.1|  0.0|STATS |Destination Feature Type Routing Correlator (RoutingFactory): Tested 42 input feature(s), wrote 42 output feature(s): 0 matched merge filters, 24 were routed to output, 18 could not be routed.
2024-06-27 10:10:17|   0.1|  0.0|STATS |Final Output Nuker (TeeFactory): Cloned 42 input feature(s) into 0 output feature(s)
2024-06-27 10:10:17|   0.1|  0.0|WARN  |=-=-=-=-=-=-=-=-=-=-=-=-=-=-=-=-=-=-=-=-=-=-=-=-=-=-=-=-=-=-=-=-=-=-=-=-=-=-=-
2024-06-27 10:10:17|   0.1|  0.0|WARN  |      Features not written - verify feature type fanout/dynamic settings
2024-06-27 10:10:17|   0.1|  0.0|WARN  |=-=-=-=-=-=-=-=-=-=-=-=-=-=-=-=-=-=-=-=-=-=-=-=-=-=-=-=-=-=-=-=-=-=-=-=-=-=-=-
2024-06-27 10:10:17|   0.1|  0.0|WARN  |  (Check that fanout/dynamic feature type attribute exists and has a value)
2024-06-27 10:10:17|   0.1|  0.0|WARN  |=-=-=-=-=-=-=-=-=-=-=-=-=-=-=-=-=-=-=-=-=-=-=-=-=-=-=-=-=-=-=-=-=-=-=-=-=-=-=-
2024-06-27 10:10:17|   0.1|  0.0|WARN  |                                                                            18
2024-06-27 10:10:17|   0.1|  0.0|WARN  |==============================================================================
2024-06-27 10:10:17|   0.1|  0.0|WARN  |Total features not written                                                  18
2024-06-27 10:10:17|   0.1|  0.0|WARN  |=-=-=-=-=-=-=-=-=-=-=-=-=-=-=-=-=-=-=-=-=-=-=-=-=-=-=-=-=-=-=-=-=-=-=-=-=-=-=-
2024-06-27 10:10:17|   0.1|  0.0|STATS |=-=-=-=-=-=-=-=-=-=-=-=-=-=-=-=-=-=-=-=-=-=-=-=-=-=-=-=-=-=-=-=-=-=-=-=-=-=-=-
2024-06-27 10:10:17|   0.1|  0.0|STATS |                            Features Read Summary
2024-06-27 10:10:17|   0.1|  0.0|STATS |=-=-=-=-=-=-=-=-=-=-=-=-=-=-=-=-=-=-=-=-=-=-=-=-=-=-=-=-=-=-=-=-=-=-=-=-=-=-=-
2024-06-27 10:10:17|   0.1|  0.0|STATS |data_input - table A                                                         3
2024-06-27 10:10:17|   0.1|  0.0|STATS |data_input - table B                                                         3
2024-06-27 10:10:17|   0.1|  0.0|STATS |==============================================================================
2024-06-27 10:10:17|   0.1|  0.0|STATS |Total Features Read                                                          6
2024-06-27 10:10:17|   0.1|  0.0|STATS |=-=-=-=-=-=-=-=-=-=-=-=-=-=-=-=-=-=-=-=-=-=-=-=-=-=-=-=-=-=-=-=-=-=-=-=-=-=-=-
2024-06-27 10:10:17|   0.1|  0.0|STATS |=-=-=-=-=-=-=-=-=-=-=-=-=-=-=-=-=-=-=-=-=-=-=-=-=-=-=-=-=-=-=-=-=-=-=-=-=-=-=-
2024-06-27 10:10:17|   0.1|  0.0|STATS |                           Features Written Summary
2024-06-27 10:10:17|   0.1|  0.0|STATS |=-=-=-=-=-=-=-=-=-=-=-=-=-=-=-=-=-=-=-=-=-=-=-=-=-=-=-=-=-=-=-=-=-=-=-=-=-=-=-
2024-06-27 10:10:17|   0.1|  0.0|STATS |==============================================================================
2024-06-27 10:10:17|   0.1|  0.0|STATS |Total Features Written                                                       0
2024-06-27 10:10:17|   0.1|  0.0|STATS |=-=-=-=-=-=-=-=-=-=-=-=-=-=-=-=-=-=-=-=-=-=-=-=-=-=-=-=-=-=-=-=-=-=-=-=-=-=-=-
2024-06-27 10:10:17|   0.1|  0.0|WARN  |-~-~-~-~-~-~-~-~-~-~-~-~-~-~-~-~-~-~-~-~-~-~-~-~-~-~-~-~-~-~-~-~-~-~-~-~-~-~-~-~-
2024-06-27 10:10:17|   0.1|  0.0|WARN  |-~                                                                             ~-
2024-06-27 10:10:17|   0.1|  0.0|WARN  |-~    Feature caches have been recorded at every stage of the translation.     ~-
2024-06-27 10:10:17|   0.1|  0.0|WARN  |-~                      To inspect the recorded features,                      ~-
2024-06-27 10:10:17|   0.1|  0.0|WARN  |-~              click the feature cache icons next to the ports.               ~-
2024-06-27 10:10:17|   0.1|  0.0|WARN  |-~                                                                             ~-
2024-06-27 10:10:17|   0.1|  0.0|WARN  |-~-~-~-~-~-~-~-~-~-~-~-~-~-~-~-~-~-~-~-~-~-~-~-~-~-~-~-~-~-~-~-~-~-~-~-~-~-~-~-~-
2024-06-27 10:10:17|   0.1|  0.0|INFORM|Translation was SUCCESSFUL with 16 warning(s) (0 feature(s) output)
2024-06-27 10:10:17|   0.1|  0.0|INFORM|FME Session Duration: 1.4 seconds. (CPU: 0.0s user, 0.1s system)
2024-06-27 10:10:17|   0.1|  0.0|INFORM|END - ProcessID: 18584, peak process memory usage: 77096 kB, current process memory usage: 60688 kB
